[I 2026-08-10 15:56:53,170] Trial 60 finished with value: -103.87517111151253 and parameters: {'mu_one_class': 30, 'mu_sc_first_last_class': 1.9000000000000001, 'mu_sc_column_one': 19, 'mu_sc_change_class': 20, 'mu_mon': 0.30000000000000004, 'mu_conc': 0.2, 'mu_thr': 0.2}. Best is trial 35 with value: -880.4746285208948.

Computing using 10 core...
[I 2026-08-10 15:57:25,590] Trial 61 finished with value: -827.4746285208912 and parameters: {'mu_one_class': 30, 'mu_sc_first_last_class': 1.8, 'mu_sc_column_one': 19, 'mu_sc_change_class': 20, 'mu_mon': 0.2, 'mu_conc': 0.2, 'mu_thr': 0.1}. Best is trial 35 with value: -880.4746285208948.

Computing using 10 core...
[I 2026-08-10 15:57:57,711] Trial 62 finished with value: -827.4746285208912 and parameters: {'mu_one_class': 30, 'mu_sc_first_last_class': 1.8, 'mu_sc_column_one': 19, 'mu_sc_change_class': 20, 'mu_mon': 0.2, 'mu_conc': 0.2, 'mu_thr': 0.1}. Best is trial 35 with value: -880.4746285208948.

Computing using 10 core...
[I 2026-08-10 15:58:29,938] Trial 63 finished with value: -827.4746285208912 and parameters: {'mu_one_class': 30, 'mu_sc_first_last_class': 1.8, 'mu_sc_column_one': 19, 'mu_sc_change_class': 20, 'mu_mon': 0.2, 'mu_conc': 0.2, 'mu_thr': 0.1}. Best is trial 35 with value: -880.4746285208948.

Computing using 10 core...
[I 2026-08-10 15:59:02,318] Trial 64 finished with value: -827.4746285208912 and parameters: {'mu_one_class': 30, 'mu_sc_first_last_class': 1.8, 'mu_sc_column_one': 19, 'mu_sc_change_class': 20, 'mu_mon': 0.2, 'mu_conc': 0.2, 'mu_thr': 0.1}. Best is trial 35 with value: -880.4746285208948.

Computing using 10 core...
[I 2026-08-10 15:59:34,390] Trial 65 finished with value: -827.4746285208912 and parameters: {'mu_one_class': 30, 'mu_sc_first_last_class': 1.8, 'mu_sc_column_one': 19, 'mu_sc_change_class': 20, 'mu_mon': 0.2, 'mu_conc': 0.2, 'mu_thr': 0.1}. Best is trial 35 with value: -880.4746285208948.

Computing using 10 core...
[I 2026-08-10 16:00:06,793] Trial 66 finished with value: -713.1490970374858 and parameters: {'mu_one_class': 30, 'mu_sc_first_last_class': 1.8, 'mu_sc_column_one': 18, 'mu_sc_change_class': 20, 'mu_mon': 0.2, 'mu_conc': 0.4, 'mu_thr': 0.1}. Best is trial 35 with value: -880.4746285208948.

Computing using 10 core...
[I 2026-08-10 16:00:38,962] Trial 67 finished with value: -734.0733633359349 and parameters: {'mu_one_class': 30, 'mu_sc_first_last_class': 1.8, 'mu_sc_column_one': 19, 'mu_sc_change_class': 20, 'mu_mon': 0.30000000000000004, 'mu_conc': 0.2, 'mu_thr': 0.1}. Best is trial 35 with value: -880.4746285208948.

Computing using 10 core...
[I 2026-08-10 16:01:13,652] Trial 68 finished with value: -599.4745385209021 and parameters: {'mu_one_class': 30, 'mu_sc_first_last_class': 1.8, 'mu_sc_column_one': 17, 'mu_sc_change_class': 20, 'mu_mon': 0.2, 'mu_conc': 0.2, 'mu_thr': 0.1}. Best is trial 35 with value: -880.4746285208948.

Computing using 10 core...
[I 2026-08-10 16:01:46,693] Trial 69 finished with value: -827.4746185208912 and parameters: {'mu_one_class': 30, 'mu_sc_first_last_class': 1.9000000000000001, 'mu_sc_column_one': 19, 'mu_sc_change_class': 20, 'mu_mon': 0.2, 'mu_conc': 0.2, 'mu_thr': 0.1}. Best is trial 35 with value: -880.4746285208948.

Computing using 10 core...
[I 2026-08-10 16:02:18,922] Trial 70 finished with value: -713.4745885209004 and parameters: {'mu_one_class': 30, 'mu_sc_first_last_class': 1.8, 'mu_sc_column_one': 18, 'mu_sc_change_class': 20, 'mu_mon': 0.2, 'mu_conc': 0.2, 'mu_thr': 0.1}. Best is trial 35 with value: -880.4746285208948.

Computing using 10 core...
[I 2026-08-10 16:02:51,052] Trial 71 finished with value: -827.4746285208912 and parameters: {'mu_one_class': 30, 'mu_sc_first_last_class': 1.8, 'mu_sc_column_one': 19, 'mu_sc_change_class': 20, 'mu_mon': 0.2, 'mu_conc': 0.2, 'mu_thr': 0.1}. Best is trial 35 with value: -880.4746285208948.

Computing using 10 core...
[I 2026-08-10 16:03:23,205] Trial 72 finished with value: -827.4746285208912 and parameters: {'mu_one_class': 30, 'mu_sc_first_last_class': 1.8, 'mu_sc_column_one': 19, 'mu_sc_change_class': 20, 'mu_mon': 0.2, 'mu_conc': 0.2, 'mu_thr': 0.1}. Best is trial 35 with value: -880.4746285208948.

Computing using 10 core...
[I 2026-08-10 16:04:06,870] Trial 73 finished with value: -827.4746285208912 and parameters: {'mu_one_class': 30, 'mu_sc_first_last_class': 1.8, 'mu_sc_column_one': 19, 'mu_sc_change_class': 20, 'mu_mon': 0.2, 'mu_conc': 0.2, 'mu_thr': 0.1}. Best is trial 35 with value: -880.4746285208948.

Computing using 10 core...
[I 2026-08-10 16:04:38,897] Trial 74 finished with value: -827.4746285208912 and parameters: {'mu_one_class': 30, 'mu_sc_first_last_class': 1.8, 'mu_sc_column_one': 19, 'mu_sc_change_class': 20, 'mu_mon': 0.2, 'mu_conc': 0.2, 'mu_thr': 0.1}. Best is trial 35 with value: -880.4746285208948.

Computing using 10 core...
[I 2026-08-10 16:05:23,499] Trial 75 finished with value: -827.4746285208912 and parameters: {'mu_one_class': 30, 'mu_sc_first_last_class': 1.8, 'mu_sc_column_one': 19, 'mu_sc_change_class': 20, 'mu_mon': 0.2, 'mu_conc': 0.2, 'mu_thr': 0.1}. Best is trial 35 with value: -880.4746285208948.

Computing using 10 core...
[I 2026-08-10 16:05:56,053] Trial 76 finished with value: -827.4746285208912 and parameters: {'mu_one_class': 30, 'mu_sc_first_last_class': 1.8, 'mu_sc_column_one': 19, 'mu_sc_change_class': 20, 'mu_mon': 0.2, 'mu_conc': 0.2, 'mu_thr': 0.1}. Best is trial 35 with value: -880.4746285208948.

Computing using 10 core...
[I 2026-08-10 16:06:29,260] Trial 77 finished with value: -713.4745885209004 and parameters: {'mu_one_class': 30, 'mu_sc_first_last_class': 1.8, 'mu_sc_column_one': 18, 'mu_sc_change_class': 20, 'mu_mon': 0.2, 'mu_conc': 0.2, 'mu_thr': 0.1}. Best is trial 35 with value: -880.4746285208948.

Computing using 10 core...
[I 2026-08-10 16:07:02,597] Trial 78 finished with value: -734.0733633359349 and parameters: {'mu_one_class': 30, 'mu_sc_first_last_class': 1.8, 'mu_sc_column_one': 19, 'mu_sc_change_class': 20, 'mu_mon': 0.30000000000000004, 'mu_conc': 0.2, 'mu_thr': 0.1}. Best is trial 35 with value: -880.4746285208948.

Computing using 10 core...
[I 2026-08-10 16:07:34,702] Trial 79 finished with value: -595.4746085209576 and parameters: {'mu_one_class': 34, 'mu_sc_first_last_class': 1.9000000000000001, 'mu_sc_column_one': 19, 'mu_sc_change_class': 20, 'mu_mon': 0.2, 'mu_conc': 0.2, 'mu_thr': 0.1}. Best is trial 35 with value: -880.4746285208948.

Computing using 10 core...
[I 2026-08-10 16:08:19,414] Trial 80 finished with value: -827.4746285208912 and parameters: {'mu_one_class': 30, 'mu_sc_first_last_class': 1.8, 'mu_sc_column_one': 19, 'mu_sc_change_class': 20, 'mu_mon': 0.2, 'mu_conc': 0.2, 'mu_thr': 0.1}. Best is trial 35 with value: -880.4746285208948.

Computing using 10 core...
[I 2026-08-10 16:08:51,519] Trial 81 finished with value: -827.4746285208912 and parameters: {'mu_one_class': 30, 'mu_sc_first_last_class': 1.8, 'mu_sc_column_one': 19, 'mu_sc_change_class': 20, 'mu_mon': 0.2, 'mu_conc': 0.2, 'mu_thr': 0.1}. Best is trial 35 with value: -880.4746285208948.

Computing using 10 core...
[I 2026-08-10 16:09:23,581] Trial 82 finished with value: -827.4746285208912 and parameters: {'mu_one_class': 30, 'mu_sc_first_last_class': 1.8, 'mu_sc_column_one': 19, 'mu_sc_change_class': 20, 'mu_mon': 0.2, 'mu_conc': 0.2, 'mu_thr': 0.1}. Best is trial 35 with value: -880.4746285208948.

Computing using 10 core...
[I 2026-08-10 16:09:55,613] Trial 83 finished with value: -827.4746285208912 and parameters: {'mu_one_class': 30, 'mu_sc_first_last_class': 1.8, 'mu_sc_column_one': 19, 'mu_sc_change_class': 20, 'mu_mon': 0.2, 'mu_conc': 0.2, 'mu_thr': 0.1}. Best is trial 35 with value: -880.4746285208948.

Computing using 10 core...
[I 2026-08-10 16:10:28,825] Trial 84 finished with value: -713.4745885209004 and parameters: {'mu_one_class': 30, 'mu_sc_first_last_class': 1.8, 'mu_sc_column_one': 18, 'mu_sc_change_class': 20, 'mu_mon': 0.2, 'mu_conc': 0.2, 'mu_thr': 0.1}. Best is trial 35 with value: -880.4746285208948.

Computing using 10 core...
[I 2026-08-10 16:11:12,110] Trial 85 finished with value: -766.4746885209022 and parameters: {'mu_one_class': 30, 'mu_sc_first_last_class': 1.8, 'mu_sc_column_one': 19, 'mu_sc_change_class': 19, 'mu_mon': 0.2, 'mu_conc': 0.2, 'mu_thr': 0.1}. Best is trial 35 with value: -880.4746285208948.

Computing using 10 core...
[I 2026-08-10 16:11:44,276] Trial 86 finished with value: -880.4746285208948 and parameters: {'mu_one_class': 30, 'mu_sc_first_last_class': 1.8, 'mu_sc_column_one': 20, 'mu_sc_change_class': 19, 'mu_mon': 0.2, 'mu_conc': 0.2, 'mu_thr': 0.1}. Best is trial 35 with value: -880.4746285208948.

Computing using 10 core...
[I 2026-08-10 16:12:16,382] Trial 87 finished with value: -880.1490970375158 and parameters: {'mu_one_class': 30, 'mu_sc_first_last_class': 1.8, 'mu_sc_column_one': 20, 'mu_sc_change_class': 19, 'mu_mon': 0.2, 'mu_conc': 0.4, 'mu_thr': 0.1}. Best is trial 35 with value: -880.4746285208948.

Computing using 10 core...
[I 2026-08-10 16:12:48,459] Trial 88 finished with value: -880.1490970375158 and parameters: {'mu_one_class': 30, 'mu_sc_first_last_class': 1.8, 'mu_sc_column_one': 20, 'mu_sc_change_class': 19, 'mu_mon': 0.2, 'mu_conc': 0.4, 'mu_thr': 0.1}. Best is trial 35 with value: -880.4746285208948.

Computing using 10 core...
[I 2026-08-10 16:13:21,048] Trial 89 finished with value: -786.7467366670744 and parameters: {'mu_one_class': 30, 'mu_sc_first_last_class': 1.8, 'mu_sc_column_one': 20, 'mu_sc_change_class': 19, 'mu_mon': 0.30000000000000004, 'mu_conc': 0.4, 'mu_thr': 0.1}. Best is trial 35 with value: -880.4746285208948.

Computing using 10 core...
[I 2026-08-10 16:13:52,996] Trial 90 finished with value: -880.1490970375158 and parameters: {'mu_one_class': 30, 'mu_sc_first_last_class': 1.8, 'mu_sc_column_one': 20, 'mu_sc_change_class': 19, 'mu_mon': 0.2, 'mu_conc': 0.4, 'mu_thr': 0.1}. Best is trial 35 with value: -880.4746285208948.

Computing using 10 core...
[I 2026-08-10 16:14:40,113] Trial 91 finished with value: -880.1490970375158 and parameters: {'mu_one_class': 30, 'mu_sc_first_last_class': 1.8, 'mu_sc_column_one': 20, 'mu_sc_change_class': 19, 'mu_mon': 0.2, 'mu_conc': 0.4, 'mu_thr': 0.1}. Best is trial 35 with value: -880.4746285208948.

Computing using 10 core...
[I 2026-08-10 16:15:14,139] Trial 92 finished with value: -880.1490970375158 and parameters: {'mu_one_class': 30, 'mu_sc_first_last_class': 1.8, 'mu_sc_column_one': 20, 'mu_sc_change_class': 19, 'mu_mon': 0.2, 'mu_conc': 0.4, 'mu_thr': 0.1}. Best is trial 35 with value: -880.4746285208948.

Computing using 10 core...
[I 2026-08-10 16:15:47,144] Trial 93 finished with value: -880.1490970375158 and parameters: {'mu_one_class': 30, 'mu_sc_first_last_class': 1.8, 'mu_sc_column_one': 20, 'mu_sc_change_class': 19, 'mu_mon': 0.2, 'mu_conc': 0.4, 'mu_thr': 0.1}. Best is trial 35 with value: -880.4746285208948.

Computing using 10 core...
[I 2026-08-10 16:16:20,196] Trial 94 finished with value: -880.1490970375158 and parameters: {'mu_one_class': 30, 'mu_sc_first_last_class': 1.8, 'mu_sc_column_one': 20, 'mu_sc_change_class': 19, 'mu_mon': 0.2, 'mu_conc': 0.4, 'mu_thr': 0.1}. Best is trial 35 with value: -880.4746285208948.

Computing using 10 core...
[I 2026-08-10 16:16:53,098] Trial 95 finished with value: -880.1491670375159 and parameters: {'mu_one_class': 30, 'mu_sc_first_last_class': 2.1, 'mu_sc_column_one': 20, 'mu_sc_change_class': 19, 'mu_mon': 0.2, 'mu_conc': 0.4, 'mu_thr': 0.1}. Best is trial 35 with value: -880.4746285208948.

Computing using 10 core...
[I 2026-08-10 16:17:28,694] Trial 96 finished with value: -880.1491670375159 and parameters: {'mu_one_class': 30, 'mu_sc_first_last_class': 2.1, 'mu_sc_column_one': 20, 'mu_sc_change_class': 19, 'mu_mon': 0.2, 'mu_conc': 0.4, 'mu_thr': 0.1}. Best is trial 35 with value: -880.4746285208948.

Computing using 10 core...
[I 2026-08-10 16:18:00,839] Trial 97 finished with value: -880.1491670375159 and parameters: {'mu_one_class': 30, 'mu_sc_first_last_class': 2.1, 'mu_sc_column_one': 20, 'mu_sc_change_class': 19, 'mu_mon': 0.2, 'mu_conc': 0.4, 'mu_thr': 0.1}. Best is trial 35 with value: -880.4746285208948.

Computing using 10 core...
[I 2026-08-10 16:18:32,809] Trial 98 finished with value: -880.1491670375159 and parameters: {'mu_one_class': 30, 'mu_sc_first_last_class': 2.1, 'mu_sc_column_one': 20, 'mu_sc_change_class': 19, 'mu_mon': 0.2, 'mu_conc': 0.4, 'mu_thr': 0.1}. Best is trial 35 with value: -880.4746285208948.

Computing using 10 core...
[I 2026-08-10 16:19:04,905] Trial 99 finished with value: -880.1491670375159 and parameters: {'mu_one_class': 30, 'mu_sc_first_last_class': 2.1, 'mu_sc_column_one': 20, 'mu_sc_change_class': 19, 'mu_mon': 0.2, 'mu_conc': 0.4, 'mu_thr': 0.1}. Best is trial 35 with value: -880.4746285208948.
{'mu_one_class': 30, 'mu_sc_first_last_class': 1.8, 'mu_sc_column_one': 20, 'mu_sc_change_class': 19, 'mu_mon': 0.2, 'mu_conc': 0.2, 'mu_thr': 0.1} -880.4746285208948

Numero di configurazioni equivalenti: 3

Configurazione #1: value=-880.4746285208948, params={'mu_one_class': 30, 'mu_sc_first_last_class': 1.8, 'mu_sc_column_one': 20, 'mu_sc_change_class': 19, 'mu_mon': 0.2, 'mu_conc': 0.2, 'mu_thr': 0.1}
Configurazione #2: value=-880.4746285208948, params={'mu_one_class': 30, 'mu_sc_first_last_class': 1.8, 'mu_sc_column_one': 20, 'mu_sc_change_class': 19, 'mu_mon': 0.2, 'mu_conc': 0.2, 'mu_thr': 0.1}
Configurazione #3: value=-880.4746285208948, params={'mu_one_class': 30, 'mu_sc_first_last_class': 1.8, 'mu_sc_column_one': 20, 'mu_sc_change_class': 19, 'mu_mon': 0.2, 'mu_conc': 0.2, 'mu_thr': 0.1}
