WARNING: /opt/miniforge3/Linux_x86_64/25.3/etc/profile.d/mamba.sh (the file emitting this warning) is deprecated.
WARNING: This file will be removed on the next release after 30th September 2025.
WARNING: Please use 'mamba shell init' to get the correct initialization for your shell.
WARNING: The MAMBA_ROOT_PREFIX environment variable is not set.
WARNING: This is required for mamba to work correctly as of 2.0.
WARNING: 
WARNING: For now, we are setting 'MAMBA_ROOT_PREFIX' to '/opt/miniforge3/Linux_x86_64/25.3'.
WARNING: 
WARNING: Please make sure this is consistent with your installation or alternatively (by order of preference):
WARNING:   - rerun 'mamba shell init' to initialize mamba for your current shell
WARNING:   - manually set 'MAMBA_ROOT_PREFIX' to the root of your installation in your shell profile script.
WARNING:   - use the '-r,--root-prefix' CLI option when calling mamba.
WARNING: 
WARNING: This message originates from /opt/miniforge3/Linux_x86_64/25.3/etc/profile.d/mamba.sh
[I 2026-08-10 15:20:44,484] A new study created in memory with name: no-name-9ac80164-efad-4c12-a480-a7fa5d9ceb16
PRINTING ALL THE CONFIGURATIONS: 
 - data_source: d_conf_input
 - n_counterpart: 60
 - grades: 4
 - default_prob: 0.1
 - default_module: 1
 - one_indices: [16, 40, 37, 59, 53, 51, 50]
 - data_path: data/dataset-ispq.csv
 - attributes: {'years': [2012, 2015], 'sector': 'no', 'revenue': 'no', 'geo_area': 'no'}
 - solvers: {'brute_force': False, 'dwave_exact': False, 'annealing': True, 'gurobi': False, 'quantum_annealing': False}
 - alpha_concentration: 0.05
 - alpha_heterogeneity: 0.01
 - alpha_homogeneity: 0.05
 - constraints: {'one_class': True, 'logic': True, 'monotonicity': True, 'concentration': True, 'min_thr': True, 'max_thr': True}
 - mu_table: static
 - mu: {'one_class': 30, 'first_last_class': 2.1, 'column_one': 16, 'change_class': 16, 'subm_1000': 1, 'subm_0001': 1, 'subm_0110': 1, 'restart': 1, 'monotonicity': 0.3, 'concentration': 0.2, 'min_thr': 0.1, 'max_thr': 0.1}
 - test: {'logic': True, 'monotonicity': True, 'heterogeneity': True, 'concentration': True, 'min_thr': True, 'max_thr': True, 'homogeneity': True}
 - shots: 500000
 - reads: 50
 - num_trotters: 32
 - gurobi_n_sol: 10
 - gurobi_fidelity: 1

Computing using 10 core...
[I 2026-08-10 15:21:20,346] Trial 0 finished with value: 97.66121221985642 and parameters: {'mu_one_class': 34, 'mu_sc_first_last_class': 2.2, 'mu_sc_column_one': 16, 'mu_sc_change_class': 17, 'mu_mon': 0.4, 'mu_conc': 0.30000000000000004, 'mu_thr': 0.1}. Best is trial 0 with value: 97.66121221985642.

Computing using 10 core...
[I 2026-08-10 15:21:53,782] Trial 1 finished with value: -148.18049444727092 and parameters: {'mu_one_class': 35, 'mu_sc_first_last_class': 2.1, 'mu_sc_column_one': 18, 'mu_sc_change_class': 17, 'mu_mon': 0.30000000000000004, 'mu_conc': 0.2, 'mu_thr': 0.1}. Best is trial 1 with value: -148.18049444727092.

Computing using 10 core...
[I 2026-08-10 15:22:28,382] Trial 2 finished with value: 206.28730333541822 and parameters: {'mu_one_class': 32, 'mu_sc_first_last_class': 2.1, 'mu_sc_column_one': 17, 'mu_sc_change_class': 19, 'mu_mon': 0.2, 'mu_conc': 0.30000000000000004, 'mu_thr': 0.2}. Best is trial 1 with value: -148.18049444727092.

Computing using 10 core...
[I 2026-08-10 15:23:02,555] Trial 3 finished with value: -79.71277666485827 and parameters: {'mu_one_class': 31, 'mu_sc_first_last_class': 1.9000000000000001, 'mu_sc_column_one': 19, 'mu_sc_change_class': 19, 'mu_mon': 0.2, 'mu_conc': 0.30000000000000004, 'mu_thr': 0.2}. Best is trial 1 with value: -148.18049444727092.

Computing using 10 core...
[I 2026-08-10 15:23:34,599] Trial 4 finished with value: -728.7466966670116 and parameters: {'mu_one_class': 31, 'mu_sc_first_last_class': 1.8, 'mu_sc_column_one': 20, 'mu_sc_change_class': 19, 'mu_mon': 0.30000000000000004, 'mu_conc': 0.4, 'mu_thr': 0.1}. Best is trial 4 with value: -728.7466966670116.

Computing using 10 core...
[I 2026-08-10 15:24:07,430] Trial 5 finished with value: -358.3118777785337 and parameters: {'mu_one_class': 31, 'mu_sc_first_last_class': 2.1, 'mu_sc_column_one': 17, 'mu_sc_change_class': 17, 'mu_mon': 0.2, 'mu_conc': 0.30000000000000004, 'mu_thr': 0.1}. Best is trial 4 with value: -728.7466966670116.

Computing using 10 core...
[I 2026-08-10 15:24:40,401] Trial 6 finished with value: -167.28223222503064 and parameters: {'mu_one_class': 33, 'mu_sc_first_last_class': 2.2, 'mu_sc_column_one': 16, 'mu_sc_change_class': 19, 'mu_mon': 0.30000000000000004, 'mu_conc': 0.2, 'mu_thr': 0.1}. Best is trial 4 with value: -728.7466966670116.

Computing using 10 core...
[I 2026-08-10 15:25:13,031] Trial 7 finished with value: -419.4745985209013 and parameters: {'mu_one_class': 31, 'mu_sc_first_last_class': 1.8, 'mu_sc_column_one': 17, 'mu_sc_change_class': 18, 'mu_mon': 0.2, 'mu_conc': 0.2, 'mu_thr': 0.1}. Best is trial 4 with value: -728.7466966670116.

Computing using 10 core...
[I 2026-08-10 15:26:02,150] Trial 8 finished with value: -159.55034222805202 and parameters: {'mu_one_class': 31, 'mu_sc_first_last_class': 1.8, 'mu_sc_column_one': 20, 'mu_sc_change_class': 20, 'mu_mon': 0.30000000000000004, 'mu_conc': 0.4, 'mu_thr': 0.2}. Best is trial 4 with value: -728.7466966670116.

Computing using 10 core...
[I 2026-08-10 15:26:54,480] Trial 9 finished with value: 309.4497377719898 and parameters: {'mu_one_class': 32, 'mu_sc_first_last_class': 2.0, 'mu_sc_column_one': 18, 'mu_sc_change_class': 17, 'mu_mon': 0.30000000000000004, 'mu_conc': 0.4, 'mu_thr': 0.2}. Best is trial 4 with value: -728.7466966670116.

Computing using 10 core...
[I 2026-08-10 15:27:31,814] Trial 10 finished with value: 739.4354255494803 and parameters: {'mu_one_class': 30, 'mu_sc_first_last_class': 1.9000000000000001, 'mu_sc_column_one': 15, 'mu_sc_change_class': 15, 'mu_mon': 0.4, 'mu_conc': 0.4, 'mu_thr': 0.2}. Best is trial 4 with value: -728.7466966670116.

Computing using 10 core...
[I 2026-08-10 15:28:04,855] Trial 11 finished with value: -819.4746485209031 and parameters: {'mu_one_class': 30, 'mu_sc_first_last_class': 1.8, 'mu_sc_column_one': 20, 'mu_sc_change_class': 18, 'mu_mon': 0.2, 'mu_conc': 0.2, 'mu_thr': 0.1}. Best is trial 11 with value: -819.4746485209031.

Computing using 10 core...
[I 2026-08-10 15:28:37,607] Trial 12 finished with value: -848.0733933359212 and parameters: {'mu_one_class': 30, 'mu_sc_first_last_class': 1.8, 'mu_sc_column_one': 20, 'mu_sc_change_class': 20, 'mu_mon': 0.30000000000000004, 'mu_conc': 0.2, 'mu_thr': 0.1}. Best is trial 12 with value: -848.0733933359212.

Computing using 10 core...
[I 2026-08-10 15:29:10,281] Trial 13 finished with value: -755.6721681507847 and parameters: {'mu_one_class': 30, 'mu_sc_first_last_class': 1.9000000000000001, 'mu_sc_column_one': 20, 'mu_sc_change_class': 20, 'mu_mon': 0.4, 'mu_conc': 0.2, 'mu_thr': 0.1}. Best is trial 12 with value: -848.0733933359212.

Computing using 10 core...
[I 2026-08-10 15:29:43,396] Trial 14 finished with value: -522.4747185209139 and parameters: {'mu_one_class': 30, 'mu_sc_first_last_class': 1.8, 'mu_sc_column_one': 19, 'mu_sc_change_class': 15, 'mu_mon': 0.2, 'mu_conc': 0.2, 'mu_thr': 0.1}. Best is trial 12 with value: -848.0733933359212.

Computing using 10 core...
[I 2026-08-10 15:30:19,918] Trial 15 finished with value: -612.0733733359494 and parameters: {'mu_one_class': 30, 'mu_sc_first_last_class': 1.9000000000000001, 'mu_sc_column_one': 19, 'mu_sc_change_class': 18, 'mu_mon': 0.30000000000000004, 'mu_conc': 0.2, 'mu_thr': 0.1}. Best is trial 12 with value: -848.0733933359212.

Computing using 10 core...
[I 2026-08-10 15:30:52,993] Trial 16 finished with value: -581.4747885208885 and parameters: {'mu_one_class': 32, 'mu_sc_first_last_class': 1.8, 'mu_sc_column_one': 20, 'mu_sc_change_class': 16, 'mu_mon': 0.2, 'mu_conc': 0.2, 'mu_thr': 0.1}. Best is trial 12 with value: -848.0733933359212.

Computing using 10 core...
[I 2026-08-10 15:31:27,290] Trial 17 finished with value: -641.1091311122696 and parameters: {'mu_one_class': 30, 'mu_sc_first_last_class': 2.0, 'mu_sc_column_one': 19, 'mu_sc_change_class': 20, 'mu_mon': 0.4, 'mu_conc': 0.30000000000000004, 'mu_thr': 0.1}. Best is trial 12 with value: -848.0733933359212.

Computing using 10 core...
[I 2026-08-10 15:32:02,889] Trial 18 finished with value: -726.0733833359358 and parameters: {'mu_one_class': 30, 'mu_sc_first_last_class': 1.9000000000000001, 'mu_sc_column_one': 20, 'mu_sc_change_class': 18, 'mu_mon': 0.30000000000000004, 'mu_conc': 0.2, 'mu_thr': 0.1}. Best is trial 12 with value: -848.0733933359212.

Computing using 10 core...
[I 2026-08-10 15:32:36,585] Trial 19 finished with value: -353.31207777869014 and parameters: {'mu_one_class': 32, 'mu_sc_first_last_class': 1.8, 'mu_sc_column_one': 18, 'mu_sc_change_class': 16, 'mu_mon': 0.2, 'mu_conc': 0.30000000000000004, 'mu_thr': 0.1}. Best is trial 12 with value: -848.0733933359212.

Computing using 10 core...
[I 2026-08-10 15:33:11,837] Trial 20 finished with value: 70.12481888847111 and parameters: {'mu_one_class': 33, 'mu_sc_first_last_class': 2.0, 'mu_sc_column_one': 19, 'mu_sc_change_class': 20, 'mu_mon': 0.30000000000000004, 'mu_conc': 0.2, 'mu_thr': 0.2}. Best is trial 12 with value: -848.0733933359212.

Computing using 10 core...
[I 2026-08-10 15:33:44,033] Trial 21 finished with value: -755.6721681507847 and parameters: {'mu_one_class': 30, 'mu_sc_first_last_class': 1.9000000000000001, 'mu_sc_column_one': 20, 'mu_sc_change_class': 20, 'mu_mon': 0.4, 'mu_conc': 0.2, 'mu_thr': 0.1}. Best is trial 12 with value: -848.0733933359212.

Computing using 10 core...
[I 2026-08-10 15:34:16,182] Trial 22 finished with value: -755.6721681507847 and parameters: {'mu_one_class': 30, 'mu_sc_first_last_class': 1.9000000000000001, 'mu_sc_column_one': 20, 'mu_sc_change_class': 20, 'mu_mon': 0.4, 'mu_conc': 0.2, 'mu_thr': 0.1}. Best is trial 12 with value: -848.0733933359212.

Computing using 10 core...
[I 2026-08-10 15:34:48,134] Trial 23 finished with value: -636.672188150763 and parameters: {'mu_one_class': 31, 'mu_sc_first_last_class': 1.8, 'mu_sc_column_one': 20, 'mu_sc_change_class': 19, 'mu_mon': 0.4, 'mu_conc': 0.2, 'mu_thr': 0.1}. Best is trial 12 with value: -848.0733933359212.

Computing using 10 core...
[I 2026-08-10 15:35:20,566] Trial 24 finished with value: -519.6721881507993 and parameters: {'mu_one_class': 30, 'mu_sc_first_last_class': 1.9000000000000001, 'mu_sc_column_one': 19, 'mu_sc_change_class': 18, 'mu_mon': 0.4, 'mu_conc': 0.2, 'mu_thr': 0.1}. Best is trial 12 with value: -848.0733933359212.

Computing using 10 core...
[I 2026-08-10 15:36:04,128] Trial 25 finished with value: -790.0734133359003 and parameters: {'mu_one_class': 31, 'mu_sc_first_last_class': 1.8, 'mu_sc_column_one': 20, 'mu_sc_change_class': 20, 'mu_mon': 0.30000000000000004, 'mu_conc': 0.2, 'mu_thr': 0.1}. Best is trial 12 with value: -848.0733933359212.

Computing using 10 core...
[I 2026-08-10 15:36:41,758] Trial 26 finished with value: -615.0733733359258 and parameters: {'mu_one_class': 31, 'mu_sc_first_last_class': 1.8, 'mu_sc_column_one': 19, 'mu_sc_change_class': 19, 'mu_mon': 0.30000000000000004, 'mu_conc': 0.2, 'mu_thr': 0.1}. Best is trial 12 with value: -848.0733933359212.

Computing using 10 core...
[I 2026-08-10 15:37:19,702] Trial 27 finished with value: -545.9100500010985 and parameters: {'mu_one_class': 31, 'mu_sc_first_last_class': 1.8, 'mu_sc_column_one': 20, 'mu_sc_change_class': 16, 'mu_mon': 0.30000000000000004, 'mu_conc': 0.30000000000000004, 'mu_thr': 0.1}. Best is trial 12 with value: -848.0733933359212.

Computing using 10 core...
[I 2026-08-10 15:37:51,770] Trial 28 finished with value: -711.474588520874 and parameters: {'mu_one_class': 32, 'mu_sc_first_last_class': 1.8, 'mu_sc_column_one': 19, 'mu_sc_change_class': 20, 'mu_mon': 0.2, 'mu_conc': 0.2, 'mu_thr': 0.1}. Best is trial 12 with value: -848.0733933359212.

Computing using 10 core...
[I 2026-08-10 15:38:24,438] Trial 29 finished with value: -324.0733533360604 and parameters: {'mu_one_class': 33, 'mu_sc_first_last_class': 1.8, 'mu_sc_column_one': 18, 'mu_sc_change_class': 18, 'mu_mon': 0.30000000000000004, 'mu_conc': 0.2, 'mu_thr': 0.1}. Best is trial 12 with value: -848.0733933359212.

Computing using 10 core...
[I 2026-08-10 15:38:56,594] Trial 30 finished with value: -554.9100700013296 and parameters: {'mu_one_class': 34, 'mu_sc_first_last_class': 1.8, 'mu_sc_column_one': 20, 'mu_sc_change_class': 19, 'mu_mon': 0.30000000000000004, 'mu_conc': 0.30000000000000004, 'mu_thr': 0.1}. Best is trial 12 with value: -848.0733933359212.

Computing using 10 core...
[I 2026-08-10 15:39:28,520] Trial 31 finished with value: -755.6721681507847 and parameters: {'mu_one_class': 30, 'mu_sc_first_last_class': 1.9000000000000001, 'mu_sc_column_one': 20, 'mu_sc_change_class': 20, 'mu_mon': 0.4, 'mu_conc': 0.2, 'mu_thr': 0.1}. Best is trial 12 with value: -848.0733933359212.

Computing using 10 core...
[I 2026-08-10 15:40:00,398] Trial 32 finished with value: -755.6715855582105 and parameters: {'mu_one_class': 30, 'mu_sc_first_last_class': 2.0, 'mu_sc_column_one': 20, 'mu_sc_change_class': 20, 'mu_mon': 0.4, 'mu_conc': 0.2, 'mu_thr': 0.1}. Best is trial 12 with value: -848.0733933359212.

Computing using 10 core...
[I 2026-08-10 15:40:32,595] Trial 33 finished with value: -651.4745985209795 and parameters: {'mu_one_class': 35, 'mu_sc_first_last_class': 1.9000000000000001, 'mu_sc_column_one': 20, 'mu_sc_change_class': 20, 'mu_mon': 0.2, 'mu_conc': 0.2, 'mu_thr': 0.1}. Best is trial 12 with value: -848.0733933359212.

Computing using 10 core...
[I 2026-08-10 15:41:05,170] Trial 34 finished with value: -522.6721581507938 and parameters: {'mu_one_class': 31, 'mu_sc_first_last_class': 1.9000000000000001, 'mu_sc_column_one': 19, 'mu_sc_change_class': 19, 'mu_mon': 0.4, 'mu_conc': 0.2, 'mu_thr': 0.1}. Best is trial 12 with value: -848.0733933359212.

Computing using 10 core...
[I 2026-08-10 15:41:37,255] Trial 35 finished with value: -880.4746285208948 and parameters: {'mu_one_class': 30, 'mu_sc_first_last_class': 1.8, 'mu_sc_column_one': 20, 'mu_sc_change_class': 19, 'mu_mon': 0.2, 'mu_conc': 0.2, 'mu_thr': 0.1}. Best is trial 35 with value: -880.4746285208948.

Computing using 10 core...
[I 2026-08-10 15:42:09,347] Trial 36 finished with value: -708.474678520894 and parameters: {'mu_one_class': 31, 'mu_sc_first_last_class': 1.8, 'mu_sc_column_one': 19, 'mu_sc_change_class': 19, 'mu_mon': 0.2, 'mu_conc': 0.2, 'mu_thr': 0.1}. Best is trial 35 with value: -880.4746285208948.

Computing using 10 core...
[I 2026-08-10 15:42:41,441] Trial 37 finished with value: -761.311897778441 and parameters: {'mu_one_class': 31, 'mu_sc_first_last_class': 1.8, 'mu_sc_column_one': 20, 'mu_sc_change_class': 18, 'mu_mon': 0.2, 'mu_conc': 0.30000000000000004, 'mu_thr': 0.1}. Best is trial 35 with value: -880.4746285208948.

Computing using 10 core...
[I 2026-08-10 15:43:15,909] Trial 38 finished with value: -652.474628520903 and parameters: {'mu_one_class': 30, 'mu_sc_first_last_class': 1.8, 'mu_sc_column_one': 18, 'mu_sc_change_class': 19, 'mu_mon': 0.2, 'mu_conc': 0.2, 'mu_thr': 0.1}. Best is trial 35 with value: -880.4746285208948.

Computing using 10 core...
[I 2026-08-10 15:43:48,543] Trial 39 finished with value: -822.4746585208858 and parameters: {'mu_one_class': 31, 'mu_sc_first_last_class': 1.8, 'mu_sc_column_one': 20, 'mu_sc_change_class': 19, 'mu_mon': 0.2, 'mu_conc': 0.2, 'mu_thr': 0.1}. Best is trial 35 with value: -880.4746285208948.

Computing using 10 core...
[I 2026-08-10 15:44:23,144] Trial 40 finished with value: -76.71277666494922 and parameters: {'mu_one_class': 30, 'mu_sc_first_last_class': 2.2, 'mu_sc_column_one': 19, 'mu_sc_change_class': 18, 'mu_mon': 0.2, 'mu_conc': 0.30000000000000004, 'mu_thr': 0.2}. Best is trial 35 with value: -880.4746285208948.

Computing using 10 core...
[I 2026-08-10 15:44:55,267] Trial 41 finished with value: -822.4746585208858 and parameters: {'mu_one_class': 31, 'mu_sc_first_last_class': 1.8, 'mu_sc_column_one': 20, 'mu_sc_change_class': 19, 'mu_mon': 0.2, 'mu_conc': 0.2, 'mu_thr': 0.1}. Best is trial 35 with value: -880.4746285208948.

Computing using 10 core...
[I 2026-08-10 15:45:34,992] Trial 42 finished with value: -764.4746785208758 and parameters: {'mu_one_class': 32, 'mu_sc_first_last_class': 1.8, 'mu_sc_column_one': 20, 'mu_sc_change_class': 19, 'mu_mon': 0.2, 'mu_conc': 0.2, 'mu_thr': 0.1}. Best is trial 35 with value: -880.4746285208948.

Computing using 10 core...
[I 2026-08-10 15:46:19,584] Trial 43 finished with value: -700.4746785208977 and parameters: {'mu_one_class': 31, 'mu_sc_first_last_class': 1.8, 'mu_sc_column_one': 20, 'mu_sc_change_class': 17, 'mu_mon': 0.2, 'mu_conc': 0.2, 'mu_thr': 0.1}. Best is trial 35 with value: -880.4746285208948.

Computing using 10 core...
[I 2026-08-10 15:47:15,516] Trial 44 finished with value: -822.4746585208858 and parameters: {'mu_one_class': 31, 'mu_sc_first_last_class': 1.8, 'mu_sc_column_one': 20, 'mu_sc_change_class': 19, 'mu_mon': 0.2, 'mu_conc': 0.2, 'mu_thr': 0.1}. Best is trial 35 with value: -880.4746285208948.

Computing using 10 core...
[I 2026-08-10 15:47:48,748] Trial 45 finished with value: -309.2822422246359 and parameters: {'mu_one_class': 32, 'mu_sc_first_last_class': 1.8, 'mu_sc_column_one': 16, 'mu_sc_change_class': 19, 'mu_mon': 0.2, 'mu_conc': 0.2, 'mu_thr': 0.1}. Best is trial 35 with value: -880.4746285208948.

Computing using 10 core...
[I 2026-08-10 15:48:20,860] Trial 46 finished with value: -822.4746585208858 and parameters: {'mu_one_class': 31, 'mu_sc_first_last_class': 1.8, 'mu_sc_column_one': 20, 'mu_sc_change_class': 19, 'mu_mon': 0.2, 'mu_conc': 0.2, 'mu_thr': 0.1}. Best is trial 35 with value: -880.4746285208948.

Computing using 10 core...
[I 2026-08-10 15:48:53,207] Trial 47 finished with value: -650.4746685208776 and parameters: {'mu_one_class': 32, 'mu_sc_first_last_class': 1.8, 'mu_sc_column_one': 19, 'mu_sc_change_class': 19, 'mu_mon': 0.2, 'mu_conc': 0.2, 'mu_thr': 0.1}. Best is trial 35 with value: -880.4746285208948.

Computing using 10 core...
[I 2026-08-10 15:49:26,402] Trial 48 finished with value: -256.8811951875598 and parameters: {'mu_one_class': 31, 'mu_sc_first_last_class': 1.8, 'mu_sc_column_one': 15, 'mu_sc_change_class': 19, 'mu_mon': 0.2, 'mu_conc': 0.2, 'mu_thr': 0.1}. Best is trial 35 with value: -880.4746285208948.

Computing using 10 core...
[I 2026-08-10 15:50:21,429] Trial 49 finished with value: -761.4746785208868 and parameters: {'mu_one_class': 31, 'mu_sc_first_last_class': 2.1, 'mu_sc_column_one': 20, 'mu_sc_change_class': 18, 'mu_mon': 0.2, 'mu_conc': 0.2, 'mu_thr': 0.1}. Best is trial 35 with value: -880.4746285208948.

Computing using 10 core...
[I 2026-08-10 15:50:55,355] Trial 50 finished with value: -706.4746085208667 and parameters: {'mu_one_class': 33, 'mu_sc_first_last_class': 1.9000000000000001, 'mu_sc_column_one': 20, 'mu_sc_change_class': 19, 'mu_mon': 0.2, 'mu_conc': 0.2, 'mu_thr': 0.1}. Best is trial 35 with value: -880.4746285208948.

Computing using 10 core...
[I 2026-08-10 15:51:27,330] Trial 51 finished with value: -822.4746585208858 and parameters: {'mu_one_class': 31, 'mu_sc_first_last_class': 1.8, 'mu_sc_column_one': 20, 'mu_sc_change_class': 19, 'mu_mon': 0.2, 'mu_conc': 0.2, 'mu_thr': 0.1}. Best is trial 35 with value: -880.4746285208948.

Computing using 10 core...
[I 2026-08-10 15:52:00,426] Trial 52 finished with value: -822.4746585208858 and parameters: {'mu_one_class': 31, 'mu_sc_first_last_class': 1.8, 'mu_sc_column_one': 20, 'mu_sc_change_class': 19, 'mu_mon': 0.2, 'mu_conc': 0.2, 'mu_thr': 0.1}. Best is trial 35 with value: -880.4746285208948.

Computing using 10 core...
[I 2026-08-10 15:52:32,796] Trial 53 finished with value: -880.4746285208948 and parameters: {'mu_one_class': 30, 'mu_sc_first_last_class': 1.8, 'mu_sc_column_one': 20, 'mu_sc_change_class': 19, 'mu_mon': 0.2, 'mu_conc': 0.2, 'mu_thr': 0.1}. Best is trial 35 with value: -880.4746285208948.

Computing using 10 core...
[I 2026-08-10 15:53:20,410] Trial 54 finished with value: -819.4746485209031 and parameters: {'mu_one_class': 30, 'mu_sc_first_last_class': 1.8, 'mu_sc_column_one': 20, 'mu_sc_change_class': 18, 'mu_mon': 0.2, 'mu_conc': 0.2, 'mu_thr': 0.1}. Best is trial 35 with value: -880.4746285208948.

Computing using 10 core...
[I 2026-08-10 15:53:53,111] Trial 55 finished with value: -827.4746285208912 and parameters: {'mu_one_class': 30, 'mu_sc_first_last_class': 1.8, 'mu_sc_column_one': 19, 'mu_sc_change_class': 20, 'mu_mon': 0.2, 'mu_conc': 0.2, 'mu_thr': 0.1}. Best is trial 35 with value: -880.4746285208948.

Computing using 10 core...
[I 2026-08-10 15:54:26,555] Trial 56 finished with value: -713.4746085209003 and parameters: {'mu_one_class': 30, 'mu_sc_first_last_class': 1.9000000000000001, 'mu_sc_column_one': 18, 'mu_sc_change_class': 20, 'mu_mon': 0.2, 'mu_conc': 0.2, 'mu_thr': 0.1}. Best is trial 35 with value: -880.4746285208948.

Computing using 10 core...
[I 2026-08-10 15:54:58,667] Trial 57 finished with value: -827.4746285208912 and parameters: {'mu_one_class': 30, 'mu_sc_first_last_class': 1.8, 'mu_sc_column_one': 19, 'mu_sc_change_class': 20, 'mu_mon': 0.2, 'mu_conc': 0.2, 'mu_thr': 0.1}. Best is trial 35 with value: -880.4746285208948.

Computing using 10 core...
[I 2026-08-10 15:55:44,663] Trial 58 finished with value: -827.4746285208912 and parameters: {'mu_one_class': 30, 'mu_sc_first_last_class': 1.8, 'mu_sc_column_one': 19, 'mu_sc_change_class': 20, 'mu_mon': 0.2, 'mu_conc': 0.2, 'mu_thr': 0.1}. Best is trial 35 with value: -880.4746285208948.

Computing using 10 core...
[I 2026-08-10 15:56:17,011] Trial 59 finished with value: -713.31183777835 and parameters: {'mu_one_class': 30, 'mu_sc_first_last_class': 1.8, 'mu_sc_column_one': 18, 'mu_sc_change_class': 20, 'mu_mon': 0.2, 'mu_conc': 0.30000000000000004, 'mu_thr': 0.1}. Best is trial 35 with value: -880.4746285208948.

Computing using 10 core...
