[I 2026-08-10 18:31:47,620] Trial 59 finished with value: -1852.4375855557462 and parameters: {'mu_one_class': 28, 'mu_sc_first_last_class': 1.5, 'mu_sc_column_one': 24, 'mu_sc_change_class': 24, 'mu_mon': 0.1, 'mu_conc': 0.1, 'mu_thr': 0.1}. Best is trial 56 with value: -1913.4375755557453.

Computing using 10 core...
[I 2026-08-10 18:32:20,357] Trial 60 finished with value: -569.7377937052611 and parameters: {'mu_one_class': 28, 'mu_sc_first_last_class': 1.5, 'mu_sc_column_one': 22, 'mu_sc_change_class': 17, 'mu_mon': 0.1, 'mu_conc': 0.1, 'mu_thr': 0.2}. Best is trial 56 with value: -1913.4375755557453.

Computing using 10 core...
[I 2026-08-10 18:32:50,169] Trial 61 finished with value: -1852.4375755557462 and parameters: {'mu_one_class': 28, 'mu_sc_first_last_class': 1.6, 'mu_sc_column_one': 24, 'mu_sc_change_class': 24, 'mu_mon': 0.1, 'mu_conc': 0.1, 'mu_thr': 0.1}. Best is trial 56 with value: -1913.4375755557453.

Computing using 10 core...
[I 2026-08-10 18:33:24,680] Trial 62 finished with value: -1852.4375755557462 and parameters: {'mu_one_class': 28, 'mu_sc_first_last_class': 1.6, 'mu_sc_column_one': 24, 'mu_sc_change_class': 24, 'mu_mon': 0.1, 'mu_conc': 0.1, 'mu_thr': 0.1}. Best is trial 56 with value: -1913.4375755557453.

Computing using 10 core...
[I 2026-08-10 18:33:54,670] Trial 63 finished with value: -1677.437585555748 and parameters: {'mu_one_class': 28, 'mu_sc_first_last_class': 1.5, 'mu_sc_column_one': 23, 'mu_sc_change_class': 23, 'mu_mon': 0.1, 'mu_conc': 0.1, 'mu_thr': 0.1}. Best is trial 56 with value: -1913.4375755557453.

Computing using 10 core...
[I 2026-08-10 18:34:24,480] Trial 64 finished with value: -1913.4375755557453 and parameters: {'mu_one_class': 28, 'mu_sc_first_last_class': 1.6, 'mu_sc_column_one': 24, 'mu_sc_change_class': 25, 'mu_mon': 0.1, 'mu_conc': 0.1, 'mu_thr': 0.1}. Best is trial 56 with value: -1913.4375755557453.

Computing using 10 core...
[I 2026-08-10 18:34:54,394] Trial 65 finished with value: -1799.4375855557462 and parameters: {'mu_one_class': 28, 'mu_sc_first_last_class': 1.7, 'mu_sc_column_one': 23, 'mu_sc_change_class': 25, 'mu_mon': 0.1, 'mu_conc': 0.1, 'mu_thr': 0.1}. Best is trial 56 with value: -1913.4375755557453.

Computing using 10 core...
[I 2026-08-10 18:35:24,305] Trial 66 finished with value: -1913.4375755557453 and parameters: {'mu_one_class': 28, 'mu_sc_first_last_class': 1.6, 'mu_sc_column_one': 24, 'mu_sc_change_class': 25, 'mu_mon': 0.1, 'mu_conc': 0.1, 'mu_thr': 0.1}. Best is trial 56 with value: -1913.4375755557453.

Computing using 10 core...
[I 2026-08-10 18:35:55,140] Trial 67 finished with value: -1741.437585555749 and parameters: {'mu_one_class': 29, 'mu_sc_first_last_class': 1.7, 'mu_sc_column_one': 23, 'mu_sc_change_class': 25, 'mu_mon': 0.1, 'mu_conc': 0.1, 'mu_thr': 0.1}. Best is trial 56 with value: -1913.4375755557453.

Computing using 10 core...
[I 2026-08-10 18:36:24,971] Trial 68 finished with value: -1913.4375755557453 and parameters: {'mu_one_class': 28, 'mu_sc_first_last_class': 1.6, 'mu_sc_column_one': 24, 'mu_sc_change_class': 25, 'mu_mon': 0.1, 'mu_conc': 0.1, 'mu_thr': 0.1}. Best is trial 56 with value: -1913.4375755557453.

Computing using 10 core...
[I 2026-08-10 18:37:16,872] Trial 69 finished with value: -1913.4375755557453 and parameters: {'mu_one_class': 28, 'mu_sc_first_last_class': 1.6, 'mu_sc_column_one': 24, 'mu_sc_change_class': 25, 'mu_mon': 0.1, 'mu_conc': 0.1, 'mu_thr': 0.1}. Best is trial 56 with value: -1913.4375755557453.

Computing using 10 core...
[I 2026-08-10 18:37:46,745] Trial 70 finished with value: -1741.437565555748 and parameters: {'mu_one_class': 29, 'mu_sc_first_last_class': 1.6, 'mu_sc_column_one': 23, 'mu_sc_change_class': 25, 'mu_mon': 0.1, 'mu_conc': 0.1, 'mu_thr': 0.1}. Best is trial 56 with value: -1913.4375755557453.

Computing using 10 core...
[I 2026-08-10 18:38:16,732] Trial 71 finished with value: -1913.4375855557462 and parameters: {'mu_one_class': 28, 'mu_sc_first_last_class': 1.7, 'mu_sc_column_one': 24, 'mu_sc_change_class': 25, 'mu_mon': 0.1, 'mu_conc': 0.1, 'mu_thr': 0.1}. Best is trial 71 with value: -1913.4375855557462.

Computing using 10 core...
[I 2026-08-10 18:38:46,531] Trial 72 finished with value: -1913.4375855557462 and parameters: {'mu_one_class': 28, 'mu_sc_first_last_class': 1.7, 'mu_sc_column_one': 24, 'mu_sc_change_class': 25, 'mu_mon': 0.1, 'mu_conc': 0.1, 'mu_thr': 0.1}. Best is trial 71 with value: -1913.4375855557462.

Computing using 10 core...
[I 2026-08-10 18:39:16,646] Trial 73 finished with value: -1852.4376155557472 and parameters: {'mu_one_class': 28, 'mu_sc_first_last_class': 1.7, 'mu_sc_column_one': 24, 'mu_sc_change_class': 24, 'mu_mon': 0.1, 'mu_conc': 0.1, 'mu_thr': 0.1}. Best is trial 71 with value: -1913.4375855557462.

Computing using 10 core...
[I 2026-08-10 18:39:46,496] Trial 74 finished with value: -1799.4375655557453 and parameters: {'mu_one_class': 28, 'mu_sc_first_last_class': 1.6, 'mu_sc_column_one': 23, 'mu_sc_change_class': 25, 'mu_mon': 0.1, 'mu_conc': 0.1, 'mu_thr': 0.1}. Best is trial 71 with value: -1913.4375855557462.

Computing using 10 core...
[I 2026-08-10 18:40:16,232] Trial 75 finished with value: -1794.4376155557482 and parameters: {'mu_one_class': 29, 'mu_sc_first_last_class': 1.6, 'mu_sc_column_one': 24, 'mu_sc_change_class': 24, 'mu_mon': 0.1, 'mu_conc': 0.1, 'mu_thr': 0.1}. Best is trial 71 with value: -1913.4375855557462.

Computing using 10 core...
[I 2026-08-10 18:40:49,689] Trial 76 finished with value: -1107.3357877779674 and parameters: {'mu_one_class': 28, 'mu_sc_first_last_class': 1.7, 'mu_sc_column_one': 17, 'mu_sc_change_class': 25, 'mu_mon': 0.1, 'mu_conc': 0.1, 'mu_thr': 0.1}. Best is trial 71 with value: -1913.4375855557462.

Computing using 10 core...
[I 2026-08-10 18:41:28,373] Trial 77 finished with value: -711.137773698496 and parameters: {'mu_one_class': 28, 'mu_sc_first_last_class': 1.8, 'mu_sc_column_one': 25, 'mu_sc_change_class': 24, 'mu_mon': 0.1, 'mu_conc': 0.1, 'mu_thr': 0.3}. Best is trial 71 with value: -1913.4375855557462.

Computing using 10 core...
[I 2026-08-10 18:41:58,908] Trial 78 finished with value: -1855.4376255557463 and parameters: {'mu_one_class': 29, 'mu_sc_first_last_class': 1.6, 'mu_sc_column_one': 24, 'mu_sc_change_class': 25, 'mu_mon': 0.1, 'mu_conc': 0.1, 'mu_thr': 0.1}. Best is trial 71 with value: -1913.4375855557462.

Computing using 10 core...
[I 2026-08-10 18:42:29,013] Trial 79 finished with value: -1624.437595555748 and parameters: {'mu_one_class': 28, 'mu_sc_first_last_class': 1.7, 'mu_sc_column_one': 22, 'mu_sc_change_class': 24, 'mu_mon': 0.1, 'mu_conc': 0.1, 'mu_thr': 0.1}. Best is trial 71 with value: -1913.4375855557462.

Computing using 10 core...
[I 2026-08-10 18:42:58,617] Trial 80 finished with value: -1969.4376155557482 and parameters: {'mu_one_class': 29, 'mu_sc_first_last_class': 1.5, 'mu_sc_column_one': 25, 'mu_sc_change_class': 25, 'mu_mon': 0.1, 'mu_conc': 0.1, 'mu_thr': 0.1}. Best is trial 80 with value: -1969.4376155557482.

Computing using 10 core...
[I 2026-08-10 18:43:30,133] Trial 81 finished with value: -1969.4376155557482 and parameters: {'mu_one_class': 29, 'mu_sc_first_last_class': 1.5, 'mu_sc_column_one': 25, 'mu_sc_change_class': 25, 'mu_mon': 0.1, 'mu_conc': 0.1, 'mu_thr': 0.1}. Best is trial 80 with value: -1969.4376155557482.

Computing using 10 core...
[I 2026-08-10 18:43:59,808] Trial 82 finished with value: -1737.437585555758 and parameters: {'mu_one_class': 33, 'mu_sc_first_last_class': 1.5, 'mu_sc_column_one': 25, 'mu_sc_change_class': 25, 'mu_mon': 0.1, 'mu_conc': 0.1, 'mu_thr': 0.1}. Best is trial 80 with value: -1969.4376155557482.

Computing using 10 core...
[I 2026-08-10 18:44:29,537] Trial 83 finished with value: -1969.4376155557482 and parameters: {'mu_one_class': 29, 'mu_sc_first_last_class': 1.5, 'mu_sc_column_one': 25, 'mu_sc_change_class': 25, 'mu_mon': 0.1, 'mu_conc': 0.1, 'mu_thr': 0.1}. Best is trial 80 with value: -1969.4376155557482.

Computing using 10 core...
[I 2026-08-10 18:45:00,619] Trial 84 finished with value: -1908.4375655557453 and parameters: {'mu_one_class': 29, 'mu_sc_first_last_class': 1.5, 'mu_sc_column_one': 25, 'mu_sc_change_class': 24, 'mu_mon': 0.1, 'mu_conc': 0.1, 'mu_thr': 0.1}. Best is trial 80 with value: -1969.4376155557482.

Computing using 10 core...
[I 2026-08-10 18:45:30,214] Trial 85 finished with value: -1969.4376155557482 and parameters: {'mu_one_class': 29, 'mu_sc_first_last_class': 1.5, 'mu_sc_column_one': 25, 'mu_sc_change_class': 25, 'mu_mon': 0.1, 'mu_conc': 0.1, 'mu_thr': 0.1}. Best is trial 80 with value: -1969.4376155557482.

Computing using 10 core...
[I 2026-08-10 18:46:04,439] Trial 86 finished with value: -1911.4375755557508 and parameters: {'mu_one_class': 30, 'mu_sc_first_last_class': 1.5, 'mu_sc_column_one': 25, 'mu_sc_change_class': 25, 'mu_mon': 0.1, 'mu_conc': 0.1, 'mu_thr': 0.1}. Best is trial 80 with value: -1969.4376155557482.

Computing using 10 core...
[I 2026-08-10 18:46:34,139] Trial 87 finished with value: -1908.4375655557453 and parameters: {'mu_one_class': 29, 'mu_sc_first_last_class': 1.5, 'mu_sc_column_one': 25, 'mu_sc_change_class': 24, 'mu_mon': 0.1, 'mu_conc': 0.1, 'mu_thr': 0.1}. Best is trial 80 with value: -1969.4376155557482.

Computing using 10 core...
[I 2026-08-10 18:47:04,461] Trial 88 finished with value: -1969.4376155557482 and parameters: {'mu_one_class': 29, 'mu_sc_first_last_class': 1.5, 'mu_sc_column_one': 25, 'mu_sc_change_class': 25, 'mu_mon': 0.1, 'mu_conc': 0.1, 'mu_thr': 0.1}. Best is trial 80 with value: -1969.4376155557482.

Computing using 10 core...
[I 2026-08-10 18:47:34,160] Trial 89 finished with value: -1789.4375755557508 and parameters: {'mu_one_class': 30, 'mu_sc_first_last_class': 1.5, 'mu_sc_column_one': 25, 'mu_sc_change_class': 23, 'mu_mon': 0.1, 'mu_conc': 0.1, 'mu_thr': 0.1}. Best is trial 80 with value: -1969.4376155557482.

Computing using 10 core...
[I 2026-08-10 18:48:04,365] Trial 90 finished with value: -1969.4376155557482 and parameters: {'mu_one_class': 29, 'mu_sc_first_last_class': 1.5, 'mu_sc_column_one': 25, 'mu_sc_change_class': 25, 'mu_mon': 0.1, 'mu_conc': 0.1, 'mu_thr': 0.1}. Best is trial 80 with value: -1969.4376155557482.

Computing using 10 core...
[I 2026-08-10 18:48:34,039] Trial 91 finished with value: -1969.4376155557482 and parameters: {'mu_one_class': 29, 'mu_sc_first_last_class': 1.5, 'mu_sc_column_one': 25, 'mu_sc_change_class': 25, 'mu_mon': 0.1, 'mu_conc': 0.1, 'mu_thr': 0.1}. Best is trial 80 with value: -1969.4376155557482.

Computing using 10 core...
[I 2026-08-10 18:49:03,690] Trial 92 finished with value: -1969.4376155557482 and parameters: {'mu_one_class': 29, 'mu_sc_first_last_class': 1.5, 'mu_sc_column_one': 25, 'mu_sc_change_class': 25, 'mu_mon': 0.1, 'mu_conc': 0.1, 'mu_thr': 0.1}. Best is trial 80 with value: -1969.4376155557482.

Computing using 10 core...
[I 2026-08-10 18:49:33,359] Trial 93 finished with value: -1969.4376155557482 and parameters: {'mu_one_class': 29, 'mu_sc_first_last_class': 1.5, 'mu_sc_column_one': 25, 'mu_sc_change_class': 25, 'mu_mon': 0.1, 'mu_conc': 0.1, 'mu_thr': 0.1}. Best is trial 80 with value: -1969.4376155557482.

Computing using 10 core...
[I 2026-08-10 18:50:04,678] Trial 94 finished with value: -1850.4375955557498 and parameters: {'mu_one_class': 30, 'mu_sc_first_last_class': 1.5, 'mu_sc_column_one': 25, 'mu_sc_change_class': 24, 'mu_mon': 0.1, 'mu_conc': 0.1, 'mu_thr': 0.1}. Best is trial 80 with value: -1969.4376155557482.

Computing using 10 core...
[I 2026-08-10 18:50:34,309] Trial 95 finished with value: -1969.4376155557482 and parameters: {'mu_one_class': 29, 'mu_sc_first_last_class': 1.5, 'mu_sc_column_one': 25, 'mu_sc_change_class': 25, 'mu_mon': 0.1, 'mu_conc': 0.1, 'mu_thr': 0.1}. Best is trial 80 with value: -1969.4376155557482.

Computing using 10 core...
[I 2026-08-10 18:51:04,778] Trial 96 finished with value: -1969.4376155557482 and parameters: {'mu_one_class': 29, 'mu_sc_first_last_class': 1.5, 'mu_sc_column_one': 25, 'mu_sc_change_class': 25, 'mu_mon': 0.1, 'mu_conc': 0.1, 'mu_thr': 0.1}. Best is trial 80 with value: -1969.4376155557482.

Computing using 10 core...
[I 2026-08-10 18:51:35,014] Trial 97 finished with value: -1908.4375655557453 and parameters: {'mu_one_class': 29, 'mu_sc_first_last_class': 1.5, 'mu_sc_column_one': 25, 'mu_sc_change_class': 24, 'mu_mon': 0.1, 'mu_conc': 0.1, 'mu_thr': 0.1}. Best is trial 80 with value: -1969.4376155557482.

Computing using 10 core...
[I 2026-08-10 18:52:04,634] Trial 98 finished with value: -1969.4376155557482 and parameters: {'mu_one_class': 29, 'mu_sc_first_last_class': 1.5, 'mu_sc_column_one': 25, 'mu_sc_change_class': 25, 'mu_mon': 0.1, 'mu_conc': 0.1, 'mu_thr': 0.1}. Best is trial 80 with value: -1969.4376155557482.

Computing using 10 core...
[I 2026-08-10 18:52:34,274] Trial 99 finished with value: -1850.4375955557498 and parameters: {'mu_one_class': 30, 'mu_sc_first_last_class': 1.5, 'mu_sc_column_one': 25, 'mu_sc_change_class': 24, 'mu_mon': 0.1, 'mu_conc': 0.1, 'mu_thr': 0.1}. Best is trial 80 with value: -1969.4376155557482.
{'mu_one_class': 29, 'mu_sc_first_last_class': 1.5, 'mu_sc_column_one': 25, 'mu_sc_change_class': 25, 'mu_mon': 0.1, 'mu_conc': 0.1, 'mu_thr': 0.1} -1969.4376155557482

Numero di configurazioni equivalenti: 12

Configurazione #1: value=-1969.4376155557482, params={'mu_one_class': 29, 'mu_sc_first_last_class': 1.5, 'mu_sc_column_one': 25, 'mu_sc_change_class': 25, 'mu_mon': 0.1, 'mu_conc': 0.1, 'mu_thr': 0.1}
Configurazione #2: value=-1969.4376155557482, params={'mu_one_class': 29, 'mu_sc_first_last_class': 1.5, 'mu_sc_column_one': 25, 'mu_sc_change_class': 25, 'mu_mon': 0.1, 'mu_conc': 0.1, 'mu_thr': 0.1}
Configurazione #3: value=-1969.4376155557482, params={'mu_one_class': 29, 'mu_sc_first_last_class': 1.5, 'mu_sc_column_one': 25, 'mu_sc_change_class': 25, 'mu_mon': 0.1, 'mu_conc': 0.1, 'mu_thr': 0.1}
Configurazione #4: value=-1969.4376155557482, params={'mu_one_class': 29, 'mu_sc_first_last_class': 1.5, 'mu_sc_column_one': 25, 'mu_sc_change_class': 25, 'mu_mon': 0.1, 'mu_conc': 0.1, 'mu_thr': 0.1}
Configurazione #5: value=-1969.4376155557482, params={'mu_one_class': 29, 'mu_sc_first_last_class': 1.5, 'mu_sc_column_one': 25, 'mu_sc_change_class': 25, 'mu_mon': 0.1, 'mu_conc': 0.1, 'mu_thr': 0.1}
Configurazione #6: value=-1969.4376155557482, params={'mu_one_class': 29, 'mu_sc_first_last_class': 1.5, 'mu_sc_column_one': 25, 'mu_sc_change_class': 25, 'mu_mon': 0.1, 'mu_conc': 0.1, 'mu_thr': 0.1}
Configurazione #7: value=-1969.4376155557482, params={'mu_one_class': 29, 'mu_sc_first_last_class': 1.5, 'mu_sc_column_one': 25, 'mu_sc_change_class': 25, 'mu_mon': 0.1, 'mu_conc': 0.1, 'mu_thr': 0.1}
Configurazione #8: value=-1969.4376155557482, params={'mu_one_class': 29, 'mu_sc_first_last_class': 1.5, 'mu_sc_column_one': 25, 'mu_sc_change_class': 25, 'mu_mon': 0.1, 'mu_conc': 0.1, 'mu_thr': 0.1}
Configurazione #9: value=-1969.4376155557482, params={'mu_one_class': 29, 'mu_sc_first_last_class': 1.5, 'mu_sc_column_one': 25, 'mu_sc_change_class': 25, 'mu_mon': 0.1, 'mu_conc': 0.1, 'mu_thr': 0.1}
Configurazione #10: value=-1969.4376155557482, params={'mu_one_class': 29, 'mu_sc_first_last_class': 1.5, 'mu_sc_column_one': 25, 'mu_sc_change_class': 25, 'mu_mon': 0.1, 'mu_conc': 0.1, 'mu_thr': 0.1}
Configurazione #11: value=-1969.4376155557482, params={'mu_one_class': 29, 'mu_sc_first_last_class': 1.5, 'mu_sc_column_one': 25, 'mu_sc_change_class': 25, 'mu_mon': 0.1, 'mu_conc': 0.1, 'mu_thr': 0.1}
Configurazione #12: value=-1969.4376155557482, params={'mu_one_class': 29, 'mu_sc_first_last_class': 1.5, 'mu_sc_column_one': 25, 'mu_sc_change_class': 25, 'mu_mon': 0.1, 'mu_conc': 0.1, 'mu_thr': 0.1}
