WARNING: /opt/miniforge3/Linux_x86_64/25.3/etc/profile.d/mamba.sh (the file emitting this warning) is deprecated.
WARNING: This file will be removed on the next release after 30th September 2025.
WARNING: Please use 'mamba shell init' to get the correct initialization for your shell.
WARNING: The MAMBA_ROOT_PREFIX environment variable is not set.
WARNING: This is required for mamba to work correctly as of 2.0.
WARNING: 
WARNING: For now, we are setting 'MAMBA_ROOT_PREFIX' to '/opt/miniforge3/Linux_x86_64/25.3'.
WARNING: 
WARNING: Please make sure this is consistent with your installation or alternatively (by order of preference):
WARNING:   - rerun 'mamba shell init' to initialize mamba for your current shell
WARNING:   - manually set 'MAMBA_ROOT_PREFIX' to the root of your installation in your shell profile script.
WARNING:   - use the '-r,--root-prefix' CLI option when calling mamba.
WARNING: 
WARNING: This message originates from /opt/miniforge3/Linux_x86_64/25.3/etc/profile.d/mamba.sh
[I 2026-08-10 17:56:11,677] A new study created in memory with name: no-name-b2ea267c-11c0-447c-96da-4fdcc0aece12
PRINTING ALL THE CONFIGURATIONS: 
 - data_source: d_conf_input
 - n_counterpart: 60
 - grades: 4
 - default_prob: 0.1
 - default_module: 1
 - one_indices: [16, 40, 37, 59, 53, 51, 50]
 - data_path: data/dataset-ispq.csv
 - attributes: {'years': [2012, 2015], 'sector': 'no', 'revenue': 'no', 'geo_area': 'no'}
 - solvers: {'brute_force': False, 'dwave_exact': False, 'annealing': True, 'gurobi': False, 'quantum_annealing': False}
 - alpha_concentration: 0.05
 - alpha_heterogeneity: 0.01
 - alpha_homogeneity: 0.05
 - constraints: {'one_class': True, 'logic': True, 'monotonicity': True, 'concentration': True, 'min_thr': True, 'max_thr': True}
 - mu_table: static
 - mu: {'one_class': 30, 'first_last_class': 1.8, 'column_one': 20, 'change_class': 19, 'subm_1000': 1, 'subm_0001': 1, 'subm_0110': 1, 'restart': 1, 'monotonicity': 0.2, 'concentration': 0.2, 'min_thr': 0.1, 'max_thr': 0.1}
 - test: {'logic': True, 'monotonicity': True, 'heterogeneity': True, 'concentration': True, 'min_thr': True, 'max_thr': True, 'homogeneity': True}
 - shots: 500000
 - reads: 50
 - num_trotters: 32
 - gurobi_n_sol: 10
 - gurobi_fidelity: 1

Computing using 10 core...
[I 2026-08-10 17:56:45,073] Trial 0 finished with value: -950.1490770374104 and parameters: {'mu_one_class': 33, 'mu_sc_first_last_class': 2.1, 'mu_sc_column_one': 20, 'mu_sc_change_class': 23, 'mu_mon': 0.2, 'mu_conc': 0.4, 'mu_thr': 0.1}. Best is trial 0 with value: -950.1490770374104.

Computing using 10 core...
[I 2026-08-10 17:57:17,415] Trial 1 finished with value: -331.2510348203979 and parameters: {'mu_one_class': 30, 'mu_sc_first_last_class': 1.6, 'mu_sc_column_one': 22, 'mu_sc_change_class': 15, 'mu_mon': 0.1, 'mu_conc': 0.4, 'mu_thr': 0.2}. Best is trial 0 with value: -950.1490770374104.

Computing using 10 core...
[I 2026-08-10 17:58:17,603] Trial 2 finished with value: 183.02429258565067 and parameters: {'mu_one_class': 35, 'mu_sc_first_last_class': 1.5, 'mu_sc_column_one': 25, 'mu_sc_change_class': 16, 'mu_mon': 0.1, 'mu_conc': 0.2, 'mu_thr': 0.3}. Best is trial 0 with value: -950.1490770374104.

Computing using 10 core...
[I 2026-08-10 17:58:49,107] Trial 3 finished with value: -1381.9502922226247 and parameters: {'mu_one_class': 34, 'mu_sc_first_last_class': 1.7, 'mu_sc_column_one': 24, 'mu_sc_change_class': 22, 'mu_mon': 0.1, 'mu_conc': 0.4, 'mu_thr': 0.1}. Best is trial 3 with value: -1381.9502922226247.

Computing using 10 core...
[I 2026-08-10 17:59:22,749] Trial 4 finished with value: 743.0243125855052 and parameters: {'mu_one_class': 33, 'mu_sc_first_last_class': 1.5, 'mu_sc_column_one': 18, 'mu_sc_change_class': 18, 'mu_mon': 0.1, 'mu_conc': 0.2, 'mu_thr': 0.3}. Best is trial 3 with value: -1381.9502922226247.

Computing using 10 core...
[I 2026-08-10 18:00:00,993] Trial 5 finished with value: 787.7546266634589 and parameters: {'mu_one_class': 32, 'mu_sc_first_last_class': 1.7, 'mu_sc_column_one': 15, 'mu_sc_change_class': 16, 'mu_mon': 0.4, 'mu_conc': 0.1, 'mu_thr': 0.2}. Best is trial 3 with value: -1381.9502922226247.

Computing using 10 core...
[I 2026-08-10 18:00:36,081] Trial 6 finished with value: 494.9243025852301 and parameters: {'mu_one_class': 31, 'mu_sc_first_last_class': 1.6, 'mu_sc_column_one': 20, 'mu_sc_change_class': 18, 'mu_mon': 0.2, 'mu_conc': 0.2, 'mu_thr': 0.3}. Best is trial 3 with value: -1381.9502922226247.

Computing using 10 core...
[I 2026-08-10 18:01:09,901] Trial 7 finished with value: -35.3508248203764 and parameters: {'mu_one_class': 34, 'mu_sc_first_last_class': 1.5, 'mu_sc_column_one': 18, 'mu_sc_change_class': 23, 'mu_mon': 0.2, 'mu_conc': 0.4, 'mu_thr': 0.2}. Best is trial 3 with value: -1381.9502922226247.

Computing using 10 core...
[I 2026-08-10 18:01:56,092] Trial 8 finished with value: -285.2504003706916 and parameters: {'mu_one_class': 33, 'mu_sc_first_last_class': 1.7, 'mu_sc_column_one': 15, 'mu_sc_change_class': 20, 'mu_mon': 0.1, 'mu_conc': 0.1, 'mu_thr': 0.1}. Best is trial 3 with value: -1381.9502922226247.

Computing using 10 core...
[I 2026-08-10 18:03:00,223] Trial 9 finished with value: 656.3621744500892 and parameters: {'mu_one_class': 32, 'mu_sc_first_last_class': 1.9, 'mu_sc_column_one': 21, 'mu_sc_change_class': 16, 'mu_mon': 0.30000000000000004, 'mu_conc': 0.1, 'mu_thr': 0.3}. Best is trial 3 with value: -1381.9502922226247.

Computing using 10 core...
[I 2026-08-10 18:03:32,157] Trial 10 finished with value: -1689.499010000732 and parameters: {'mu_one_class': 29, 'mu_sc_first_last_class': 2.2, 'mu_sc_column_one': 25, 'mu_sc_change_class': 25, 'mu_mon': 0.4, 'mu_conc': 0.30000000000000004, 'mu_thr': 0.1}. Best is trial 10 with value: -1689.499010000732.

Computing using 10 core...
[I 2026-08-10 18:04:03,533] Trial 11 finished with value: -1687.4990300005973 and parameters: {'mu_one_class': 28, 'mu_sc_first_last_class': 2.2, 'mu_sc_column_one': 25, 'mu_sc_change_class': 24, 'mu_mon': 0.4, 'mu_conc': 0.30000000000000004, 'mu_thr': 0.1}. Best is trial 10 with value: -1689.499010000732.

Computing using 10 core...
[I 2026-08-10 18:04:35,003] Trial 12 finished with value: -1633.4990200006046 and parameters: {'mu_one_class': 28, 'mu_sc_first_last_class': 2.2, 'mu_sc_column_one': 24, 'mu_sc_change_class': 25, 'mu_mon': 0.4, 'mu_conc': 0.30000000000000004, 'mu_thr': 0.1}. Best is trial 10 with value: -1689.499010000732.

Computing using 10 core...
[I 2026-08-10 18:05:06,461] Trial 13 finished with value: -1748.4990100006173 and parameters: {'mu_one_class': 28, 'mu_sc_first_last_class': 2.1, 'mu_sc_column_one': 25, 'mu_sc_change_class': 25, 'mu_mon': 0.4, 'mu_conc': 0.30000000000000004, 'mu_thr': 0.1}. Best is trial 13 with value: -1748.4990100006173.

Computing using 10 core...
[I 2026-08-10 18:05:41,322] Trial 14 finished with value: -922.7126866658969 and parameters: {'mu_one_class': 29, 'mu_sc_first_last_class': 2.0, 'mu_sc_column_one': 23, 'mu_sc_change_class': 25, 'mu_mon': 0.30000000000000004, 'mu_conc': 0.30000000000000004, 'mu_thr': 0.2}. Best is trial 13 with value: -1748.4990100006173.

Computing using 10 core...
[I 2026-08-10 18:06:24,549] Trial 15 finished with value: -1308.9100400006528 and parameters: {'mu_one_class': 29, 'mu_sc_first_last_class': 2.0, 'mu_sc_column_one': 23, 'mu_sc_change_class': 21, 'mu_mon': 0.30000000000000004, 'mu_conc': 0.30000000000000004, 'mu_thr': 0.1}. Best is trial 13 with value: -1748.4990100006173.

Computing using 10 core...
[I 2026-08-10 18:07:07,951] Trial 16 finished with value: -1689.49902000073 and parameters: {'mu_one_class': 29, 'mu_sc_first_last_class': 2.1, 'mu_sc_column_one': 25, 'mu_sc_change_class': 25, 'mu_mon': 0.4, 'mu_conc': 0.30000000000000004, 'mu_thr': 0.1}. Best is trial 13 with value: -1748.4990100006173.

Computing using 10 core...
[I 2026-08-10 18:07:42,209] Trial 17 finished with value: -742.8751611115125 and parameters: {'mu_one_class': 30, 'mu_sc_first_last_class': 1.9, 'mu_sc_column_one': 23, 'mu_sc_change_class': 23, 'mu_mon': 0.30000000000000004, 'mu_conc': 0.2, 'mu_thr': 0.2}. Best is trial 13 with value: -1748.4990100006173.

Computing using 10 core...
[I 2026-08-10 18:08:26,528] Trial 18 finished with value: -1572.4990100006264 and parameters: {'mu_one_class': 28, 'mu_sc_first_last_class': 2.1, 'mu_sc_column_one': 24, 'mu_sc_change_class': 24, 'mu_mon': 0.4, 'mu_conc': 0.30000000000000004, 'mu_thr': 0.1}. Best is trial 13 with value: -1748.4990100006173.

Computing using 10 core...
[I 2026-08-10 18:09:01,808] Trial 19 finished with value: -412.2745785189706 and parameters: {'mu_one_class': 30, 'mu_sc_first_last_class': 2.0, 'mu_sc_column_one': 22, 'mu_sc_change_class': 21, 'mu_mon': 0.4, 'mu_conc': 0.2, 'mu_thr': 0.2}. Best is trial 13 with value: -1748.4990100006173.

Computing using 10 core...
[I 2026-08-10 18:09:33,967] Trial 20 finished with value: -1719.9100300005182 and parameters: {'mu_one_class': 29, 'mu_sc_first_last_class': 2.1, 'mu_sc_column_one': 25, 'mu_sc_change_class': 24, 'mu_mon': 0.30000000000000004, 'mu_conc': 0.30000000000000004, 'mu_thr': 0.1}. Best is trial 13 with value: -1748.4990100006173.

Computing using 10 core...
[I 2026-08-10 18:10:05,185] Trial 21 finished with value: -1719.9100300005182 and parameters: {'mu_one_class': 29, 'mu_sc_first_last_class': 2.1, 'mu_sc_column_one': 25, 'mu_sc_change_class': 24, 'mu_mon': 0.30000000000000004, 'mu_conc': 0.30000000000000004, 'mu_thr': 0.1}. Best is trial 13 with value: -1748.4990100006173.

Computing using 10 core...
[I 2026-08-10 18:10:36,900] Trial 22 finished with value: -1663.9100100003982 and parameters: {'mu_one_class': 28, 'mu_sc_first_last_class': 1.9, 'mu_sc_column_one': 24, 'mu_sc_change_class': 24, 'mu_mon': 0.30000000000000004, 'mu_conc': 0.30000000000000004, 'mu_thr': 0.1}. Best is trial 13 with value: -1748.4990100006173.

Computing using 10 core...
[I 2026-08-10 18:11:08,364] Trial 23 finished with value: -1539.74672666729 and parameters: {'mu_one_class': 30, 'mu_sc_first_last_class': 2.1, 'mu_sc_column_one': 25, 'mu_sc_change_class': 22, 'mu_mon': 0.30000000000000004, 'mu_conc': 0.4, 'mu_thr': 0.1}. Best is trial 13 with value: -1748.4990100006173.

Computing using 10 core...
[I 2026-08-10 18:11:47,469] Trial 24 finished with value: -1585.3118277779117 and parameters: {'mu_one_class': 29, 'mu_sc_first_last_class': 2.0, 'mu_sc_column_one': 23, 'mu_sc_change_class': 24, 'mu_mon': 0.2, 'mu_conc': 0.30000000000000004, 'mu_thr': 0.1}. Best is trial 13 with value: -1748.4990100006173.

Computing using 10 core...
[I 2026-08-10 18:12:18,909] Trial 25 finished with value: -1368.0734133358567 and parameters: {'mu_one_class': 31, 'mu_sc_first_last_class': 2.1, 'mu_sc_column_one': 24, 'mu_sc_change_class': 22, 'mu_mon': 0.30000000000000004, 'mu_conc': 0.2, 'mu_thr': 0.1}. Best is trial 13 with value: -1748.4990100006173.

Computing using 10 core...
[I 2026-08-10 18:12:50,292] Trial 26 finished with value: -1716.9100200003727 and parameters: {'mu_one_class': 28, 'mu_sc_first_last_class': 2.2, 'mu_sc_column_one': 25, 'mu_sc_change_class': 23, 'mu_mon': 0.30000000000000004, 'mu_conc': 0.30000000000000004, 'mu_thr': 0.1}. Best is trial 13 with value: -1748.4990100006173.

Computing using 10 core...
[I 2026-08-10 18:13:49,012] Trial 27 finished with value: -726.5502822278701 and parameters: {'mu_one_class': 31, 'mu_sc_first_last_class': 2.0, 'mu_sc_column_one': 22, 'mu_sc_change_class': 24, 'mu_mon': 0.2, 'mu_conc': 0.4, 'mu_thr': 0.2}. Best is trial 13 with value: -1748.4990100006173.

Computing using 10 core...
[I 2026-08-10 18:14:20,357] Trial 28 finished with value: -1666.9100200004473 and parameters: {'mu_one_class': 29, 'mu_sc_first_last_class': 1.8, 'mu_sc_column_one': 24, 'mu_sc_change_class': 25, 'mu_mon': 0.30000000000000004, 'mu_conc': 0.30000000000000004, 'mu_thr': 0.1}. Best is trial 13 with value: -1748.4990100006173.

Computing using 10 core...
[I 2026-08-10 18:14:51,924] Trial 29 finished with value: -1238.1491370376732 and parameters: {'mu_one_class': 30, 'mu_sc_first_last_class': 2.1, 'mu_sc_column_one': 21, 'mu_sc_change_class': 23, 'mu_mon': 0.2, 'mu_conc': 0.4, 'mu_thr': 0.1}. Best is trial 13 with value: -1748.4990100006173.

Computing using 10 core...
[I 2026-08-10 18:15:24,269] Trial 30 finished with value: -1274.6722081508049 and parameters: {'mu_one_class': 28, 'mu_sc_first_last_class': 2.1, 'mu_sc_column_one': 23, 'mu_sc_change_class': 21, 'mu_mon': 0.4, 'mu_conc': 0.2, 'mu_thr': 0.1}. Best is trial 13 with value: -1748.4990100006173.

Computing using 10 core...
[I 2026-08-10 18:15:57,719] Trial 31 finished with value: -1716.9100200003727 and parameters: {'mu_one_class': 28, 'mu_sc_first_last_class': 2.2, 'mu_sc_column_one': 25, 'mu_sc_change_class': 23, 'mu_mon': 0.30000000000000004, 'mu_conc': 0.30000000000000004, 'mu_thr': 0.1}. Best is trial 13 with value: -1748.4990100006173.

Computing using 10 core...
[I 2026-08-10 18:16:28,981] Trial 32 finished with value: -1719.9100100005182 and parameters: {'mu_one_class': 29, 'mu_sc_first_last_class': 2.2, 'mu_sc_column_one': 25, 'mu_sc_change_class': 24, 'mu_mon': 0.30000000000000004, 'mu_conc': 0.30000000000000004, 'mu_thr': 0.1}. Best is trial 13 with value: -1748.4990100006173.

Computing using 10 core...
[I 2026-08-10 18:17:01,223] Trial 33 finished with value: -1719.9100100005182 and parameters: {'mu_one_class': 29, 'mu_sc_first_last_class': 2.2, 'mu_sc_column_one': 25, 'mu_sc_change_class': 24, 'mu_mon': 0.30000000000000004, 'mu_conc': 0.30000000000000004, 'mu_thr': 0.1}. Best is trial 13 with value: -1748.4990100006173.

Computing using 10 core...
[I 2026-08-10 18:17:32,582] Trial 34 finished with value: -1666.7467066675063 and parameters: {'mu_one_class': 29, 'mu_sc_first_last_class': 2.1, 'mu_sc_column_one': 24, 'mu_sc_change_class': 25, 'mu_mon': 0.30000000000000004, 'mu_conc': 0.4, 'mu_thr': 0.1}. Best is trial 13 with value: -1748.4990100006173.

Computing using 10 core...
[I 2026-08-10 18:18:04,470] Trial 35 finished with value: -1519.3118677780517 and parameters: {'mu_one_class': 30, 'mu_sc_first_last_class': 2.1, 'mu_sc_column_one': 24, 'mu_sc_change_class': 22, 'mu_mon': 0.2, 'mu_conc': 0.30000000000000004, 'mu_thr': 0.1}. Best is trial 13 with value: -1748.4990100006173.

Computing using 10 core...
[I 2026-08-10 18:18:39,485] Trial 36 finished with value: -995.1118577770669 and parameters: {'mu_one_class': 29, 'mu_sc_first_last_class': 2.2, 'mu_sc_column_one': 25, 'mu_sc_change_class': 24, 'mu_mon': 0.4, 'mu_conc': 0.30000000000000004, 'mu_thr': 0.2}. Best is trial 13 with value: -1748.4990100006173.

Computing using 10 core...
[I 2026-08-10 18:19:12,221] Trial 37 finished with value: -1429.0733833358504 and parameters: {'mu_one_class': 31, 'mu_sc_first_last_class': 2.0, 'mu_sc_column_one': 24, 'mu_sc_change_class': 23, 'mu_mon': 0.30000000000000004, 'mu_conc': 0.2, 'mu_thr': 0.1}. Best is trial 13 with value: -1748.4990100006173.

Computing using 10 core...
[I 2026-08-10 18:19:43,532] Trial 38 finished with value: -1838.7466966676573 and parameters: {'mu_one_class': 28, 'mu_sc_first_last_class': 2.1, 'mu_sc_column_one': 25, 'mu_sc_change_class': 25, 'mu_mon': 0.30000000000000004, 'mu_conc': 0.4, 'mu_thr': 0.1}. Best is trial 38 with value: -1838.7466966676573.

Computing using 10 core...
[I 2026-08-10 18:20:15,787] Trial 39 finished with value: -906.3484644446075 and parameters: {'mu_one_class': 28, 'mu_sc_first_last_class': 1.9, 'mu_sc_column_one': 16, 'mu_sc_change_class': 25, 'mu_mon': 0.2, 'mu_conc': 0.4, 'mu_thr': 0.1}. Best is trial 38 with value: -1838.7466966676573.

Computing using 10 core...
[I 2026-08-10 18:20:51,020] Trial 40 finished with value: -771.5502322281666 and parameters: {'mu_one_class': 28, 'mu_sc_first_last_class': 2.0, 'mu_sc_column_one': 22, 'mu_sc_change_class': 25, 'mu_mon': 0.4, 'mu_conc': 0.4, 'mu_thr': 0.2}. Best is trial 38 with value: -1838.7466966676573.

Computing using 10 core...
[I 2026-08-10 18:21:47,500] Trial 41 finished with value: -1719.7466966674408 and parameters: {'mu_one_class': 29, 'mu_sc_first_last_class': 2.2, 'mu_sc_column_one': 25, 'mu_sc_change_class': 24, 'mu_mon': 0.30000000000000004, 'mu_conc': 0.4, 'mu_thr': 0.1}. Best is trial 38 with value: -1838.7466966676573.

Computing using 10 core...
[I 2026-08-10 18:22:18,848] Trial 42 finished with value: -1661.9100500006357 and parameters: {'mu_one_class': 30, 'mu_sc_first_last_class': 2.1, 'mu_sc_column_one': 25, 'mu_sc_change_class': 24, 'mu_mon': 0.30000000000000004, 'mu_conc': 0.30000000000000004, 'mu_thr': 0.1}. Best is trial 38 with value: -1838.7466966676573.

Computing using 10 core...
[I 2026-08-10 18:23:02,538] Trial 43 finished with value: -1602.9100600004383 and parameters: {'mu_one_class': 28, 'mu_sc_first_last_class': 2.2, 'mu_sc_column_one': 24, 'mu_sc_change_class': 23, 'mu_mon': 0.30000000000000004, 'mu_conc': 0.30000000000000004, 'mu_thr': 0.1}. Best is trial 38 with value: -1838.7466966676573.

Computing using 10 core...
[I 2026-08-10 18:23:46,395] Trial 44 finished with value: -822.7467666667969 and parameters: {'mu_one_class': 35, 'mu_sc_first_last_class': 2.1, 'mu_sc_column_one': 25, 'mu_sc_change_class': 15, 'mu_mon': 0.30000000000000004, 'mu_conc': 0.4, 'mu_thr': 0.1}. Best is trial 38 with value: -1838.7466966676573.

Computing using 10 core...
[I 2026-08-10 18:24:16,350] Trial 45 finished with value: -1741.2751311133984 and parameters: {'mu_one_class': 29, 'mu_sc_first_last_class': 2.0, 'mu_sc_column_one': 23, 'mu_sc_change_class': 25, 'mu_mon': 0.1, 'mu_conc': 0.2, 'mu_thr': 0.1}. Best is trial 38 with value: -1838.7466966676573.

Computing using 10 core...
[I 2026-08-10 18:24:59,206] Trial 46 finished with value: -1343.437585555747 and parameters: {'mu_one_class': 28, 'mu_sc_first_last_class': 2.0, 'mu_sc_column_one': 19, 'mu_sc_change_class': 25, 'mu_mon': 0.1, 'mu_conc': 0.1, 'mu_thr': 0.1}. Best is trial 38 with value: -1838.7466966676573.

Computing using 10 core...
[I 2026-08-10 18:25:32,875] Trial 47 finished with value: -1683.4375755557498 and parameters: {'mu_one_class': 30, 'mu_sc_first_last_class': 1.8, 'mu_sc_column_one': 23, 'mu_sc_change_class': 25, 'mu_mon': 0.1, 'mu_conc': 0.1, 'mu_thr': 0.1}. Best is trial 38 with value: -1838.7466966676573.

Computing using 10 core...
[I 2026-08-10 18:26:07,431] Trial 48 finished with value: 169.02448258519593 and parameters: {'mu_one_class': 29, 'mu_sc_first_last_class': 1.9, 'mu_sc_column_one': 21, 'mu_sc_change_class': 18, 'mu_mon': 0.1, 'mu_conc': 0.2, 'mu_thr': 0.3}. Best is trial 38 with value: -1838.7466966676573.

Computing using 10 core...
[I 2026-08-10 18:26:39,103] Trial 49 finished with value: -990.474608520834 and parameters: {'mu_one_class': 34, 'mu_sc_first_last_class': 2.0, 'mu_sc_column_one': 23, 'mu_sc_change_class': 19, 'mu_mon': 0.2, 'mu_conc': 0.2, 'mu_thr': 0.1}. Best is trial 38 with value: -1838.7466966676573.

Computing using 10 core...
[I 2026-08-10 18:27:11,238] Trial 50 finished with value: -1818.4745485208757 and parameters: {'mu_one_class': 28, 'mu_sc_first_last_class': 2.1, 'mu_sc_column_one': 24, 'mu_sc_change_class': 25, 'mu_mon': 0.2, 'mu_conc': 0.2, 'mu_thr': 0.1}. Best is trial 38 with value: -1838.7466966676573.

Computing using 10 core...
[I 2026-08-10 18:27:41,085] Trial 51 finished with value: -1913.275131113402 and parameters: {'mu_one_class': 28, 'mu_sc_first_last_class': 2.1, 'mu_sc_column_one': 24, 'mu_sc_change_class': 25, 'mu_mon': 0.1, 'mu_conc': 0.2, 'mu_thr': 0.1}. Best is trial 51 with value: -1913.275131113402.

Computing using 10 core...
[I 2026-08-10 18:28:10,929] Trial 52 finished with value: -1913.275131113402 and parameters: {'mu_one_class': 28, 'mu_sc_first_last_class': 2.1, 'mu_sc_column_one': 24, 'mu_sc_change_class': 25, 'mu_mon': 0.1, 'mu_conc': 0.2, 'mu_thr': 0.1}. Best is trial 51 with value: -1913.275131113402.

Computing using 10 core...
[I 2026-08-10 18:28:44,269] Trial 53 finished with value: -1799.2751311134157 and parameters: {'mu_one_class': 28, 'mu_sc_first_last_class': 2.0, 'mu_sc_column_one': 23, 'mu_sc_change_class': 25, 'mu_mon': 0.1, 'mu_conc': 0.2, 'mu_thr': 0.1}. Best is trial 51 with value: -1913.275131113402.

Computing using 10 core...
[I 2026-08-10 18:29:15,142] Trial 54 finished with value: -1913.275131113402 and parameters: {'mu_one_class': 28, 'mu_sc_first_last_class': 2.1, 'mu_sc_column_one': 24, 'mu_sc_change_class': 25, 'mu_mon': 0.1, 'mu_conc': 0.2, 'mu_thr': 0.1}. Best is trial 51 with value: -1913.275131113402.

Computing using 10 core...
[I 2026-08-10 18:29:47,036] Trial 55 finished with value: -1685.2751211134212 and parameters: {'mu_one_class': 28, 'mu_sc_first_last_class': 2.1, 'mu_sc_column_one': 22, 'mu_sc_change_class': 25, 'mu_mon': 0.1, 'mu_conc': 0.2, 'mu_thr': 0.1}. Best is trial 51 with value: -1913.275131113402.

Computing using 10 core...
[I 2026-08-10 18:30:17,031] Trial 56 finished with value: -1913.4375755557453 and parameters: {'mu_one_class': 28, 'mu_sc_first_last_class': 1.6, 'mu_sc_column_one': 24, 'mu_sc_change_class': 25, 'mu_mon': 0.1, 'mu_conc': 0.1, 'mu_thr': 0.1}. Best is trial 56 with value: -1913.4375755557453.

Computing using 10 core...
[I 2026-08-10 18:30:47,707] Trial 57 finished with value: -1913.4375755557453 and parameters: {'mu_one_class': 28, 'mu_sc_first_last_class': 1.6, 'mu_sc_column_one': 24, 'mu_sc_change_class': 25, 'mu_mon': 0.1, 'mu_conc': 0.1, 'mu_thr': 0.1}. Best is trial 56 with value: -1913.4375755557453.

Computing using 10 core...
[I 2026-08-10 18:31:17,611] Trial 58 finished with value: -1852.4375755557462 and parameters: {'mu_one_class': 28, 'mu_sc_first_last_class': 1.6, 'mu_sc_column_one': 24, 'mu_sc_change_class': 24, 'mu_mon': 0.1, 'mu_conc': 0.1, 'mu_thr': 0.1}. Best is trial 56 with value: -1913.4375755557453.

Computing using 10 core...
