[I 2026-08-11 18:05:04,667] Trial 60 finished with value: -1644.1855655541997 and parameters: {'mu_one_class': 30, 'mu_sc_first_last_class': 2.5, 'mu_sc_column_one': 20, 'mu_sc_change_class': 30, 'mu_mon': 0.1, 'mu_conc': 0.5, 'mu_thr': 0.1}. Best is trial 46 with value: -3370.9765214802374.

Computing using 10 core...
[I 2026-08-11 18:06:09,211] Trial 61 finished with value: -3368.899807777403 and parameters: {'mu_one_class': 33, 'mu_sc_first_last_class': 1.8, 'mu_sc_column_one': 35, 'mu_sc_change_class': 33, 'mu_mon': 0.1, 'mu_conc': 0.30000000000000004, 'mu_thr': 0.1}. Best is trial 46 with value: -3370.9765214802374.

Computing using 10 core...
[I 2026-08-11 18:07:10,668] Trial 62 finished with value: -3367.733117038303 and parameters: {'mu_one_class': 32, 'mu_sc_first_last_class': 1.8, 'mu_sc_column_one': 35, 'mu_sc_change_class': 32, 'mu_mon': 0.1, 'mu_conc': 0.4, 'mu_thr': 0.1}. Best is trial 46 with value: -3370.9765214802374.

Computing using 10 core...
[I 2026-08-11 18:08:13,345] Trial 63 finished with value: -3191.8998077775086 and parameters: {'mu_one_class': 33, 'mu_sc_first_last_class': 1.8, 'mu_sc_column_one': 34, 'mu_sc_change_class': 32, 'mu_mon': 0.1, 'mu_conc': 0.30000000000000004, 'mu_thr': 0.1}. Best is trial 46 with value: -3370.9765214802374.

Computing using 10 core...
[I 2026-08-11 18:09:10,734] Trial 64 finished with value: -3428.899817777223 and parameters: {'mu_one_class': 32, 'mu_sc_first_last_class': 1.8, 'mu_sc_column_one': 35, 'mu_sc_change_class': 33, 'mu_mon': 0.1, 'mu_conc': 0.30000000000000004, 'mu_thr': 0.1}. Best is trial 64 with value: -3428.899817777223.

Computing using 10 core...
[I 2026-08-11 18:10:08,570] Trial 65 finished with value: -3135.8998177773574 and parameters: {'mu_one_class': 32, 'mu_sc_first_last_class': 1.8, 'mu_sc_column_one': 33, 'mu_sc_change_class': 32, 'mu_mon': 0.1, 'mu_conc': 0.30000000000000004, 'mu_thr': 0.1}. Best is trial 64 with value: -3428.899817777223.

Computing using 10 core...
[I 2026-08-11 18:11:07,831] Trial 66 finished with value: -2047.1126766667942 and parameters: {'mu_one_class': 32, 'mu_sc_first_last_class': 1.7000000000000002, 'mu_sc_column_one': 24, 'mu_sc_change_class': 31, 'mu_mon': 0.1, 'mu_conc': 0.30000000000000004, 'mu_thr': 0.1}. Best is trial 64 with value: -3428.899817777223.

Computing using 10 core...
[I 2026-08-11 18:12:14,885] Trial 67 finished with value: -2623.4998277787977 and parameters: {'mu_one_class': 32, 'mu_sc_first_last_class': 1.8, 'mu_sc_column_one': 34, 'mu_sc_change_class': 32, 'mu_mon': 0.1, 'mu_conc': 0.30000000000000004, 'mu_thr': 0.2}. Best is trial 64 with value: -3428.899817777223.

Computing using 10 core...
[I 2026-08-11 18:13:12,182] Trial 68 finished with value: -3368.5663062950257 and parameters: {'mu_one_class': 33, 'mu_sc_first_last_class': 1.9, 'mu_sc_column_one': 35, 'mu_sc_change_class': 33, 'mu_mon': 0.1, 'mu_conc': 0.5, 'mu_thr': 0.1}. Best is trial 64 with value: -3428.899817777223.

Computing using 10 core...
[I 2026-08-11 18:14:10,532] Trial 69 finished with value: -3252.5663362950245 and parameters: {'mu_one_class': 33, 'mu_sc_first_last_class': 2.1, 'mu_sc_column_one': 34, 'mu_sc_change_class': 33, 'mu_mon': 0.1, 'mu_conc': 0.5, 'mu_thr': 0.1}. Best is trial 64 with value: -3428.899817777223.

Computing using 10 core...
[I 2026-08-11 18:15:10,379] Trial 70 finished with value: -3429.565965924643 and parameters: {'mu_one_class': 33, 'mu_sc_first_last_class': 1.9, 'mu_sc_column_one': 35, 'mu_sc_change_class': 34, 'mu_mon': 0.1, 'mu_conc': 0.5, 'mu_thr': 0.1}. Best is trial 70 with value: -3429.565965924643.

Computing using 10 core...
[I 2026-08-11 18:16:12,197] Trial 71 finished with value: -3429.565965924643 and parameters: {'mu_one_class': 33, 'mu_sc_first_last_class': 1.9, 'mu_sc_column_one': 35, 'mu_sc_change_class': 34, 'mu_mon': 0.1, 'mu_conc': 0.5, 'mu_thr': 0.1}. Best is trial 70 with value: -3429.565965924643.

Computing using 10 core...
[I 2026-08-11 18:17:10,344] Trial 72 finished with value: -3369.56632629505 and parameters: {'mu_one_class': 34, 'mu_sc_first_last_class': 2.0, 'mu_sc_column_one': 35, 'mu_sc_change_class': 34, 'mu_mon': 0.1, 'mu_conc': 0.5, 'mu_thr': 0.1}. Best is trial 70 with value: -3429.565965924643.

Computing using 10 core...
[I 2026-08-11 18:18:07,481] Trial 73 finished with value: -3253.976901850598 and parameters: {'mu_one_class': 34, 'mu_sc_first_last_class': 2.0, 'mu_sc_column_one': 34, 'mu_sc_change_class': 34, 'mu_mon': 0.1, 'mu_conc': 0.5, 'mu_thr': 0.1}. Best is trial 70 with value: -3429.565965924643.

Computing using 10 core...
[I 2026-08-11 18:19:28,025] Trial 74 finished with value: -3369.566316295052 and parameters: {'mu_one_class': 34, 'mu_sc_first_last_class': 1.7000000000000002, 'mu_sc_column_one': 35, 'mu_sc_change_class': 34, 'mu_mon': 0.1, 'mu_conc': 0.5, 'mu_thr': 0.1}. Best is trial 70 with value: -3429.565965924643.

Computing using 10 core...
[I 2026-08-11 18:20:27,706] Trial 75 finished with value: -3139.787797776529 and parameters: {'mu_one_class': 34, 'mu_sc_first_last_class': 1.7000000000000002, 'mu_sc_column_one': 33, 'mu_sc_change_class': 34, 'mu_mon': 0.1, 'mu_conc': 0.5, 'mu_thr': 0.1}. Best is trial 70 with value: -3429.565965924643.

Computing using 10 core...
[I 2026-08-11 18:21:44,148] Trial 76 finished with value: -3369.566316295052 and parameters: {'mu_one_class': 34, 'mu_sc_first_last_class': 1.7000000000000002, 'mu_sc_column_one': 35, 'mu_sc_change_class': 34, 'mu_mon': 0.1, 'mu_conc': 0.5, 'mu_thr': 0.1}. Best is trial 70 with value: -3429.565965924643.

Computing using 10 core...
[I 2026-08-11 18:22:51,139] Trial 77 finished with value: -1370.8885685093423 and parameters: {'mu_one_class': 34, 'mu_sc_first_last_class': 1.6, 'mu_sc_column_one': 34, 'mu_sc_change_class': 34, 'mu_mon': 0.1, 'mu_conc': 0.5, 'mu_thr': 0.4}. Best is trial 70 with value: -3429.565965924643.

Computing using 10 core...
[I 2026-08-11 18:24:02,691] Trial 78 finished with value: -2427.172827773898 and parameters: {'mu_one_class': 34, 'mu_sc_first_last_class': 1.6, 'mu_sc_column_one': 35, 'mu_sc_change_class': 35, 'mu_mon': 0.5, 'mu_conc': 0.5, 'mu_thr': 0.2}. Best is trial 70 with value: -3429.565965924643.

Computing using 10 core...
[I 2026-08-11 18:25:00,184] Trial 79 finished with value: -3195.787807776549 and parameters: {'mu_one_class': 35, 'mu_sc_first_last_class': 1.7000000000000002, 'mu_sc_column_one': 34, 'mu_sc_change_class': 34, 'mu_mon': 0.1, 'mu_conc': 0.5, 'mu_thr': 0.1}. Best is trial 70 with value: -3429.565965924643.

Computing using 10 core...
[I 2026-08-11 18:25:57,160] Trial 80 finished with value: -3142.7877977765506 and parameters: {'mu_one_class': 35, 'mu_sc_first_last_class': 1.5, 'mu_sc_column_one': 33, 'mu_sc_change_class': 35, 'mu_mon': 0.1, 'mu_conc': 0.5, 'mu_thr': 0.1}. Best is trial 70 with value: -3429.565965924643.

Computing using 10 core...
[I 2026-08-11 18:26:54,457] Trial 81 finished with value: -3429.566336295027 and parameters: {'mu_one_class': 33, 'mu_sc_first_last_class': 1.8, 'mu_sc_column_one': 35, 'mu_sc_change_class': 34, 'mu_mon': 0.1, 'mu_conc': 0.5, 'mu_thr': 0.1}. Best is trial 81 with value: -3429.566336295027.

Computing using 10 core...
[I 2026-08-11 18:27:51,632] Trial 82 finished with value: -3429.566336295027 and parameters: {'mu_one_class': 33, 'mu_sc_first_last_class': 1.8, 'mu_sc_column_one': 35, 'mu_sc_change_class': 34, 'mu_mon': 0.1, 'mu_conc': 0.5, 'mu_thr': 0.1}. Best is trial 81 with value: -3429.566336295027.

Computing using 10 core...
[I 2026-08-11 18:28:55,608] Trial 83 finished with value: -3369.566316295052 and parameters: {'mu_one_class': 34, 'mu_sc_first_last_class': 1.7000000000000002, 'mu_sc_column_one': 35, 'mu_sc_change_class': 34, 'mu_mon': 0.1, 'mu_conc': 0.5, 'mu_thr': 0.1}. Best is trial 81 with value: -3429.566336295027.

Computing using 10 core...
[I 2026-08-11 18:29:52,922] Trial 84 finished with value: -3434.5663262949975 and parameters: {'mu_one_class': 32, 'mu_sc_first_last_class': 2.0, 'mu_sc_column_one': 34, 'mu_sc_change_class': 35, 'mu_mon': 0.1, 'mu_conc': 0.5, 'mu_thr': 0.1}. Best is trial 84 with value: -3434.5663262949975.

Computing using 10 core...
[I 2026-08-11 18:30:50,400] Trial 85 finished with value: -3434.5663262949975 and parameters: {'mu_one_class': 32, 'mu_sc_first_last_class': 2.0, 'mu_sc_column_one': 34, 'mu_sc_change_class': 35, 'mu_mon': 0.1, 'mu_conc': 0.5, 'mu_thr': 0.1}. Best is trial 84 with value: -3434.5663262949975.

Computing using 10 core...
[I 2026-08-11 18:31:49,322] Trial 86 finished with value: -3202.9769018505463 and parameters: {'mu_one_class': 32, 'mu_sc_first_last_class': 2.0, 'mu_sc_column_one': 32, 'mu_sc_change_class': 35, 'mu_mon': 0.1, 'mu_conc': 0.5, 'mu_thr': 0.1}. Best is trial 84 with value: -3434.5663262949975.

Computing using 10 core...
[I 2026-08-11 18:32:47,425] Trial 87 finished with value: -3494.566336294978 and parameters: {'mu_one_class': 31, 'mu_sc_first_last_class': 2.1, 'mu_sc_column_one': 34, 'mu_sc_change_class': 35, 'mu_mon': 0.1, 'mu_conc': 0.5, 'mu_thr': 0.1}. Best is trial 87 with value: -3494.566336294978.

Computing using 10 core...
[I 2026-08-11 18:33:48,907] Trial 88 finished with value: -2750.1663862928585 and parameters: {'mu_one_class': 31, 'mu_sc_first_last_class': 2.1, 'mu_sc_column_one': 33, 'mu_sc_change_class': 35, 'mu_mon': 0.1, 'mu_conc': 0.5, 'mu_thr': 0.2}. Best is trial 87 with value: -3494.566336294978.

Computing using 10 core...
[I 2026-08-11 18:34:46,568] Trial 89 finished with value: -3554.566346294959 and parameters: {'mu_one_class': 30, 'mu_sc_first_last_class': 2.2, 'mu_sc_column_one': 34, 'mu_sc_change_class': 35, 'mu_mon': 0.1, 'mu_conc': 0.5, 'mu_thr': 0.1}. Best is trial 89 with value: -3554.566346294959.

Computing using 10 core...
[I 2026-08-11 18:35:48,506] Trial 90 finished with value: -3554.566346294959 and parameters: {'mu_one_class': 30, 'mu_sc_first_last_class': 2.2, 'mu_sc_column_one': 34, 'mu_sc_change_class': 35, 'mu_mon': 0.1, 'mu_conc': 0.5, 'mu_thr': 0.1}. Best is trial 89 with value: -3554.566346294959.

Computing using 10 core...
[I 2026-08-11 18:37:07,548] Trial 91 finished with value: -3614.566396294953 and parameters: {'mu_one_class': 29, 'mu_sc_first_last_class': 2.2, 'mu_sc_column_one': 34, 'mu_sc_change_class': 35, 'mu_mon': 0.1, 'mu_conc': 0.5, 'mu_thr': 0.1}. Best is trial 91 with value: -3614.566396294953.

Computing using 10 core...
[I 2026-08-11 18:38:05,267] Trial 92 finished with value: -3614.566396294953 and parameters: {'mu_one_class': 29, 'mu_sc_first_last_class': 2.2, 'mu_sc_column_one': 34, 'mu_sc_change_class': 35, 'mu_mon': 0.1, 'mu_conc': 0.5, 'mu_thr': 0.1}. Best is trial 91 with value: -3614.566396294953.

Computing using 10 core...
[I 2026-08-11 18:39:12,771] Trial 93 finished with value: -3498.5663562949453 and parameters: {'mu_one_class': 29, 'mu_sc_first_last_class': 2.2, 'mu_sc_column_one': 33, 'mu_sc_change_class': 35, 'mu_mon': 0.1, 'mu_conc': 0.5, 'mu_thr': 0.1}. Best is trial 91 with value: -3614.566396294953.

Computing using 10 core...
[I 2026-08-11 18:40:24,994] Trial 94 finished with value: -3106.556005924628 and parameters: {'mu_one_class': 29, 'mu_sc_first_last_class': 2.2, 'mu_sc_column_one': 32, 'mu_sc_change_class': 35, 'mu_mon': 0.4, 'mu_conc': 0.5, 'mu_thr': 0.1}. Best is trial 91 with value: -3614.566396294953.

Computing using 10 core...
[I 2026-08-11 18:41:22,800] Trial 95 finished with value: -3438.566366294959 and parameters: {'mu_one_class': 30, 'mu_sc_first_last_class': 2.2, 'mu_sc_column_one': 33, 'mu_sc_change_class': 35, 'mu_mon': 0.1, 'mu_conc': 0.5, 'mu_thr': 0.1}. Best is trial 91 with value: -3614.566396294953.

Computing using 10 core...
[I 2026-08-11 18:42:23,022] Trial 96 finished with value: -3438.566366294959 and parameters: {'mu_one_class': 30, 'mu_sc_first_last_class': 2.2, 'mu_sc_column_one': 33, 'mu_sc_change_class': 35, 'mu_mon': 0.1, 'mu_conc': 0.5, 'mu_thr': 0.1}. Best is trial 91 with value: -3614.566396294953.

Computing using 10 core...
[I 2026-08-11 18:43:39,170] Trial 97 finished with value: -3206.5663662949482 and parameters: {'mu_one_class': 30, 'mu_sc_first_last_class': 2.2, 'mu_sc_column_one': 31, 'mu_sc_change_class': 35, 'mu_mon': 0.1, 'mu_conc': 0.5, 'mu_thr': 0.1}. Best is trial 91 with value: -3614.566396294953.

Computing using 10 core...
[I 2026-08-11 18:44:38,437] Trial 98 finished with value: -3498.5663562949453 and parameters: {'mu_one_class': 29, 'mu_sc_first_last_class': 2.2, 'mu_sc_column_one': 33, 'mu_sc_change_class': 35, 'mu_mon': 0.1, 'mu_conc': 0.5, 'mu_thr': 0.1}. Best is trial 91 with value: -3614.566396294953.

Computing using 10 core...
[I 2026-08-11 18:45:36,680] Trial 99 finished with value: -3382.5663462949437 and parameters: {'mu_one_class': 29, 'mu_sc_first_last_class': 2.4000000000000004, 'mu_sc_column_one': 32, 'mu_sc_change_class': 35, 'mu_mon': 0.1, 'mu_conc': 0.5, 'mu_thr': 0.1}. Best is trial 91 with value: -3614.566396294953.

Computing using 10 core...
[I 2026-08-11 18:46:37,640] Trial 100 finished with value: -3558.566386294938 and parameters: {'mu_one_class': 28, 'mu_sc_first_last_class': 2.4000000000000004, 'mu_sc_column_one': 33, 'mu_sc_change_class': 35, 'mu_mon': 0.1, 'mu_conc': 0.5, 'mu_thr': 0.1}. Best is trial 91 with value: -3614.566396294953.

Computing using 10 core...
[I 2026-08-11 18:47:35,608] Trial 101 finished with value: -3558.566386294938 and parameters: {'mu_one_class': 28, 'mu_sc_first_last_class': 2.4000000000000004, 'mu_sc_column_one': 33, 'mu_sc_change_class': 35, 'mu_mon': 0.1, 'mu_conc': 0.5, 'mu_thr': 0.1}. Best is trial 91 with value: -3614.566396294953.

Computing using 10 core...
[I 2026-08-11 18:48:34,668] Trial 102 finished with value: -3558.566386294938 and parameters: {'mu_one_class': 28, 'mu_sc_first_last_class': 2.4000000000000004, 'mu_sc_column_one': 33, 'mu_sc_change_class': 35, 'mu_mon': 0.1, 'mu_conc': 0.5, 'mu_thr': 0.1}. Best is trial 91 with value: -3614.566396294953.

Computing using 10 core...
[I 2026-08-11 18:49:32,713] Trial 103 finished with value: -3558.566386294938 and parameters: {'mu_one_class': 28, 'mu_sc_first_last_class': 2.4000000000000004, 'mu_sc_column_one': 33, 'mu_sc_change_class': 35, 'mu_mon': 0.1, 'mu_conc': 0.5, 'mu_thr': 0.1}. Best is trial 91 with value: -3614.566396294953.

Computing using 10 core...
[I 2026-08-11 18:50:30,905] Trial 104 finished with value: -3442.56635629494 and parameters: {'mu_one_class': 28, 'mu_sc_first_last_class': 2.4000000000000004, 'mu_sc_column_one': 32, 'mu_sc_change_class': 35, 'mu_mon': 0.1, 'mu_conc': 0.5, 'mu_thr': 0.1}. Best is trial 91 with value: -3614.566396294953.

Computing using 10 core...
[I 2026-08-11 18:51:29,201] Trial 105 finished with value: -3326.566336294949 and parameters: {'mu_one_class': 28, 'mu_sc_first_last_class': 2.6, 'mu_sc_column_one': 31, 'mu_sc_change_class': 35, 'mu_mon': 0.1, 'mu_conc': 0.5, 'mu_thr': 0.1}. Best is trial 91 with value: -3614.566396294953.

Computing using 10 core...
[I 2026-08-11 18:52:27,592] Trial 106 finished with value: -3210.5659759245723 and parameters: {'mu_one_class': 28, 'mu_sc_first_last_class': 2.4000000000000004, 'mu_sc_column_one': 30, 'mu_sc_change_class': 35, 'mu_mon': 0.1, 'mu_conc': 0.5, 'mu_thr': 0.1}. Best is trial 91 with value: -3614.566396294953.

Computing using 10 core...
[I 2026-08-11 18:53:25,581] Trial 107 finished with value: -3498.565955924564 and parameters: {'mu_one_class': 29, 'mu_sc_first_last_class': 2.5, 'mu_sc_column_one': 33, 'mu_sc_change_class': 35, 'mu_mon': 0.1, 'mu_conc': 0.5, 'mu_thr': 0.1}. Best is trial 91 with value: -3614.566396294953.

Computing using 10 core...
[I 2026-08-11 18:54:37,550] Trial 108 finished with value: -3498.565955924564 and parameters: {'mu_one_class': 29, 'mu_sc_first_last_class': 2.5, 'mu_sc_column_one': 33, 'mu_sc_change_class': 35, 'mu_mon': 0.1, 'mu_conc': 0.5, 'mu_thr': 0.1}. Best is trial 91 with value: -3614.566396294953.

Computing using 10 core...
[I 2026-08-11 18:55:36,265] Trial 109 finished with value: -2528.566376294967 and parameters: {'mu_one_class': 29, 'mu_sc_first_last_class': 2.5, 'mu_sc_column_one': 32, 'mu_sc_change_class': 21, 'mu_mon': 0.1, 'mu_conc': 0.5, 'mu_thr': 0.1}. Best is trial 91 with value: -3614.566396294953.

Computing using 10 core...
[I 2026-08-11 18:56:36,939] Trial 110 finished with value: -3498.5663562949453 and parameters: {'mu_one_class': 29, 'mu_sc_first_last_class': 2.6, 'mu_sc_column_one': 33, 'mu_sc_change_class': 35, 'mu_mon': 0.1, 'mu_conc': 0.5, 'mu_thr': 0.1}. Best is trial 91 with value: -3614.566396294953.

Computing using 10 core...
[I 2026-08-11 18:57:34,953] Trial 111 finished with value: -3498.5663562949453 and parameters: {'mu_one_class': 29, 'mu_sc_first_last_class': 2.6, 'mu_sc_column_one': 33, 'mu_sc_change_class': 35, 'mu_mon': 0.1, 'mu_conc': 0.5, 'mu_thr': 0.1}. Best is trial 91 with value: -3614.566396294953.

Computing using 10 core...
[I 2026-08-11 18:58:34,525] Trial 112 finished with value: -3558.5663662949382 and parameters: {'mu_one_class': 28, 'mu_sc_first_last_class': 2.7, 'mu_sc_column_one': 33, 'mu_sc_change_class': 35, 'mu_mon': 0.1, 'mu_conc': 0.5, 'mu_thr': 0.1}. Best is trial 91 with value: -3614.566396294953.

Computing using 10 core...
[I 2026-08-11 18:59:32,842] Trial 113 finished with value: -3381.5663562949508 and parameters: {'mu_one_class': 28, 'mu_sc_first_last_class': 2.8, 'mu_sc_column_one': 32, 'mu_sc_change_class': 34, 'mu_mon': 0.1, 'mu_conc': 0.5, 'mu_thr': 0.1}. Best is trial 91 with value: -3614.566396294953.

Computing using 10 core...
[I 2026-08-11 19:00:30,794] Trial 114 finished with value: -3558.5663662949382 and parameters: {'mu_one_class': 28, 'mu_sc_first_last_class': 2.7, 'mu_sc_column_one': 33, 'mu_sc_change_class': 35, 'mu_mon': 0.1, 'mu_conc': 0.5, 'mu_thr': 0.1}. Best is trial 91 with value: -3614.566396294953.

Computing using 10 core...
[I 2026-08-11 19:01:29,089] Trial 115 finished with value: -3497.566356294939 and parameters: {'mu_one_class': 28, 'mu_sc_first_last_class': 2.3, 'mu_sc_column_one': 33, 'mu_sc_change_class': 34, 'mu_mon': 0.1, 'mu_conc': 0.5, 'mu_thr': 0.1}. Best is trial 91 with value: -3614.566396294953.

Computing using 10 core...
[I 2026-08-11 19:02:27,222] Trial 116 finished with value: -3442.56635629494 and parameters: {'mu_one_class': 28, 'mu_sc_first_last_class': 2.8, 'mu_sc_column_one': 32, 'mu_sc_change_class': 35, 'mu_mon': 0.1, 'mu_conc': 0.5, 'mu_thr': 0.1}. Best is trial 91 with value: -3614.566396294953.

Computing using 10 core...
[I 2026-08-11 19:03:29,873] Trial 117 finished with value: -3497.56633629494 and parameters: {'mu_one_class': 28, 'mu_sc_first_last_class': 2.7, 'mu_sc_column_one': 33, 'mu_sc_change_class': 34, 'mu_mon': 0.1, 'mu_conc': 0.5, 'mu_thr': 0.1}. Best is trial 91 with value: -3614.566396294953.

Computing using 10 core...
[I 2026-08-11 19:04:27,971] Trial 118 finished with value: -3266.5663362949463 and parameters: {'mu_one_class': 29, 'mu_sc_first_last_class': 2.4000000000000004, 'mu_sc_column_one': 31, 'mu_sc_change_class': 35, 'mu_mon': 0.1, 'mu_conc': 0.5, 'mu_thr': 0.1}. Best is trial 91 with value: -3614.566396294953.

Computing using 10 core...
[I 2026-08-11 19:05:37,975] Trial 119 finished with value: -3497.5663762949407 and parameters: {'mu_one_class': 28, 'mu_sc_first_last_class': 2.9000000000000004, 'mu_sc_column_one': 33, 'mu_sc_change_class': 34, 'mu_mon': 0.1, 'mu_conc': 0.5, 'mu_thr': 0.1}. Best is trial 91 with value: -3614.566396294953.

Computing using 10 core...
[I 2026-08-11 19:06:37,110] Trial 120 finished with value: -3442.56636629494 and parameters: {'mu_one_class': 28, 'mu_sc_first_last_class': 2.3, 'mu_sc_column_one': 32, 'mu_sc_change_class': 35, 'mu_mon': 0.1, 'mu_conc': 0.5, 'mu_thr': 0.1}. Best is trial 91 with value: -3614.566396294953.

Computing using 10 core...
[I 2026-08-11 19:07:35,057] Trial 121 finished with value: -3498.5663662949455 and parameters: {'mu_one_class': 29, 'mu_sc_first_last_class': 2.7, 'mu_sc_column_one': 33, 'mu_sc_change_class': 35, 'mu_mon': 0.1, 'mu_conc': 0.5, 'mu_thr': 0.1}. Best is trial 91 with value: -3614.566396294953.

Computing using 10 core...
[I 2026-08-11 19:08:37,345] Trial 122 finished with value: -3554.566316294959 and parameters: {'mu_one_class': 30, 'mu_sc_first_last_class': 2.7, 'mu_sc_column_one': 34, 'mu_sc_change_class': 35, 'mu_mon': 0.1, 'mu_conc': 0.5, 'mu_thr': 0.1}. Best is trial 91 with value: -3614.566396294953.

Computing using 10 core...
[I 2026-08-11 19:09:34,958] Trial 123 finished with value: -3493.566336294958 and parameters: {'mu_one_class': 30, 'mu_sc_first_last_class': 2.7, 'mu_sc_column_one': 34, 'mu_sc_change_class': 34, 'mu_mon': 0.1, 'mu_conc': 0.5, 'mu_thr': 0.1}. Best is trial 91 with value: -3614.566396294953.

Computing using 10 core...
[I 2026-08-11 19:11:00,632] Trial 124 finished with value: -3674.5663962949493 and parameters: {'mu_one_class': 28, 'mu_sc_first_last_class': 2.7, 'mu_sc_column_one': 34, 'mu_sc_change_class': 35, 'mu_mon': 0.1, 'mu_conc': 0.5, 'mu_thr': 0.1}. Best is trial 124 with value: -3674.5663962949493.

Computing using 10 core...
[I 2026-08-11 19:11:59,990] Trial 125 finished with value: -3613.5663762949425 and parameters: {'mu_one_class': 28, 'mu_sc_first_last_class': 2.7, 'mu_sc_column_one': 34, 'mu_sc_change_class': 34, 'mu_mon': 0.1, 'mu_conc': 0.5, 'mu_thr': 0.1}. Best is trial 124 with value: -3674.5663962949493.

Computing using 10 core...
[I 2026-08-11 19:12:58,956] Trial 126 finished with value: -3613.566416294944 and parameters: {'mu_one_class': 28, 'mu_sc_first_last_class': 2.8, 'mu_sc_column_one': 34, 'mu_sc_change_class': 34, 'mu_mon': 0.1, 'mu_conc': 0.5, 'mu_thr': 0.1}. Best is trial 124 with value: -3674.5663962949493.

Computing using 10 core...
