WARNING: /opt/miniforge3/Linux_x86_64/25.3/etc/profile.d/mamba.sh (the file emitting this warning) is deprecated.
WARNING: This file will be removed on the next release after 30th September 2025.
WARNING: Please use 'mamba shell init' to get the correct initialization for your shell.
WARNING: The MAMBA_ROOT_PREFIX environment variable is not set.
WARNING: This is required for mamba to work correctly as of 2.0.
WARNING: 
WARNING: For now, we are setting 'MAMBA_ROOT_PREFIX' to '/opt/miniforge3/Linux_x86_64/25.3'.
WARNING: 
WARNING: Please make sure this is consistent with your installation or alternatively (by order of preference):
WARNING:   - rerun 'mamba shell init' to initialize mamba for your current shell
WARNING:   - manually set 'MAMBA_ROOT_PREFIX' to the root of your installation in your shell profile script.
WARNING:   - use the '-r,--root-prefix' CLI option when calling mamba.
WARNING: 
WARNING: This message originates from /opt/miniforge3/Linux_x86_64/25.3/etc/profile.d/mamba.sh
[I 2026-08-11 16:58:46,800] A new study created in memory with name: no-name-65a1d676-7577-41ed-97b4-e079f91dd6fd
PRINTING ALL THE CONFIGURATIONS: 
 - data_source: d_conf_input
 - n_counterpart: 60
 - grades: 4
 - default_prob: 0.1
 - default_module: 1
 - one_indices: [16, 40, 37, 59, 53, 51, 50]
 - data_path: data/dataset-ispq.csv
 - attributes: {'years': [2012, 2015], 'sector': 'no', 'revenue': 'no', 'geo_area': 'no'}
 - solvers: {'brute_force': False, 'dwave_exact': False, 'annealing': True, 'gurobi': False, 'quantum_annealing': False}
 - alpha_concentration: 0.05
 - alpha_heterogeneity: 0.01
 - alpha_homogeneity: 0.05
 - constraints: {'one_class': True, 'logic': True, 'monotonicity': True, 'concentration': True, 'min_thr': True, 'max_thr': True}
 - mu_table: static
 - mu: {'one_class': 30, 'first_last_class': 1.5, 'column_one': 25, 'change_class': 25, 'subm_1000': 1, 'subm_0001': 1, 'subm_0110': 1, 'restart': 1, 'monotonicity': 0.1, 'concentration': 0.1, 'min_thr': 0.1, 'max_thr': 0.1}
 - test: {'logic': True, 'monotonicity': True, 'heterogeneity': True, 'concentration': True, 'min_thr': True, 'max_thr': True, 'homogeneity': True}
 - shots: 1000000
 - reads: 50
 - num_trotters: 32
 - gurobi_n_sol: 10
 - gurobi_fidelity: 1

Computing using 10 core...
[I 2026-08-11 16:59:57,088] Trial 0 finished with value: -1906.0648448109685 and parameters: {'mu_one_class': 29, 'mu_sc_first_last_class': 1.0, 'mu_sc_column_one': 30, 'mu_sc_change_class': 28, 'mu_mon': 0.30000000000000004, 'mu_conc': 0.5, 'mu_thr': 0.2}. Best is trial 0 with value: -1906.0648448109685.

Computing using 10 core...
[I 2026-08-11 17:01:24,368] Trial 1 finished with value: -886.0886385153802 and parameters: {'mu_one_class': 40, 'mu_sc_first_last_class': 2.4000000000000004, 'mu_sc_column_one': 25, 'mu_sc_change_class': 28, 'mu_mon': 0.1, 'mu_conc': 0.5, 'mu_thr': 0.2}. Best is trial 0 with value: -1906.0648448109685.

Computing using 10 core...
[I 2026-08-11 17:02:41,883] Trial 2 finished with value: 491.087233322761 and parameters: {'mu_one_class': 33, 'mu_sc_first_last_class': 1.3, 'mu_sc_column_one': 28, 'mu_sc_change_class': 20, 'mu_mon': 0.5, 'mu_conc': 0.30000000000000004, 'mu_thr': 0.4}. Best is trial 0 with value: -1906.0648448109685.

Computing using 10 core...
[I 2026-08-11 17:03:54,599] Trial 3 finished with value: 461.7329951926247 and parameters: {'mu_one_class': 39, 'mu_sc_first_last_class': 1.9, 'mu_sc_column_one': 22, 'mu_sc_change_class': 27, 'mu_mon': 0.5, 'mu_conc': 0.4, 'mu_thr': 0.30000000000000004}. Best is trial 0 with value: -1906.0648448109685.

Computing using 10 core...
[I 2026-08-11 17:05:04,950] Trial 4 finished with value: -730.2354903650806 and parameters: {'mu_one_class': 30, 'mu_sc_first_last_class': 1.6, 'mu_sc_column_one': 30, 'mu_sc_change_class': 20, 'mu_mon': 0.30000000000000004, 'mu_conc': 0.1, 'mu_thr': 0.30000000000000004}. Best is trial 0 with value: -1906.0648448109685.

Computing using 10 core...
[I 2026-08-11 17:06:19,113] Trial 5 finished with value: 430.52479888113294 and parameters: {'mu_one_class': 31, 'mu_sc_first_last_class': 2.6, 'mu_sc_column_one': 22, 'mu_sc_change_class': 20, 'mu_mon': 0.5, 'mu_conc': 0.2, 'mu_thr': 0.30000000000000004}. Best is trial 0 with value: -1906.0648448109685.

Computing using 10 core...
[I 2026-08-11 17:07:37,736] Trial 6 finished with value: 421.0873233228301 and parameters: {'mu_one_class': 29, 'mu_sc_first_last_class': 3.0, 'mu_sc_column_one': 22, 'mu_sc_change_class': 27, 'mu_mon': 0.4, 'mu_conc': 0.30000000000000004, 'mu_thr': 0.4}. Best is trial 0 with value: -1906.0648448109685.

Computing using 10 core...
[I 2026-08-11 17:08:52,889] Trial 7 finished with value: 1020.1496677666446 and parameters: {'mu_one_class': 29, 'mu_sc_first_last_class': 2.5, 'mu_sc_column_one': 22, 'mu_sc_change_class': 29, 'mu_mon': 0.5, 'mu_conc': 0.4, 'mu_thr': 0.5}. Best is trial 0 with value: -1906.0648448109685.

Computing using 10 core...
[I 2026-08-11 17:10:03,157] Trial 8 finished with value: -226.45091482595925 and parameters: {'mu_one_class': 34, 'mu_sc_first_last_class': 2.0, 'mu_sc_column_one': 30, 'mu_sc_change_class': 33, 'mu_mon': 0.1, 'mu_conc': 0.4, 'mu_thr': 0.5}. Best is trial 0 with value: -1906.0648448109685.

Computing using 10 core...
[I 2026-08-11 17:11:26,542] Trial 9 finished with value: -162.38711704024738 and parameters: {'mu_one_class': 31, 'mu_sc_first_last_class': 1.7000000000000002, 'mu_sc_column_one': 21, 'mu_sc_change_class': 30, 'mu_mon': 0.4, 'mu_conc': 0.5, 'mu_thr': 0.30000000000000004}. Best is trial 0 with value: -1906.0648448109685.

Computing using 10 core...
[I 2026-08-11 17:12:32,074] Trial 10 finished with value: -3278.035030000139 and parameters: {'mu_one_class': 35, 'mu_sc_first_last_class': 1.0, 'mu_sc_column_one': 35, 'mu_sc_change_class': 35, 'mu_mon': 0.2, 'mu_conc': 0.1, 'mu_thr': 0.1}. Best is trial 10 with value: -3278.035030000139.

Computing using 10 core...
[I 2026-08-11 17:13:32,004] Trial 11 finished with value: -3219.03501000014 and parameters: {'mu_one_class': 36, 'mu_sc_first_last_class': 1.0, 'mu_sc_column_one': 35, 'mu_sc_change_class': 35, 'mu_mon': 0.2, 'mu_conc': 0.1, 'mu_thr': 0.1}. Best is trial 10 with value: -3278.035030000139.

Computing using 10 core...
[I 2026-08-11 17:14:38,386] Trial 12 finished with value: -3160.637131111263 and parameters: {'mu_one_class': 37, 'mu_sc_first_last_class': 1.0, 'mu_sc_column_one': 35, 'mu_sc_change_class': 35, 'mu_mon': 0.2, 'mu_conc': 0.1, 'mu_thr': 0.1}. Best is trial 10 with value: -3278.035030000139.

Computing using 10 core...
[I 2026-08-11 17:15:38,336] Trial 13 finished with value: -3219.03501000014 and parameters: {'mu_one_class': 36, 'mu_sc_first_last_class': 1.3, 'mu_sc_column_one': 35, 'mu_sc_change_class': 35, 'mu_mon': 0.2, 'mu_conc': 0.1, 'mu_thr': 0.1}. Best is trial 10 with value: -3278.035030000139.

Computing using 10 core...
[I 2026-08-11 17:16:40,966] Trial 14 finished with value: -2807.474588520634 and parameters: {'mu_one_class': 36, 'mu_sc_first_last_class': 1.3, 'mu_sc_column_one': 33, 'mu_sc_change_class': 32, 'mu_mon': 0.2, 'mu_conc': 0.2, 'mu_thr': 0.1}. Best is trial 10 with value: -3278.035030000139.

Computing using 10 core...
[I 2026-08-11 17:17:47,627] Trial 15 finished with value: -2261.1700200004166 and parameters: {'mu_one_class': 34, 'mu_sc_first_last_class': 1.0, 'mu_sc_column_one': 33, 'mu_sc_change_class': 33, 'mu_mon': 0.30000000000000004, 'mu_conc': 0.2, 'mu_thr': 0.2}. Best is trial 10 with value: -3278.035030000139.

Computing using 10 core...
[I 2026-08-11 17:18:55,256] Trial 16 finished with value: -2630.637279259436 and parameters: {'mu_one_class': 38, 'mu_sc_first_last_class': 1.4, 'mu_sc_column_one': 33, 'mu_sc_change_class': 31, 'mu_mon': 0.2, 'mu_conc': 0.1, 'mu_thr': 0.1}. Best is trial 10 with value: -3278.035030000139.

Computing using 10 core...
[I 2026-08-11 17:19:56,116] Trial 17 finished with value: -2743.575447407772 and parameters: {'mu_one_class': 35, 'mu_sc_first_last_class': 1.2, 'mu_sc_column_one': 35, 'mu_sc_change_class': 35, 'mu_mon': 0.1, 'mu_conc': 0.2, 'mu_thr': 0.2}. Best is trial 10 with value: -3278.035030000139.

Computing using 10 core...
[I 2026-08-11 17:20:57,425] Trial 18 finished with value: -2380.035010000111 and parameters: {'mu_one_class': 33, 'mu_sc_first_last_class': 1.6, 'mu_sc_column_one': 32, 'mu_sc_change_class': 24, 'mu_mon': 0.2, 'mu_conc': 0.1, 'mu_thr': 0.1}. Best is trial 10 with value: -3278.035030000139.

Computing using 10 core...
[I 2026-08-11 17:22:04,657] Trial 19 finished with value: -1972.4748648152395 and parameters: {'mu_one_class': 37, 'mu_sc_first_last_class': 1.1, 'mu_sc_column_one': 32, 'mu_sc_change_class': 33, 'mu_mon': 0.30000000000000004, 'mu_conc': 0.2, 'mu_thr': 0.2}. Best is trial 10 with value: -3278.035030000139.

Computing using 10 core...
[I 2026-08-11 17:23:02,720] Trial 20 finished with value: -2514.112676666738 and parameters: {'mu_one_class': 33, 'mu_sc_first_last_class': 1.5, 'mu_sc_column_one': 27, 'mu_sc_change_class': 34, 'mu_mon': 0.1, 'mu_conc': 0.30000000000000004, 'mu_thr': 0.1}. Best is trial 10 with value: -3278.035030000139.

Computing using 10 core...
[I 2026-08-11 17:24:02,781] Trial 21 finished with value: -3219.03503000014 and parameters: {'mu_one_class': 36, 'mu_sc_first_last_class': 1.2, 'mu_sc_column_one': 35, 'mu_sc_change_class': 35, 'mu_mon': 0.2, 'mu_conc': 0.1, 'mu_thr': 0.1}. Best is trial 10 with value: -3278.035030000139.

Computing using 10 core...
[I 2026-08-11 17:25:02,844] Trial 22 finished with value: -3102.0350300001382 and parameters: {'mu_one_class': 35, 'mu_sc_first_last_class': 1.2, 'mu_sc_column_one': 34, 'mu_sc_change_class': 34, 'mu_mon': 0.2, 'mu_conc': 0.1, 'mu_thr': 0.1}. Best is trial 10 with value: -3278.035030000139.

Computing using 10 core...
[I 2026-08-11 17:26:02,590] Trial 23 finished with value: -2858.6373292594317 and parameters: {'mu_one_class': 38, 'mu_sc_first_last_class': 1.0, 'mu_sc_column_one': 35, 'mu_sc_change_class': 31, 'mu_mon': 0.2, 'mu_conc': 0.1, 'mu_thr': 0.1}. Best is trial 10 with value: -3278.035030000139.

Computing using 10 core...
[I 2026-08-11 17:27:21,069] Trial 24 finished with value: -2153.037585555593 and parameters: {'mu_one_class': 36, 'mu_sc_first_last_class': 1.2, 'mu_sc_column_one': 32, 'mu_sc_change_class': 35, 'mu_mon': 0.30000000000000004, 'mu_conc': 0.1, 'mu_thr': 0.2}. Best is trial 10 with value: -3278.035030000139.

Computing using 10 core...
[I 2026-08-11 17:28:18,819] Trial 25 finished with value: -3074.2751311131665 and parameters: {'mu_one_class': 35, 'mu_sc_first_last_class': 1.4, 'mu_sc_column_one': 34, 'mu_sc_change_class': 32, 'mu_mon': 0.1, 'mu_conc': 0.2, 'mu_thr': 0.1}. Best is trial 10 with value: -3278.035030000139.

Computing using 10 core...
[I 2026-08-11 17:29:48,555] Trial 26 finished with value: -2015.037585555671 and parameters: {'mu_one_class': 37, 'mu_sc_first_last_class': 1.8, 'mu_sc_column_one': 31, 'mu_sc_change_class': 34, 'mu_mon': 0.2, 'mu_conc': 0.1, 'mu_thr': 0.2}. Best is trial 10 with value: -3278.035030000139.

Computing using 10 core...
[I 2026-08-11 17:30:49,268] Trial 27 finished with value: -2856.666040002434 and parameters: {'mu_one_class': 34, 'mu_sc_first_last_class': 2.1, 'mu_sc_column_one': 34, 'mu_sc_change_class': 32, 'mu_mon': 0.4, 'mu_conc': 0.2, 'mu_thr': 0.1}. Best is trial 10 with value: -3278.035030000139.

Computing using 10 core...
[I 2026-08-11 17:31:56,104] Trial 28 finished with value: -2556.7330129624565 and parameters: {'mu_one_class': 32, 'mu_sc_first_last_class': 1.1, 'mu_sc_column_one': 34, 'mu_sc_change_class': 34, 'mu_mon': 0.30000000000000004, 'mu_conc': 0.1, 'mu_thr': 0.2}. Best is trial 10 with value: -3278.035030000139.

Computing using 10 core...
[I 2026-08-11 17:32:56,038] Trial 29 finished with value: -2431.073353335642 and parameters: {'mu_one_class': 38, 'mu_sc_first_last_class': 1.5, 'mu_sc_column_one': 31, 'mu_sc_change_class': 33, 'mu_mon': 0.30000000000000004, 'mu_conc': 0.2, 'mu_thr': 0.1}. Best is trial 10 with value: -3278.035030000139.

Computing using 10 core...
[I 2026-08-11 17:34:05,355] Trial 30 finished with value: -1732.037575555964 and parameters: {'mu_one_class': 39, 'mu_sc_first_last_class': 1.0, 'mu_sc_column_one': 29, 'mu_sc_change_class': 35, 'mu_mon': 0.2, 'mu_conc': 0.1, 'mu_thr': 0.2}. Best is trial 10 with value: -3278.035030000139.

Computing using 10 core...
[I 2026-08-11 17:35:05,010] Trial 31 finished with value: -3219.03501000014 and parameters: {'mu_one_class': 36, 'mu_sc_first_last_class': 1.3, 'mu_sc_column_one': 35, 'mu_sc_change_class': 35, 'mu_mon': 0.2, 'mu_conc': 0.1, 'mu_thr': 0.1}. Best is trial 10 with value: -3278.035030000139.

Computing using 10 core...
[I 2026-08-11 17:36:06,646] Trial 32 finished with value: -3252.4375755557535 and parameters: {'mu_one_class': 36, 'mu_sc_first_last_class': 1.2, 'mu_sc_column_one': 35, 'mu_sc_change_class': 34, 'mu_mon': 0.1, 'mu_conc': 0.1, 'mu_thr': 0.1}. Best is trial 10 with value: -3278.035030000139.

Computing using 10 core...
[I 2026-08-11 17:37:04,041] Trial 33 finished with value: -3082.4375655557556 and parameters: {'mu_one_class': 35, 'mu_sc_first_last_class': 1.1, 'mu_sc_column_one': 33, 'mu_sc_change_class': 34, 'mu_mon': 0.1, 'mu_conc': 0.1, 'mu_thr': 0.1}. Best is trial 10 with value: -3278.035030000139.

Computing using 10 core...
[I 2026-08-11 17:38:00,714] Trial 34 finished with value: -2723.437625555768 and parameters: {'mu_one_class': 40, 'mu_sc_first_last_class': 1.2, 'mu_sc_column_one': 34, 'mu_sc_change_class': 31, 'mu_mon': 0.1, 'mu_conc': 0.1, 'mu_thr': 0.1}. Best is trial 10 with value: -3278.035030000139.

Computing using 10 core...
[I 2026-08-11 17:39:01,486] Trial 35 finished with value: -2505.5754574077814 and parameters: {'mu_one_class': 37, 'mu_sc_first_last_class': 1.4, 'mu_sc_column_one': 35, 'mu_sc_change_class': 33, 'mu_mon': 0.1, 'mu_conc': 0.2, 'mu_thr': 0.2}. Best is trial 10 with value: -3278.035030000139.

Computing using 10 core...
[I 2026-08-11 17:40:03,863] Trial 36 finished with value: -3018.4375955557516 and parameters: {'mu_one_class': 34, 'mu_sc_first_last_class': 1.1, 'mu_sc_column_one': 33, 'mu_sc_change_class': 32, 'mu_mon': 0.1, 'mu_conc': 0.1, 'mu_thr': 0.1}. Best is trial 10 with value: -3278.035030000139.

Computing using 10 core...
[I 2026-08-11 17:41:06,028] Trial 37 finished with value: -1285.637369259438 and parameters: {'mu_one_class': 36, 'mu_sc_first_last_class': 1.5, 'mu_sc_column_one': 25, 'mu_sc_change_class': 22, 'mu_mon': 0.2, 'mu_conc': 0.1, 'mu_thr': 0.1}. Best is trial 10 with value: -3278.035030000139.

Computing using 10 core...
[I 2026-08-11 17:42:13,526] Trial 38 finished with value: -2210.005020000703 and parameters: {'mu_one_class': 32, 'mu_sc_first_last_class': 2.8, 'mu_sc_column_one': 31, 'mu_sc_change_class': 34, 'mu_mon': 0.30000000000000004, 'mu_conc': 0.30000000000000004, 'mu_thr': 0.2}. Best is trial 10 with value: -3278.035030000139.

Computing using 10 core...
[I 2026-08-11 17:43:11,679] Trial 39 finished with value: -2659.275131113181 and parameters: {'mu_one_class': 39, 'mu_sc_first_last_class': 1.3, 'mu_sc_column_one': 34, 'mu_sc_change_class': 29, 'mu_mon': 0.1, 'mu_conc': 0.2, 'mu_thr': 0.1}. Best is trial 10 with value: -3278.035030000139.

Computing using 10 core...
[I 2026-08-11 17:44:44,727] Trial 40 finished with value: -1678.2377736984763 and parameters: {'mu_one_class': 35, 'mu_sc_first_last_class': 2.3, 'mu_sc_column_one': 32, 'mu_sc_change_class': 35, 'mu_mon': 0.2, 'mu_conc': 0.1, 'mu_thr': 0.30000000000000004}. Best is trial 10 with value: -3278.035030000139.

Computing using 10 core...
[I 2026-08-11 17:45:44,416] Trial 41 finished with value: -3219.03503000014 and parameters: {'mu_one_class': 36, 'mu_sc_first_last_class': 1.2, 'mu_sc_column_one': 35, 'mu_sc_change_class': 35, 'mu_mon': 0.2, 'mu_conc': 0.1, 'mu_thr': 0.1}. Best is trial 10 with value: -3278.035030000139.

Computing using 10 core...
[I 2026-08-11 17:46:43,835] Trial 42 finished with value: -3099.637289259431 and parameters: {'mu_one_class': 37, 'mu_sc_first_last_class': 1.1, 'mu_sc_column_one': 35, 'mu_sc_change_class': 34, 'mu_mon': 0.2, 'mu_conc': 0.1, 'mu_thr': 0.1}. Best is trial 10 with value: -3278.035030000139.

Computing using 10 core...
[I 2026-08-11 17:47:51,679] Trial 43 finished with value: -2982.637309259429 and parameters: {'mu_one_class': 36, 'mu_sc_first_last_class': 1.0, 'mu_sc_column_one': 34, 'mu_sc_change_class': 33, 'mu_mon': 0.2, 'mu_conc': 0.1, 'mu_thr': 0.1}. Best is trial 10 with value: -3278.035030000139.

Computing using 10 core...
[I 2026-08-11 17:48:51,200] Trial 44 finished with value: -3009.2366766669506 and parameters: {'mu_one_class': 38, 'mu_sc_first_last_class': 1.2, 'mu_sc_column_one': 35, 'mu_sc_change_class': 35, 'mu_mon': 0.30000000000000004, 'mu_conc': 0.1, 'mu_thr': 0.1}. Best is trial 10 with value: -3278.035030000139.

Computing using 10 core...
[I 2026-08-11 17:50:00,232] Trial 45 finished with value: -1161.4755174077645 and parameters: {'mu_one_class': 34, 'mu_sc_first_last_class': 1.4, 'mu_sc_column_one': 33, 'mu_sc_change_class': 34, 'mu_mon': 0.2, 'mu_conc': 0.2, 'mu_thr': 0.4}. Best is trial 10 with value: -3278.035030000139.

Computing using 10 core...
[I 2026-08-11 17:50:58,640] Trial 46 finished with value: -3370.9765214802374 and parameters: {'mu_one_class': 35, 'mu_sc_first_last_class': 1.6, 'mu_sc_column_one': 35, 'mu_sc_change_class': 35, 'mu_mon': 0.1, 'mu_conc': 0.5, 'mu_thr': 0.1}. Best is trial 46 with value: -3370.9765214802374.

Computing using 10 core...
[I 2026-08-11 17:51:56,815] Trial 47 finished with value: -3125.5663462949583 and parameters: {'mu_one_class': 28, 'mu_sc_first_last_class': 1.7000000000000002, 'mu_sc_column_one': 34, 'mu_sc_change_class': 26, 'mu_mon': 0.1, 'mu_conc': 0.5, 'mu_thr': 0.1}. Best is trial 46 with value: -3370.9765214802374.

Computing using 10 core...
[I 2026-08-11 17:52:57,983] Trial 48 finished with value: -2332.2508648201197 and parameters: {'mu_one_class': 35, 'mu_sc_first_last_class': 1.6, 'mu_sc_column_one': 33, 'mu_sc_change_class': 32, 'mu_mon': 0.1, 'mu_conc': 0.4, 'mu_thr': 0.2}. Best is trial 46 with value: -3370.9765214802374.

Computing using 10 core...
[I 2026-08-11 17:53:55,044] Trial 49 finished with value: -3308.7330870380524 and parameters: {'mu_one_class': 34, 'mu_sc_first_last_class': 2.0, 'mu_sc_column_one': 35, 'mu_sc_change_class': 33, 'mu_mon': 0.1, 'mu_conc': 0.4, 'mu_thr': 0.1}. Best is trial 46 with value: -3370.9765214802374.

Computing using 10 core...
[I 2026-08-11 17:55:05,386] Trial 50 finished with value: -2501.166356292873 and parameters: {'mu_one_class': 32, 'mu_sc_first_last_class': 2.1, 'mu_sc_column_one': 34, 'mu_sc_change_class': 30, 'mu_mon': 0.1, 'mu_conc': 0.5, 'mu_thr': 0.2}. Best is trial 46 with value: -3370.9765214802374.

Computing using 10 core...
[I 2026-08-11 17:56:07,347] Trial 51 finished with value: -3368.73277074189 and parameters: {'mu_one_class': 33, 'mu_sc_first_last_class': 1.9, 'mu_sc_column_one': 35, 'mu_sc_change_class': 33, 'mu_mon': 0.1, 'mu_conc': 0.4, 'mu_thr': 0.1}. Best is trial 46 with value: -3370.9765214802374.

Computing using 10 core...
[I 2026-08-11 17:57:12,532] Trial 52 finished with value: -3368.73277074189 and parameters: {'mu_one_class': 33, 'mu_sc_first_last_class': 1.9, 'mu_sc_column_one': 35, 'mu_sc_change_class': 33, 'mu_mon': 0.1, 'mu_conc': 0.4, 'mu_thr': 0.1}. Best is trial 46 with value: -3370.9765214802374.

Computing using 10 core...
[I 2026-08-11 17:58:09,628] Trial 53 finished with value: -3368.73277074189 and parameters: {'mu_one_class': 33, 'mu_sc_first_last_class': 1.9, 'mu_sc_column_one': 35, 'mu_sc_change_class': 33, 'mu_mon': 0.1, 'mu_conc': 0.4, 'mu_thr': 0.1}. Best is trial 46 with value: -3370.9765214802374.

Computing using 10 core...
[I 2026-08-11 17:59:07,106] Trial 54 finished with value: -3015.1415514824002 and parameters: {'mu_one_class': 33, 'mu_sc_first_last_class': 1.9, 'mu_sc_column_one': 33, 'mu_sc_change_class': 31, 'mu_mon': 0.1, 'mu_conc': 0.4, 'mu_thr': 0.1}. Best is trial 46 with value: -3370.9765214802374.

Computing using 10 core...
[I 2026-08-11 18:00:04,498] Trial 55 finished with value: -3252.7331070381615 and parameters: {'mu_one_class': 33, 'mu_sc_first_last_class': 2.0, 'mu_sc_column_one': 34, 'mu_sc_change_class': 33, 'mu_mon': 0.1, 'mu_conc': 0.4, 'mu_thr': 0.1}. Best is trial 46 with value: -3370.9765214802374.

Computing using 10 core...
[I 2026-08-11 18:01:02,463] Trial 56 finished with value: -3305.73310703838 and parameters: {'mu_one_class': 31, 'mu_sc_first_last_class': 2.3, 'mu_sc_column_one': 35, 'mu_sc_change_class': 30, 'mu_mon': 0.1, 'mu_conc': 0.4, 'mu_thr': 0.1}. Best is trial 46 with value: -3370.9765214802374.

Computing using 10 core...
[I 2026-08-11 18:02:00,650] Trial 57 finished with value: -2957.733107038309 and parameters: {'mu_one_class': 31, 'mu_sc_first_last_class': 2.3, 'mu_sc_column_one': 32, 'mu_sc_change_class': 30, 'mu_mon': 0.1, 'mu_conc': 0.4, 'mu_thr': 0.1}. Best is trial 46 with value: -3370.9765214802374.

Computing using 10 core...
[I 2026-08-11 18:02:58,691] Trial 58 finished with value: -3066.733067038427 and parameters: {'mu_one_class': 30, 'mu_sc_first_last_class': 1.9, 'mu_sc_column_one': 34, 'mu_sc_change_class': 27, 'mu_mon': 0.1, 'mu_conc': 0.4, 'mu_thr': 0.1}. Best is trial 46 with value: -3370.9765214802374.

Computing using 10 core...
[I 2026-08-11 18:04:04,893] Trial 59 finished with value: -731.1331970482065 and parameters: {'mu_one_class': 31, 'mu_sc_first_last_class': 2.2, 'mu_sc_column_one': 35, 'mu_sc_change_class': 29, 'mu_mon': 0.1, 'mu_conc': 0.4, 'mu_thr': 0.5}. Best is trial 46 with value: -3370.9765214802374.

Computing using 10 core...
