[I 2026-08-11 19:13:57,514] Trial 127 finished with value: -3064.56632629496 and parameters: {'mu_one_class': 28, 'mu_sc_first_last_class': 3.0, 'mu_sc_column_one': 34, 'mu_sc_change_class': 25, 'mu_mon': 0.1, 'mu_conc': 0.5, 'mu_thr': 0.1}. Best is trial 124 with value: -3674.5663962949493.

Computing using 10 core...
[I 2026-08-11 19:14:55,457] Trial 128 finished with value: -3613.5663762949425 and parameters: {'mu_one_class': 28, 'mu_sc_first_last_class': 2.9000000000000004, 'mu_sc_column_one': 34, 'mu_sc_change_class': 34, 'mu_mon': 0.1, 'mu_conc': 0.5, 'mu_thr': 0.1}. Best is trial 124 with value: -3674.5663962949493.

Computing using 10 core...
[I 2026-08-11 19:15:54,248] Trial 129 finished with value: -2803.7878077764353 and parameters: {'mu_one_class': 28, 'mu_sc_first_last_class': 2.8, 'mu_sc_column_one': 27, 'mu_sc_change_class': 34, 'mu_mon': 0.1, 'mu_conc': 0.5, 'mu_thr': 0.1}. Best is trial 124 with value: -3674.5663962949493.

Computing using 10 core...
[I 2026-08-11 19:16:52,469] Trial 130 finished with value: -3613.5663762949425 and parameters: {'mu_one_class': 28, 'mu_sc_first_last_class': 2.9000000000000004, 'mu_sc_column_one': 34, 'mu_sc_change_class': 34, 'mu_mon': 0.1, 'mu_conc': 0.5, 'mu_thr': 0.1}. Best is trial 124 with value: -3674.5663962949493.

Computing using 10 core...
[I 2026-08-11 19:17:50,911] Trial 131 finished with value: -3613.5663762949425 and parameters: {'mu_one_class': 28, 'mu_sc_first_last_class': 2.9000000000000004, 'mu_sc_column_one': 34, 'mu_sc_change_class': 34, 'mu_mon': 0.1, 'mu_conc': 0.5, 'mu_thr': 0.1}. Best is trial 124 with value: -3674.5663962949493.

Computing using 10 core...
[I 2026-08-11 19:18:49,101] Trial 132 finished with value: -3552.56645629494 and parameters: {'mu_one_class': 28, 'mu_sc_first_last_class': 3.0, 'mu_sc_column_one': 34, 'mu_sc_change_class': 33, 'mu_mon': 0.1, 'mu_conc': 0.5, 'mu_thr': 0.1}. Best is trial 124 with value: -3674.5663962949493.

Computing using 10 core...
[I 2026-08-11 19:20:09,059] Trial 133 finished with value: -3613.5663762949425 and parameters: {'mu_one_class': 28, 'mu_sc_first_last_class': 2.9000000000000004, 'mu_sc_column_one': 34, 'mu_sc_change_class': 34, 'mu_mon': 0.1, 'mu_conc': 0.5, 'mu_thr': 0.1}. Best is trial 124 with value: -3674.5663962949493.

Computing using 10 core...
[I 2026-08-11 19:21:07,615] Trial 134 finished with value: -3552.56636629494 and parameters: {'mu_one_class': 28, 'mu_sc_first_last_class': 2.8, 'mu_sc_column_one': 34, 'mu_sc_change_class': 33, 'mu_mon': 0.1, 'mu_conc': 0.5, 'mu_thr': 0.1}. Best is trial 124 with value: -3674.5663962949493.

Computing using 10 core...
[I 2026-08-11 19:22:05,529] Trial 135 finished with value: -3613.5663762949425 and parameters: {'mu_one_class': 28, 'mu_sc_first_last_class': 2.9000000000000004, 'mu_sc_column_one': 34, 'mu_sc_change_class': 34, 'mu_mon': 0.1, 'mu_conc': 0.5, 'mu_thr': 0.1}. Best is trial 124 with value: -3674.5663962949493.

Computing using 10 core...
[I 2026-08-11 19:23:03,351] Trial 136 finished with value: -3613.5663762949425 and parameters: {'mu_one_class': 28, 'mu_sc_first_last_class': 2.9000000000000004, 'mu_sc_column_one': 34, 'mu_sc_change_class': 34, 'mu_mon': 0.1, 'mu_conc': 0.5, 'mu_thr': 0.1}. Best is trial 124 with value: -3674.5663962949493.

Computing using 10 core...
[I 2026-08-11 19:24:15,312] Trial 137 finished with value: -1099.9665162976398 and parameters: {'mu_one_class': 28, 'mu_sc_first_last_class': 2.9000000000000004, 'mu_sc_column_one': 34, 'mu_sc_change_class': 34, 'mu_mon': 0.1, 'mu_conc': 0.5, 'mu_thr': 0.5}. Best is trial 124 with value: -3674.5663962949493.

Computing using 10 core...
[I 2026-08-11 19:25:13,303] Trial 138 finished with value: -3552.56637629494 and parameters: {'mu_one_class': 28, 'mu_sc_first_last_class': 2.9000000000000004, 'mu_sc_column_one': 34, 'mu_sc_change_class': 33, 'mu_mon': 0.1, 'mu_conc': 0.5, 'mu_thr': 0.1}. Best is trial 124 with value: -3674.5663962949493.

Computing using 10 core...
[I 2026-08-11 19:26:25,538] Trial 139 finished with value: -2356.7664062991453 and parameters: {'mu_one_class': 28, 'mu_sc_first_last_class': 2.9000000000000004, 'mu_sc_column_one': 34, 'mu_sc_change_class': 34, 'mu_mon': 0.1, 'mu_conc': 0.5, 'mu_thr': 0.30000000000000004}. Best is trial 124 with value: -3674.5663962949493.

Computing using 10 core...
[I 2026-08-11 19:28:04,817] Trial 140 finished with value: -3492.5663562949444 and parameters: {'mu_one_class': 29, 'mu_sc_first_last_class': 2.9000000000000004, 'mu_sc_column_one': 34, 'mu_sc_change_class': 33, 'mu_mon': 0.1, 'mu_conc': 0.5, 'mu_thr': 0.1}. Best is trial 124 with value: -3674.5663962949493.

Computing using 10 core...
[I 2026-08-11 19:29:02,772] Trial 141 finished with value: -3613.566416294942 and parameters: {'mu_one_class': 28, 'mu_sc_first_last_class': 3.0, 'mu_sc_column_one': 34, 'mu_sc_change_class': 34, 'mu_mon': 0.1, 'mu_conc': 0.5, 'mu_thr': 0.1}. Best is trial 124 with value: -3674.5663962949493.

Computing using 10 core...
[I 2026-08-11 19:30:00,842] Trial 142 finished with value: -3613.566416294942 and parameters: {'mu_one_class': 28, 'mu_sc_first_last_class': 3.0, 'mu_sc_column_one': 34, 'mu_sc_change_class': 34, 'mu_mon': 0.1, 'mu_conc': 0.5, 'mu_thr': 0.1}. Best is trial 124 with value: -3674.5663962949493.

Computing using 10 core...
[I 2026-08-11 19:31:00,294] Trial 143 finished with value: -3613.566416294942 and parameters: {'mu_one_class': 28, 'mu_sc_first_last_class': 3.0, 'mu_sc_column_one': 34, 'mu_sc_change_class': 34, 'mu_mon': 0.1, 'mu_conc': 0.5, 'mu_thr': 0.1}. Best is trial 124 with value: -3674.5663962949493.

Computing using 10 core...
[I 2026-08-11 19:31:58,170] Trial 144 finished with value: -3492.5663562949426 and parameters: {'mu_one_class': 29, 'mu_sc_first_last_class': 3.0, 'mu_sc_column_one': 34, 'mu_sc_change_class': 33, 'mu_mon': 0.1, 'mu_conc': 0.5, 'mu_thr': 0.1}. Best is trial 124 with value: -3674.5663962949493.

Computing using 10 core...
[I 2026-08-11 19:32:56,123] Trial 145 finished with value: -3613.566416294942 and parameters: {'mu_one_class': 28, 'mu_sc_first_last_class': 3.0, 'mu_sc_column_one': 34, 'mu_sc_change_class': 34, 'mu_mon': 0.1, 'mu_conc': 0.5, 'mu_thr': 0.1}. Best is trial 124 with value: -3674.5663962949493.

Computing using 10 core...
[I 2026-08-11 19:33:57,818] Trial 146 finished with value: -3613.566416294942 and parameters: {'mu_one_class': 28, 'mu_sc_first_last_class': 3.0, 'mu_sc_column_one': 34, 'mu_sc_change_class': 34, 'mu_mon': 0.1, 'mu_conc': 0.5, 'mu_thr': 0.1}. Best is trial 124 with value: -3674.5663962949493.

Computing using 10 core...
[I 2026-08-11 19:34:55,418] Trial 147 finished with value: -3553.5663762949525 and parameters: {'mu_one_class': 29, 'mu_sc_first_last_class': 3.0, 'mu_sc_column_one': 34, 'mu_sc_change_class': 34, 'mu_mon': 0.1, 'mu_conc': 0.5, 'mu_thr': 0.1}. Best is trial 124 with value: -3674.5663962949493.

Computing using 10 core...
[I 2026-08-11 19:35:57,206] Trial 148 finished with value: -3552.56645629494 and parameters: {'mu_one_class': 28, 'mu_sc_first_last_class': 3.0, 'mu_sc_column_one': 34, 'mu_sc_change_class': 33, 'mu_mon': 0.1, 'mu_conc': 0.5, 'mu_thr': 0.1}. Best is trial 124 with value: -3674.5663962949493.

Computing using 10 core...
[I 2026-08-11 19:36:54,948] Trial 149 finished with value: -3553.5663762949525 and parameters: {'mu_one_class': 29, 'mu_sc_first_last_class': 3.0, 'mu_sc_column_one': 34, 'mu_sc_change_class': 34, 'mu_mon': 0.1, 'mu_conc': 0.5, 'mu_thr': 0.1}. Best is trial 124 with value: -3674.5663962949493.

Computing using 10 core...
[I 2026-08-11 19:38:09,711] Trial 150 finished with value: -3668.566346294943 and parameters: {'mu_one_class': 28, 'mu_sc_first_last_class': 2.9000000000000004, 'mu_sc_column_one': 35, 'mu_sc_change_class': 33, 'mu_mon': 0.1, 'mu_conc': 0.5, 'mu_thr': 0.1}. Best is trial 124 with value: -3674.5663962949493.

Computing using 10 core...
[I 2026-08-11 19:39:07,933] Trial 151 finished with value: -3668.566346294943 and parameters: {'mu_one_class': 28, 'mu_sc_first_last_class': 2.9000000000000004, 'mu_sc_column_one': 35, 'mu_sc_change_class': 33, 'mu_mon': 0.1, 'mu_conc': 0.5, 'mu_thr': 0.1}. Best is trial 124 with value: -3674.5663962949493.

Computing using 10 core...
[I 2026-08-11 19:40:08,981] Trial 152 finished with value: -3303.9471870356283 and parameters: {'mu_one_class': 28, 'mu_sc_first_last_class': 3.0, 'mu_sc_column_one': 35, 'mu_sc_change_class': 33, 'mu_mon': 0.5, 'mu_conc': 0.5, 'mu_thr': 0.1}. Best is trial 124 with value: -3674.5663962949493.

Computing using 10 core...
[I 2026-08-11 19:41:24,577] Trial 153 finished with value: -3668.566346294943 and parameters: {'mu_one_class': 28, 'mu_sc_first_last_class': 2.9000000000000004, 'mu_sc_column_one': 35, 'mu_sc_change_class': 33, 'mu_mon': 0.1, 'mu_conc': 0.5, 'mu_thr': 0.1}. Best is trial 124 with value: -3674.5663962949493.

Computing using 10 core...
[I 2026-08-11 19:42:22,440] Trial 154 finished with value: -3547.5663562949453 and parameters: {'mu_one_class': 29, 'mu_sc_first_last_class': 2.8, 'mu_sc_column_one': 35, 'mu_sc_change_class': 32, 'mu_mon': 0.1, 'mu_conc': 0.5, 'mu_thr': 0.1}. Best is trial 124 with value: -3674.5663962949493.

Computing using 10 core...
[I 2026-08-11 19:43:20,477] Trial 155 finished with value: -3668.566346294943 and parameters: {'mu_one_class': 28, 'mu_sc_first_last_class': 2.9000000000000004, 'mu_sc_column_one': 35, 'mu_sc_change_class': 33, 'mu_mon': 0.1, 'mu_conc': 0.5, 'mu_thr': 0.1}. Best is trial 124 with value: -3674.5663962949493.

Computing using 10 core...
[I 2026-08-11 19:44:18,563] Trial 156 finished with value: -3668.566396294943 and parameters: {'mu_one_class': 28, 'mu_sc_first_last_class': 3.0, 'mu_sc_column_one': 35, 'mu_sc_change_class': 33, 'mu_mon': 0.1, 'mu_conc': 0.5, 'mu_thr': 0.1}. Best is trial 124 with value: -3674.5663962949493.

Computing using 10 core...
[I 2026-08-11 19:45:31,769] Trial 157 finished with value: -1722.3665162871348 and parameters: {'mu_one_class': 28, 'mu_sc_first_last_class': 3.0, 'mu_sc_column_one': 35, 'mu_sc_change_class': 32, 'mu_mon': 0.1, 'mu_conc': 0.5, 'mu_thr': 0.4}. Best is trial 124 with value: -3674.5663962949493.

Computing using 10 core...
[I 2026-08-11 19:46:29,752] Trial 158 finished with value: -3608.5659559245714 and parameters: {'mu_one_class': 29, 'mu_sc_first_last_class': 3.0, 'mu_sc_column_one': 35, 'mu_sc_change_class': 33, 'mu_mon': 0.1, 'mu_conc': 0.5, 'mu_thr': 0.1}. Best is trial 124 with value: -3674.5663962949493.

Computing using 10 core...
[I 2026-08-11 19:47:27,652] Trial 159 finished with value: -3607.5663962949393 and parameters: {'mu_one_class': 28, 'mu_sc_first_last_class': 2.8, 'mu_sc_column_one': 35, 'mu_sc_change_class': 32, 'mu_mon': 0.1, 'mu_conc': 0.5, 'mu_thr': 0.1}. Best is trial 124 with value: -3674.5663962949493.

Computing using 10 core...
[I 2026-08-11 19:48:29,485] Trial 160 finished with value: -3608.5663762949553 and parameters: {'mu_one_class': 29, 'mu_sc_first_last_class': 2.9000000000000004, 'mu_sc_column_one': 35, 'mu_sc_change_class': 33, 'mu_mon': 0.1, 'mu_conc': 0.5, 'mu_thr': 0.1}. Best is trial 124 with value: -3674.5663962949493.

Computing using 10 core...
[I 2026-08-11 19:50:08,478] Trial 161 finished with value: -3668.566346294943 and parameters: {'mu_one_class': 28, 'mu_sc_first_last_class': 2.9000000000000004, 'mu_sc_column_one': 35, 'mu_sc_change_class': 33, 'mu_mon': 0.1, 'mu_conc': 0.5, 'mu_thr': 0.1}. Best is trial 124 with value: -3674.5663962949493.

Computing using 10 core...
[I 2026-08-11 19:51:06,263] Trial 162 finished with value: -3668.566396294943 and parameters: {'mu_one_class': 28, 'mu_sc_first_last_class': 3.0, 'mu_sc_column_one': 35, 'mu_sc_change_class': 33, 'mu_mon': 0.1, 'mu_conc': 0.5, 'mu_thr': 0.1}. Best is trial 124 with value: -3674.5663962949493.

Computing using 10 core...
[I 2026-08-11 19:52:03,909] Trial 163 finished with value: -3668.566396294943 and parameters: {'mu_one_class': 28, 'mu_sc_first_last_class': 3.0, 'mu_sc_column_one': 35, 'mu_sc_change_class': 33, 'mu_mon': 0.1, 'mu_conc': 0.5, 'mu_thr': 0.1}. Best is trial 124 with value: -3674.5663962949493.

Computing using 10 core...
[I 2026-08-11 19:53:02,919] Trial 164 finished with value: -3607.566356294937 and parameters: {'mu_one_class': 28, 'mu_sc_first_last_class': 3.0, 'mu_sc_column_one': 35, 'mu_sc_change_class': 32, 'mu_mon': 0.1, 'mu_conc': 0.5, 'mu_thr': 0.1}. Best is trial 124 with value: -3674.5663962949493.

Computing using 10 core...
[I 2026-08-11 19:54:41,408] Trial 165 finished with value: -3668.566396294943 and parameters: {'mu_one_class': 28, 'mu_sc_first_last_class': 3.0, 'mu_sc_column_one': 35, 'mu_sc_change_class': 33, 'mu_mon': 0.1, 'mu_conc': 0.5, 'mu_thr': 0.1}. Best is trial 124 with value: -3674.5663962949493.

Computing using 10 core...
[I 2026-08-11 19:56:03,020] Trial 166 finished with value: -3668.566396294943 and parameters: {'mu_one_class': 28, 'mu_sc_first_last_class': 3.0, 'mu_sc_column_one': 35, 'mu_sc_change_class': 33, 'mu_mon': 0.1, 'mu_conc': 0.5, 'mu_thr': 0.1}. Best is trial 124 with value: -3674.5663962949493.

Computing using 10 core...
[I 2026-08-11 19:57:00,802] Trial 167 finished with value: -3608.5663762949553 and parameters: {'mu_one_class': 29, 'mu_sc_first_last_class': 2.9000000000000004, 'mu_sc_column_one': 35, 'mu_sc_change_class': 33, 'mu_mon': 0.1, 'mu_conc': 0.5, 'mu_thr': 0.1}. Best is trial 124 with value: -3674.5663962949493.

Computing using 10 core...
[I 2026-08-11 19:58:02,678] Trial 168 finished with value: -3607.566356294937 and parameters: {'mu_one_class': 28, 'mu_sc_first_last_class': 3.0, 'mu_sc_column_one': 35, 'mu_sc_change_class': 32, 'mu_mon': 0.1, 'mu_conc': 0.5, 'mu_thr': 0.1}. Best is trial 124 with value: -3674.5663962949493.

Computing using 10 core...
[I 2026-08-11 19:59:23,725] Trial 169 finished with value: -3668.5663562949426 and parameters: {'mu_one_class': 28, 'mu_sc_first_last_class': 2.8, 'mu_sc_column_one': 35, 'mu_sc_change_class': 33, 'mu_mon': 0.1, 'mu_conc': 0.5, 'mu_thr': 0.1}. Best is trial 124 with value: -3674.5663962949493.

Computing using 10 core...
[I 2026-08-11 20:00:21,326] Trial 170 finished with value: -3608.5663362949535 and parameters: {'mu_one_class': 29, 'mu_sc_first_last_class': 2.8, 'mu_sc_column_one': 35, 'mu_sc_change_class': 33, 'mu_mon': 0.1, 'mu_conc': 0.5, 'mu_thr': 0.1}. Best is trial 124 with value: -3674.5663962949493.

Computing using 10 core...
[I 2026-08-11 20:01:19,154] Trial 171 finished with value: -3668.566346294943 and parameters: {'mu_one_class': 28, 'mu_sc_first_last_class': 2.9000000000000004, 'mu_sc_column_one': 35, 'mu_sc_change_class': 33, 'mu_mon': 0.1, 'mu_conc': 0.5, 'mu_thr': 0.1}. Best is trial 124 with value: -3674.5663962949493.

Computing using 10 core...
[I 2026-08-11 20:02:17,183] Trial 172 finished with value: -3668.5663562949426 and parameters: {'mu_one_class': 28, 'mu_sc_first_last_class': 2.8, 'mu_sc_column_one': 35, 'mu_sc_change_class': 33, 'mu_mon': 0.1, 'mu_conc': 0.5, 'mu_thr': 0.1}. Best is trial 124 with value: -3674.5663962949493.

Computing using 10 core...
[I 2026-08-11 20:03:18,240] Trial 173 finished with value: -3668.5663562949426 and parameters: {'mu_one_class': 28, 'mu_sc_first_last_class': 2.8, 'mu_sc_column_one': 35, 'mu_sc_change_class': 33, 'mu_mon': 0.1, 'mu_conc': 0.5, 'mu_thr': 0.1}. Best is trial 124 with value: -3674.5663962949493.

Computing using 10 core...
[I 2026-08-11 20:04:16,908] Trial 174 finished with value: -3668.5663562949426 and parameters: {'mu_one_class': 28, 'mu_sc_first_last_class': 2.8, 'mu_sc_column_one': 35, 'mu_sc_change_class': 33, 'mu_mon': 0.1, 'mu_conc': 0.5, 'mu_thr': 0.1}. Best is trial 124 with value: -3674.5663962949493.

Computing using 10 core...
[I 2026-08-11 20:05:14,718] Trial 175 finished with value: -3547.5663562949453 and parameters: {'mu_one_class': 29, 'mu_sc_first_last_class': 2.8, 'mu_sc_column_one': 35, 'mu_sc_change_class': 32, 'mu_mon': 0.1, 'mu_conc': 0.5, 'mu_thr': 0.1}. Best is trial 124 with value: -3674.5663962949493.

Computing using 10 core...
[I 2026-08-11 20:06:12,766] Trial 176 finished with value: -3668.566346294943 and parameters: {'mu_one_class': 28, 'mu_sc_first_last_class': 2.9000000000000004, 'mu_sc_column_one': 35, 'mu_sc_change_class': 33, 'mu_mon': 0.1, 'mu_conc': 0.5, 'mu_thr': 0.1}. Best is trial 124 with value: -3674.5663962949493.

Computing using 10 core...
[I 2026-08-11 20:07:10,502] Trial 177 finished with value: -3668.566346294943 and parameters: {'mu_one_class': 28, 'mu_sc_first_last_class': 2.9000000000000004, 'mu_sc_column_one': 35, 'mu_sc_change_class': 33, 'mu_mon': 0.1, 'mu_conc': 0.5, 'mu_thr': 0.1}. Best is trial 124 with value: -3674.5663962949493.

Computing using 10 core...
[I 2026-08-11 20:08:14,913] Trial 178 finished with value: -3392.5559859246227 and parameters: {'mu_one_class': 28, 'mu_sc_first_last_class': 2.8, 'mu_sc_column_one': 35, 'mu_sc_change_class': 33, 'mu_mon': 0.4, 'mu_conc': 0.5, 'mu_thr': 0.1}. Best is trial 124 with value: -3674.5663962949493.

Computing using 10 core...
[I 2026-08-11 20:09:14,859] Trial 179 finished with value: -3668.566346294943 and parameters: {'mu_one_class': 28, 'mu_sc_first_last_class': 2.9000000000000004, 'mu_sc_column_one': 35, 'mu_sc_change_class': 33, 'mu_mon': 0.1, 'mu_conc': 0.5, 'mu_thr': 0.1}. Best is trial 124 with value: -3674.5663962949493.

Computing using 10 core...
[I 2026-08-11 20:10:12,943] Trial 180 finished with value: -3607.566386294939 and parameters: {'mu_one_class': 28, 'mu_sc_first_last_class': 2.9000000000000004, 'mu_sc_column_one': 35, 'mu_sc_change_class': 32, 'mu_mon': 0.1, 'mu_conc': 0.5, 'mu_thr': 0.1}. Best is trial 124 with value: -3674.5663962949493.

Computing using 10 core...
[I 2026-08-11 20:11:10,566] Trial 181 finished with value: -3668.566346294943 and parameters: {'mu_one_class': 28, 'mu_sc_first_last_class': 2.9000000000000004, 'mu_sc_column_one': 35, 'mu_sc_change_class': 33, 'mu_mon': 0.1, 'mu_conc': 0.5, 'mu_thr': 0.1}. Best is trial 124 with value: -3674.5663962949493.

Computing using 10 core...
[I 2026-08-11 20:12:16,315] Trial 182 finished with value: -3668.5663562949426 and parameters: {'mu_one_class': 28, 'mu_sc_first_last_class': 2.8, 'mu_sc_column_one': 35, 'mu_sc_change_class': 33, 'mu_mon': 0.1, 'mu_conc': 0.5, 'mu_thr': 0.1}. Best is trial 124 with value: -3674.5663962949493.

Computing using 10 core...
[I 2026-08-11 20:13:14,267] Trial 183 finished with value: -3668.5663562949426 and parameters: {'mu_one_class': 28, 'mu_sc_first_last_class': 2.8, 'mu_sc_column_one': 35, 'mu_sc_change_class': 33, 'mu_mon': 0.1, 'mu_conc': 0.5, 'mu_thr': 0.1}. Best is trial 124 with value: -3674.5663962949493.

Computing using 10 core...
[I 2026-08-11 20:14:13,026] Trial 184 finished with value: -3668.5663562949426 and parameters: {'mu_one_class': 28, 'mu_sc_first_last_class': 2.8, 'mu_sc_column_one': 35, 'mu_sc_change_class': 33, 'mu_mon': 0.1, 'mu_conc': 0.5, 'mu_thr': 0.1}. Best is trial 124 with value: -3674.5663962949493.

Computing using 10 core...
[I 2026-08-11 20:15:11,067] Trial 185 finished with value: -3607.5663962949393 and parameters: {'mu_one_class': 28, 'mu_sc_first_last_class': 2.8, 'mu_sc_column_one': 35, 'mu_sc_change_class': 32, 'mu_mon': 0.1, 'mu_conc': 0.5, 'mu_thr': 0.1}. Best is trial 124 with value: -3674.5663962949493.

Computing using 10 core...
[I 2026-08-11 20:16:13,572] Trial 186 finished with value: -3668.5663562949426 and parameters: {'mu_one_class': 28, 'mu_sc_first_last_class': 2.8, 'mu_sc_column_one': 35, 'mu_sc_change_class': 33, 'mu_mon': 0.1, 'mu_conc': 0.5, 'mu_thr': 0.1}. Best is trial 124 with value: -3674.5663962949493.

Computing using 10 core...
[I 2026-08-11 20:17:12,375] Trial 187 finished with value: -3668.5663562949426 and parameters: {'mu_one_class': 28, 'mu_sc_first_last_class': 2.8, 'mu_sc_column_one': 35, 'mu_sc_change_class': 33, 'mu_mon': 0.1, 'mu_conc': 0.5, 'mu_thr': 0.1}. Best is trial 124 with value: -3674.5663962949493.

Computing using 10 core...
[I 2026-08-11 20:18:10,413] Trial 188 finished with value: -3607.566376294939 and parameters: {'mu_one_class': 28, 'mu_sc_first_last_class': 2.7, 'mu_sc_column_one': 35, 'mu_sc_change_class': 32, 'mu_mon': 0.1, 'mu_conc': 0.5, 'mu_thr': 0.1}. Best is trial 124 with value: -3674.5663962949493.

Computing using 10 core...
[I 2026-08-11 20:19:08,219] Trial 189 finished with value: -3546.566356294938 and parameters: {'mu_one_class': 28, 'mu_sc_first_last_class': 2.8, 'mu_sc_column_one': 35, 'mu_sc_change_class': 31, 'mu_mon': 0.1, 'mu_conc': 0.5, 'mu_thr': 0.1}. Best is trial 124 with value: -3674.5663962949493.

Computing using 10 core...
[I 2026-08-11 20:20:19,771] Trial 190 finished with value: -3668.5663562949426 and parameters: {'mu_one_class': 28, 'mu_sc_first_last_class': 2.8, 'mu_sc_column_one': 35, 'mu_sc_change_class': 33, 'mu_mon': 0.1, 'mu_conc': 0.5, 'mu_thr': 0.1}. Best is trial 124 with value: -3674.5663962949493.

Computing using 10 core...
[I 2026-08-11 20:21:18,779] Trial 191 finished with value: -3668.5663562949426 and parameters: {'mu_one_class': 28, 'mu_sc_first_last_class': 2.8, 'mu_sc_column_one': 35, 'mu_sc_change_class': 33, 'mu_mon': 0.1, 'mu_conc': 0.5, 'mu_thr': 0.1}. Best is trial 124 with value: -3674.5663962949493.

Computing using 10 core...
[I 2026-08-11 20:22:16,966] Trial 192 finished with value: -3668.5663562949426 and parameters: {'mu_one_class': 28, 'mu_sc_first_last_class': 2.8, 'mu_sc_column_one': 35, 'mu_sc_change_class': 33, 'mu_mon': 0.1, 'mu_conc': 0.5, 'mu_thr': 0.1}. Best is trial 124 with value: -3674.5663962949493.

Computing using 10 core...
[I 2026-08-11 20:23:14,934] Trial 193 finished with value: -3668.5663562949417 and parameters: {'mu_one_class': 28, 'mu_sc_first_last_class': 2.7, 'mu_sc_column_one': 35, 'mu_sc_change_class': 33, 'mu_mon': 0.1, 'mu_conc': 0.5, 'mu_thr': 0.1}. Best is trial 124 with value: -3674.5663962949493.

Computing using 10 core...
