[I 2026-08-11 20:24:14,017] Trial 194 finished with value: -3668.5663562949417 and parameters: {'mu_one_class': 28, 'mu_sc_first_last_class': 2.7, 'mu_sc_column_one': 35, 'mu_sc_change_class': 33, 'mu_mon': 0.1, 'mu_conc': 0.5, 'mu_thr': 0.1}. Best is trial 124 with value: -3674.5663962949493.

Computing using 10 core...
[I 2026-08-11 20:25:11,793] Trial 195 finished with value: -3607.5663462949383 and parameters: {'mu_one_class': 28, 'mu_sc_first_last_class': 2.6, 'mu_sc_column_one': 35, 'mu_sc_change_class': 32, 'mu_mon': 0.1, 'mu_conc': 0.5, 'mu_thr': 0.1}. Best is trial 124 with value: -3674.5663962949493.

Computing using 10 core...
[I 2026-08-11 20:26:09,994] Trial 196 finished with value: -3668.5663562949417 and parameters: {'mu_one_class': 28, 'mu_sc_first_last_class': 2.7, 'mu_sc_column_one': 35, 'mu_sc_change_class': 33, 'mu_mon': 0.1, 'mu_conc': 0.5, 'mu_thr': 0.1}. Best is trial 124 with value: -3674.5663962949493.

Computing using 10 core...
[I 2026-08-11 20:27:23,721] Trial 197 finished with value: -3668.5663562949417 and parameters: {'mu_one_class': 28, 'mu_sc_first_last_class': 2.7, 'mu_sc_column_one': 35, 'mu_sc_change_class': 33, 'mu_mon': 0.1, 'mu_conc': 0.5, 'mu_thr': 0.1}. Best is trial 124 with value: -3674.5663962949493.

Computing using 10 core...
[I 2026-08-11 20:28:21,675] Trial 198 finished with value: -3607.5663462949383 and parameters: {'mu_one_class': 28, 'mu_sc_first_last_class': 2.6, 'mu_sc_column_one': 35, 'mu_sc_change_class': 32, 'mu_mon': 0.1, 'mu_conc': 0.5, 'mu_thr': 0.1}. Best is trial 124 with value: -3674.5663962949493.

Computing using 10 core...
[I 2026-08-11 20:29:22,517] Trial 199 finished with value: -3668.5663562949426 and parameters: {'mu_one_class': 28, 'mu_sc_first_last_class': 2.8, 'mu_sc_column_one': 35, 'mu_sc_change_class': 33, 'mu_mon': 0.1, 'mu_conc': 0.5, 'mu_thr': 0.1}. Best is trial 124 with value: -3674.5663962949493.
{'mu_one_class': 28, 'mu_sc_first_last_class': 2.7, 'mu_sc_column_one': 34, 'mu_sc_change_class': 35, 'mu_mon': 0.1, 'mu_conc': 0.5, 'mu_thr': 0.1} -3674.5663962949493

Numero di configurazioni equivalenti: 1

Configurazione #1: value=-3674.5663962949493, params={'mu_one_class': 28, 'mu_sc_first_last_class': 2.7, 'mu_sc_column_one': 34, 'mu_sc_change_class': 35, 'mu_mon': 0.1, 'mu_conc': 0.5, 'mu_thr': 0.1}
