WARNING: /opt/miniforge3/Linux_x86_64/25.3/etc/profile.d/mamba.sh (the file emitting this warning) is deprecated.
WARNING: This file will be removed on the next release after 30th September 2025.
WARNING: Please use 'mamba shell init' to get the correct initialization for your shell.
WARNING: The MAMBA_ROOT_PREFIX environment variable is not set.
WARNING: This is required for mamba to work correctly as of 2.0.
WARNING: 
WARNING: For now, we are setting 'MAMBA_ROOT_PREFIX' to '/opt/miniforge3/Linux_x86_64/25.3'.
WARNING: 
WARNING: Please make sure this is consistent with your installation or alternatively (by order of preference):
WARNING:   - rerun 'mamba shell init' to initialize mamba for your current shell
WARNING:   - manually set 'MAMBA_ROOT_PREFIX' to the root of your installation in your shell profile script.
WARNING:   - use the '-r,--root-prefix' CLI option when calling mamba.
WARNING: 
WARNING: This message originates from /opt/miniforge3/Linux_x86_64/25.3/etc/profile.d/mamba.sh
[I 2026-08-12 10:44:44,937] A new study created in memory with name: no-name-185ee586-d0d3-47a0-8013-2fe8d780f2f4
PRINTING ALL THE CONFIGURATIONS: 
 - data_source: d_conf_input
 - n_counterpart: 60
 - grades: 4
 - default_prob: 0.1
 - default_module: 1
 - one_indices: [16, 40, 37, 59, 53, 51, 50]
 - data_path: data/dataset-ispq.csv
 - attributes: {'years': [2012, 2015], 'sector': 'no', 'revenue': 'no', 'geo_area': 'no'}
 - solvers: {'brute_force': False, 'dwave_exact': False, 'annealing': True, 'gurobi': False, 'quantum_annealing': False}
 - alpha_concentration: 0.05
 - alpha_heterogeneity: 0.01
 - alpha_homogeneity: 0.05
 - constraints: {'one_class': True, 'logic': True, 'monotonicity': True, 'concentration': True, 'min_thr': True, 'max_thr': True}
 - mu_table: static
 - mu: {'one_class': 35, 'first_last_class': 0.8, 'column_one': 15, 'change_class': 15, 'subm_1000': 1, 'subm_0001': 1, 'subm_0110': 1, 'restart': 1, 'monotonicity': 0.2, 'concentration': 0.1, 'min_thr': 0.05, 'max_thr': 0.05}
 - test: {'logic': True, 'monotonicity': True, 'heterogeneity': True, 'concentration': True, 'min_thr': True, 'max_thr': True, 'homogeneity': True}
 - shots: 1000000
 - reads: 50
 - num_trotters: 32
 - gurobi_n_sol: 10
 - gurobi_fidelity: 1

Computing using 10 core...
[I 2026-08-12 10:45:54,103] Trial 0 finished with value: 327.9600588836958 and parameters: {'mu_one_class': 35, 'mu_sc_first_last_class': 0.6, 'mu_sc_column_one': 14, 'mu_sc_change_class': 13, 'mu_mon': 0.2, 'mu_conc': 0.12, 'mu_thr': 0.12}. Best is trial 0 with value: 327.9600588836958.

Computing using 10 core...
[I 2026-08-12 10:46:57,142] Trial 1 finished with value: -23.293469257819954 and parameters: {'mu_one_class': 37, 'mu_sc_first_last_class': 0.9, 'mu_sc_column_one': 17, 'mu_sc_change_class': 13, 'mu_mon': 0.1, 'mu_conc': 0.1, 'mu_thr': 0.11}. Best is trial 1 with value: -23.293469257819954.

Computing using 10 core...
[I 2026-08-12 10:47:58,555] Trial 2 finished with value: -205.59995110987995 and parameters: {'mu_one_class': 36, 'mu_sc_first_last_class': 0.9, 'mu_sc_column_one': 16, 'mu_sc_change_class': 14, 'mu_mon': 0.1, 'mu_conc': 0.12, 'mu_thr': 0.08}. Best is trial 2 with value: -205.59995110987995.

Computing using 10 core...
[I 2026-08-12 10:49:08,363] Trial 3 finished with value: 92.57794555324992 and parameters: {'mu_one_class': 36, 'mu_sc_first_last_class': 1.0, 'mu_sc_column_one': 17, 'mu_sc_change_class': 16, 'mu_mon': 0.2, 'mu_conc': 0.08, 'mu_thr': 0.12}. Best is trial 2 with value: -205.59995110987995.

Computing using 10 core...
[I 2026-08-12 10:50:20,211] Trial 4 finished with value: 302.09508258988876 and parameters: {'mu_one_class': 35, 'mu_sc_first_last_class': 0.9, 'mu_sc_column_one': 14, 'mu_sc_change_class': 17, 'mu_mon': 0.3, 'mu_conc': 0.11, 'mu_thr': 0.11}. Best is trial 2 with value: -205.59995110987995.

Computing using 10 core...
[I 2026-08-12 10:51:25,853] Trial 5 finished with value: -152.61994333247029 and parameters: {'mu_one_class': 37, 'mu_sc_first_last_class': 0.6, 'mu_sc_column_one': 15, 'mu_sc_change_class': 15, 'mu_mon': 0.1, 'mu_conc': 0.09, 'mu_thr': 0.08}. Best is trial 2 with value: -205.59995110987995.

Computing using 10 core...
[I 2026-08-12 10:52:32,508] Trial 6 finished with value: 1.970646664401506 and parameters: {'mu_one_class': 34, 'mu_sc_first_last_class': 0.7, 'mu_sc_column_one': 15, 'mu_sc_change_class': 15, 'mu_mon': 0.1, 'mu_conc': 0.08, 'mu_thr': 0.1}. Best is trial 2 with value: -205.59995110987995.

Computing using 10 core...
[I 2026-08-12 10:53:33,968] Trial 7 finished with value: 55.53340481136158 and parameters: {'mu_one_class': 36, 'mu_sc_first_last_class': 0.6, 'mu_sc_column_one': 13, 'mu_sc_change_class': 15, 'mu_mon': 0.1, 'mu_conc': 0.11, 'mu_thr': 0.09}. Best is trial 2 with value: -205.59995110987995.

Computing using 10 core...
[I 2026-08-12 10:54:46,798] Trial 8 finished with value: 80.21918000238605 and parameters: {'mu_one_class': 33, 'mu_sc_first_last_class': 0.9, 'mu_sc_column_one': 16, 'mu_sc_change_class': 16, 'mu_mon': 0.3, 'mu_conc': 0.09, 'mu_thr': 0.11}. Best is trial 2 with value: -205.59995110987995.

Computing using 10 core...
[I 2026-08-12 10:55:55,162] Trial 9 finished with value: -15.118686665340748 and parameters: {'mu_one_class': 34, 'mu_sc_first_last_class': 1.0, 'mu_sc_column_one': 17, 'mu_sc_change_class': 13, 'mu_mon': 0.2, 'mu_conc': 0.09, 'mu_thr': 0.1}. Best is trial 2 with value: -205.59995110987995.

Computing using 10 core...
[I 2026-08-12 10:57:08,559] Trial 10 finished with value: 171.90052333490868 and parameters: {'mu_one_class': 33, 'mu_sc_first_last_class': 0.8, 'mu_sc_column_one': 13, 'mu_sc_change_class': 14, 'mu_mon': 0.3, 'mu_conc': 0.12, 'mu_thr': 0.08}. Best is trial 2 with value: -205.59995110987995.

Computing using 10 core...
[I 2026-08-12 10:58:08,995] Trial 11 finished with value: -149.61327926042355 and parameters: {'mu_one_class': 37, 'mu_sc_first_last_class': 0.7, 'mu_sc_column_one': 15, 'mu_sc_change_class': 14, 'mu_mon': 0.1, 'mu_conc': 0.1, 'mu_thr': 0.08}. Best is trial 2 with value: -205.59995110987995.

Computing using 10 core...
[I 2026-08-12 10:59:11,668] Trial 12 finished with value: -208.60660518254423 and parameters: {'mu_one_class': 36, 'mu_sc_first_last_class': 0.7, 'mu_sc_column_one': 16, 'mu_sc_change_class': 15, 'mu_mon': 0.1, 'mu_conc': 0.11, 'mu_thr': 0.08}. Best is trial 12 with value: -208.60660518254423.

Computing using 10 core...
[I 2026-08-12 11:00:17,067] Trial 13 finished with value: -22.446522225821152 and parameters: {'mu_one_class': 36, 'mu_sc_first_last_class': 0.8, 'mu_sc_column_one': 16, 'mu_sc_change_class': 14, 'mu_mon': 0.2, 'mu_conc': 0.11, 'mu_thr': 0.09}. Best is trial 12 with value: -208.60660518254423.

Computing using 10 core...
[I 2026-08-12 11:01:35,049] Trial 14 finished with value: -146.41779777533208 and parameters: {'mu_one_class': 35, 'mu_sc_first_last_class': 0.8, 'mu_sc_column_one': 16, 'mu_sc_change_class': 16, 'mu_mon': 0.1, 'mu_conc': 0.12, 'mu_thr': 0.09}. Best is trial 12 with value: -208.60660518254423.

Computing using 10 core...
[I 2026-08-12 11:02:39,853] Trial 15 finished with value: -205.60659518250512 and parameters: {'mu_one_class': 36, 'mu_sc_first_last_class': 0.7, 'mu_sc_column_one': 16, 'mu_sc_change_class': 14, 'mu_mon': 0.1, 'mu_conc': 0.11, 'mu_thr': 0.08}. Best is trial 12 with value: -208.60660518254423.

Computing using 10 core...
[I 2026-08-12 11:03:46,697] Trial 16 finished with value: -27.045047038284135 and parameters: {'mu_one_class': 36, 'mu_sc_first_last_class': 0.7, 'mu_sc_column_one': 16, 'mu_sc_change_class': 15, 'mu_mon': 0.2, 'mu_conc': 0.1, 'mu_thr': 0.09}. Best is trial 12 with value: -208.60660518254423.

Computing using 10 core...
[I 2026-08-12 11:04:53,652] Trial 17 finished with value: -161.19466444334518 and parameters: {'mu_one_class': 35, 'mu_sc_first_last_class': 0.7, 'mu_sc_column_one': 15, 'mu_sc_change_class': 17, 'mu_mon': 0.1, 'mu_conc': 0.11, 'mu_thr': 0.08}. Best is trial 12 with value: -208.60660518254423.

Computing using 10 core...
[I 2026-08-12 11:05:58,622] Trial 18 finished with value: -78.44652222583935 and parameters: {'mu_one_class': 37, 'mu_sc_first_last_class': 0.7, 'mu_sc_column_one': 17, 'mu_sc_change_class': 14, 'mu_mon': 0.2, 'mu_conc': 0.11, 'mu_thr': 0.09}. Best is trial 12 with value: -208.60660518254423.

Computing using 10 core...
[I 2026-08-12 11:07:09,062] Trial 19 finished with value: -88.19319518623004 and parameters: {'mu_one_class': 34, 'mu_sc_first_last_class': 0.8, 'mu_sc_column_one': 14, 'mu_sc_change_class': 15, 'mu_mon': 0.1, 'mu_conc': 0.1, 'mu_thr': 0.08}. Best is trial 12 with value: -208.60660518254423.

Computing using 10 core...
[I 2026-08-12 11:08:15,062] Trial 20 finished with value: -57.70284333550106 and parameters: {'mu_one_class': 36, 'mu_sc_first_last_class': 0.6, 'mu_sc_column_one': 16, 'mu_sc_change_class': 16, 'mu_mon': 0.1, 'mu_conc': 0.11, 'mu_thr': 0.1}. Best is trial 12 with value: -208.60660518254423.

Computing using 10 core...
[I 2026-08-12 11:09:27,516] Trial 21 finished with value: -205.59995110987995 and parameters: {'mu_one_class': 36, 'mu_sc_first_last_class': 0.9, 'mu_sc_column_one': 16, 'mu_sc_change_class': 14, 'mu_mon': 0.1, 'mu_conc': 0.12, 'mu_thr': 0.08}. Best is trial 12 with value: -208.60660518254423.

Computing using 10 core...
[I 2026-08-12 11:10:29,009] Trial 22 finished with value: -205.5999611098781 and parameters: {'mu_one_class': 36, 'mu_sc_first_last_class': 0.8, 'mu_sc_column_one': 16, 'mu_sc_change_class': 14, 'mu_mon': 0.1, 'mu_conc': 0.12, 'mu_thr': 0.08}. Best is trial 12 with value: -208.60660518254423.

Computing using 10 core...
[I 2026-08-12 11:11:32,266] Trial 23 finished with value: -146.5999211098481 and parameters: {'mu_one_class': 35, 'mu_sc_first_last_class': 0.8, 'mu_sc_column_one': 15, 'mu_sc_change_class': 13, 'mu_mon': 0.1, 'mu_conc': 0.12, 'mu_thr': 0.08}. Best is trial 12 with value: -208.60660518254423.

Computing using 10 core...
[I 2026-08-12 11:12:37,080] Trial 24 finished with value: -186.2442207439619 and parameters: {'mu_one_class': 37, 'mu_sc_first_last_class': 0.7, 'mu_sc_column_one': 17, 'mu_sc_change_class': 15, 'mu_mon': 0.1, 'mu_conc': 0.11, 'mu_thr': 0.09}. Best is trial 12 with value: -208.60660518254423.

Computing using 10 core...
[I 2026-08-12 11:13:39,519] Trial 25 finished with value: -205.5999611098781 and parameters: {'mu_one_class': 36, 'mu_sc_first_last_class': 0.8, 'mu_sc_column_one': 16, 'mu_sc_change_class': 14, 'mu_mon': 0.1, 'mu_conc': 0.12, 'mu_thr': 0.08}. Best is trial 12 with value: -208.60660518254423.

Computing using 10 core...
[I 2026-08-12 11:14:46,029] Trial 26 finished with value: 33.55352777424615 and parameters: {'mu_one_class': 35, 'mu_sc_first_last_class': 0.7, 'mu_sc_column_one': 15, 'mu_sc_change_class': 14, 'mu_mon': 0.2, 'mu_conc': 0.11, 'mu_thr': 0.09}. Best is trial 12 with value: -208.60660518254423.

Computing using 10 core...
[I 2026-08-12 11:15:48,709] Trial 27 finished with value: -208.61326926029804 and parameters: {'mu_one_class': 36, 'mu_sc_first_last_class': 0.7, 'mu_sc_column_one': 16, 'mu_sc_change_class': 15, 'mu_mon': 0.1, 'mu_conc': 0.1, 'mu_thr': 0.08}. Best is trial 27 with value: -208.61326926029804.

Computing using 10 core...
[I 2026-08-12 11:17:04,106] Trial 28 finished with value: -186.25109703824424 and parameters: {'mu_one_class': 37, 'mu_sc_first_last_class': 0.6, 'mu_sc_column_one': 17, 'mu_sc_change_class': 15, 'mu_mon': 0.1, 'mu_conc': 0.1, 'mu_thr': 0.09}. Best is trial 27 with value: -208.61326926029804.

Computing using 10 core...
[I 2026-08-12 11:18:22,113] Trial 29 finished with value: 11.547323332133349 and parameters: {'mu_one_class': 35, 'mu_sc_first_last_class': 0.6, 'mu_sc_column_one': 14, 'mu_sc_change_class': 16, 'mu_mon': 0.2, 'mu_conc': 0.1, 'mu_thr': 0.08}. Best is trial 27 with value: -208.61326926029804.

Computing using 10 core...
[I 2026-08-12 11:19:27,183] Trial 30 finished with value: -103.97981999918153 and parameters: {'mu_one_class': 36, 'mu_sc_first_last_class': 0.7, 'mu_sc_column_one': 16, 'mu_sc_change_class': 15, 'mu_mon': 0.2, 'mu_conc': 0.09, 'mu_thr': 0.08}. Best is trial 27 with value: -208.61326926029804.

Computing using 10 core...
[I 2026-08-12 11:20:27,997] Trial 31 finished with value: -202.59993110988086 and parameters: {'mu_one_class': 36, 'mu_sc_first_last_class': 0.7, 'mu_sc_column_one': 16, 'mu_sc_change_class': 13, 'mu_mon': 0.1, 'mu_conc': 0.12, 'mu_thr': 0.08}. Best is trial 27 with value: -208.61326926029804.

Computing using 10 core...
[I 2026-08-12 11:21:28,931] Trial 32 finished with value: -202.60662518248057 and parameters: {'mu_one_class': 36, 'mu_sc_first_last_class': 0.8, 'mu_sc_column_one': 16, 'mu_sc_change_class': 13, 'mu_mon': 0.1, 'mu_conc': 0.11, 'mu_thr': 0.08}. Best is trial 27 with value: -208.61326926029804.

Computing using 10 core...
[I 2026-08-12 11:22:29,756] Trial 33 finished with value: -261.61331926035626 and parameters: {'mu_one_class': 37, 'mu_sc_first_last_class': 0.7, 'mu_sc_column_one': 17, 'mu_sc_change_class': 14, 'mu_mon': 0.1, 'mu_conc': 0.1, 'mu_thr': 0.08}. Best is trial 33 with value: -261.61331926035626.

Computing using 10 core...
[I 2026-08-12 11:23:31,633] Trial 34 finished with value: -264.61340926034353 and parameters: {'mu_one_class': 37, 'mu_sc_first_last_class': 0.7, 'mu_sc_column_one': 17, 'mu_sc_change_class': 15, 'mu_mon': 0.1, 'mu_conc': 0.1, 'mu_thr': 0.08}. Best is trial 34 with value: -264.61340926034353.

Computing using 10 core...
[I 2026-08-12 11:24:36,214] Trial 35 finished with value: -196.3570300010277 and parameters: {'mu_one_class': 37, 'mu_sc_first_last_class': 0.6, 'mu_sc_column_one': 17, 'mu_sc_change_class': 16, 'mu_mon': 0.1, 'mu_conc': 0.1, 'mu_thr': 0.09}. Best is trial 34 with value: -264.61340926034353.

Computing using 10 core...
[I 2026-08-12 11:25:42,058] Trial 36 finished with value: 35.90072332874999 and parameters: {'mu_one_class': 37, 'mu_sc_first_last_class': 0.7, 'mu_sc_column_one': 17, 'mu_sc_change_class': 15, 'mu_mon': 0.1, 'mu_conc': 0.09, 'mu_thr': 0.12}. Best is trial 34 with value: -264.61340926034353.

Computing using 10 core...
[I 2026-08-12 11:26:44,013] Trial 37 finished with value: -264.6133492603435 and parameters: {'mu_one_class': 37, 'mu_sc_first_last_class': 0.6, 'mu_sc_column_one': 17, 'mu_sc_change_class': 15, 'mu_mon': 0.1, 'mu_conc': 0.1, 'mu_thr': 0.08}. Best is trial 34 with value: -264.61340926034353.

Computing using 10 core...
[I 2026-08-12 11:27:45,972] Trial 38 finished with value: -264.6133492603435 and parameters: {'mu_one_class': 37, 'mu_sc_first_last_class': 0.6, 'mu_sc_column_one': 17, 'mu_sc_change_class': 15, 'mu_mon': 0.1, 'mu_conc': 0.1, 'mu_thr': 0.08}. Best is trial 34 with value: -264.61340926034353.

Computing using 10 core...
[I 2026-08-12 11:28:50,710] Trial 39 finished with value: -196.36530999765662 and parameters: {'mu_one_class': 37, 'mu_sc_first_last_class': 0.6, 'mu_sc_column_one': 17, 'mu_sc_change_class': 16, 'mu_mon': 0.1, 'mu_conc': 0.09, 'mu_thr': 0.09}. Best is trial 34 with value: -264.61340926034353.

Computing using 10 core...
[I 2026-08-12 11:29:52,589] Trial 40 finished with value: -264.6133492603435 and parameters: {'mu_one_class': 37, 'mu_sc_first_last_class': 0.6, 'mu_sc_column_one': 17, 'mu_sc_change_class': 15, 'mu_mon': 0.1, 'mu_conc': 0.1, 'mu_thr': 0.08}. Best is trial 34 with value: -264.61340926034353.

Computing using 10 core...
[I 2026-08-12 11:30:59,218] Trial 41 finished with value: -264.6133492603435 and parameters: {'mu_one_class': 37, 'mu_sc_first_last_class': 0.6, 'mu_sc_column_one': 17, 'mu_sc_change_class': 15, 'mu_mon': 0.1, 'mu_conc': 0.1, 'mu_thr': 0.08}. Best is trial 34 with value: -264.61340926034353.

Computing using 10 core...
[I 2026-08-12 11:32:12,535] Trial 42 finished with value: -264.6133492603435 and parameters: {'mu_one_class': 37, 'mu_sc_first_last_class': 0.6, 'mu_sc_column_one': 17, 'mu_sc_change_class': 15, 'mu_mon': 0.1, 'mu_conc': 0.1, 'mu_thr': 0.08}. Best is trial 34 with value: -264.61340926034353.

Computing using 10 core...
[I 2026-08-12 11:33:15,823] Trial 43 finished with value: -264.6133492603435 and parameters: {'mu_one_class': 37, 'mu_sc_first_last_class': 0.6, 'mu_sc_column_one': 17, 'mu_sc_change_class': 15, 'mu_mon': 0.1, 'mu_conc': 0.1, 'mu_thr': 0.08}. Best is trial 34 with value: -264.61340926034353.

Computing using 10 core...
[I 2026-08-12 11:34:18,744] Trial 44 finished with value: -264.6133492603435 and parameters: {'mu_one_class': 37, 'mu_sc_first_last_class': 0.6, 'mu_sc_column_one': 17, 'mu_sc_change_class': 15, 'mu_mon': 0.1, 'mu_conc': 0.1, 'mu_thr': 0.08}. Best is trial 34 with value: -264.61340926034353.

Computing using 10 core...
[I 2026-08-12 11:35:24,241] Trial 45 finished with value: -269.95239666582967 and parameters: {'mu_one_class': 37, 'mu_sc_first_last_class': 0.6, 'mu_sc_column_one': 17, 'mu_sc_change_class': 16, 'mu_mon': 0.1, 'mu_conc': 0.09, 'mu_thr': 0.08}. Best is trial 45 with value: -269.95239666582967.

Computing using 10 core...
[I 2026-08-12 11:36:29,817] Trial 46 finished with value: -205.15852852108972 and parameters: {'mu_one_class': 37, 'mu_sc_first_last_class': 0.6, 'mu_sc_column_one': 17, 'mu_sc_change_class': 17, 'mu_mon': 0.1, 'mu_conc': 0.08, 'mu_thr': 0.09}. Best is trial 45 with value: -269.95239666582967.

Computing using 10 core...
[I 2026-08-12 11:37:37,870] Trial 47 finished with value: -269.95239666582967 and parameters: {'mu_one_class': 37, 'mu_sc_first_last_class': 0.6, 'mu_sc_column_one': 17, 'mu_sc_change_class': 16, 'mu_mon': 0.1, 'mu_conc': 0.09, 'mu_thr': 0.08}. Best is trial 45 with value: -269.95239666582967.

Computing using 10 core...
[I 2026-08-12 11:39:25,796] Trial 48 finished with value: -58.99199036848545 and parameters: {'mu_one_class': 37, 'mu_sc_first_last_class': 0.6, 'mu_sc_column_one': 17, 'mu_sc_change_class': 16, 'mu_mon': 0.3, 'mu_conc': 0.08, 'mu_thr': 0.08}. Best is trial 45 with value: -269.95239666582967.

Computing using 10 core...
[I 2026-08-12 11:40:30,705] Trial 49 finished with value: -196.36530999765662 and parameters: {'mu_one_class': 37, 'mu_sc_first_last_class': 0.6, 'mu_sc_column_one': 17, 'mu_sc_change_class': 16, 'mu_mon': 0.1, 'mu_conc': 0.09, 'mu_thr': 0.09}. Best is trial 45 with value: -269.95239666582967.

Computing using 10 core...
[I 2026-08-12 11:41:48,779] Trial 50 finished with value: -71.6839099973752 and parameters: {'mu_one_class': 37, 'mu_sc_first_last_class': 0.6, 'mu_sc_column_one': 17, 'mu_sc_change_class': 17, 'mu_mon': 0.1, 'mu_conc': 0.09, 'mu_thr': 0.11}. Best is trial 45 with value: -269.95239666582967.

Computing using 10 core...
[I 2026-08-12 11:42:52,720] Trial 51 finished with value: -269.95239666582967 and parameters: {'mu_one_class': 37, 'mu_sc_first_last_class': 0.6, 'mu_sc_column_one': 17, 'mu_sc_change_class': 16, 'mu_mon': 0.1, 'mu_conc': 0.09, 'mu_thr': 0.08}. Best is trial 45 with value: -269.95239666582967.

Computing using 10 core...
[I 2026-08-12 11:43:56,401] Trial 52 finished with value: -269.95239666582967 and parameters: {'mu_one_class': 37, 'mu_sc_first_last_class': 0.6, 'mu_sc_column_one': 17, 'mu_sc_change_class': 16, 'mu_mon': 0.1, 'mu_conc': 0.09, 'mu_thr': 0.08}. Best is trial 45 with value: -269.95239666582967.

Computing using 10 core...
[I 2026-08-12 11:45:00,508] Trial 53 finished with value: -269.95239666582967 and parameters: {'mu_one_class': 37, 'mu_sc_first_last_class': 0.6, 'mu_sc_column_one': 17, 'mu_sc_change_class': 16, 'mu_mon': 0.1, 'mu_conc': 0.09, 'mu_thr': 0.08}. Best is trial 45 with value: -269.95239666582967.

Computing using 10 core...
[I 2026-08-12 11:46:04,529] Trial 54 finished with value: -269.95239666582967 and parameters: {'mu_one_class': 37, 'mu_sc_first_last_class': 0.6, 'mu_sc_column_one': 17, 'mu_sc_change_class': 16, 'mu_mon': 0.1, 'mu_conc': 0.09, 'mu_thr': 0.08}. Best is trial 45 with value: -269.95239666582967.

Computing using 10 core...
[I 2026-08-12 11:47:08,502] Trial 55 finished with value: -269.95239666582967 and parameters: {'mu_one_class': 37, 'mu_sc_first_last_class': 0.6, 'mu_sc_column_one': 17, 'mu_sc_change_class': 16, 'mu_mon': 0.1, 'mu_conc': 0.09, 'mu_thr': 0.08}. Best is trial 45 with value: -269.95239666582967.

Computing using 10 core...
[I 2026-08-12 11:48:12,273] Trial 56 finished with value: -269.95989147958994 and parameters: {'mu_one_class': 37, 'mu_sc_first_last_class': 0.6, 'mu_sc_column_one': 17, 'mu_sc_change_class': 16, 'mu_mon': 0.1, 'mu_conc': 0.08, 'mu_thr': 0.08}. Best is trial 56 with value: -269.95989147958994.

Computing using 10 core...
[I 2026-08-12 11:49:16,105] Trial 57 finished with value: -269.95989147958994 and parameters: {'mu_one_class': 37, 'mu_sc_first_last_class': 0.6, 'mu_sc_column_one': 17, 'mu_sc_change_class': 16, 'mu_mon': 0.1, 'mu_conc': 0.08, 'mu_thr': 0.08}. Best is trial 56 with value: -269.95989147958994.

Computing using 10 core...
[I 2026-08-12 11:50:24,603] Trial 58 finished with value: -99.35510148418194 and parameters: {'mu_one_class': 37, 'mu_sc_first_last_class': 0.6, 'mu_sc_column_one': 17, 'mu_sc_change_class': 17, 'mu_mon': 0.2, 'mu_conc': 0.08, 'mu_thr': 0.09}. Best is trial 56 with value: -269.95989147958994.

Computing using 10 core...
[I 2026-08-12 11:51:28,907] Trial 59 finished with value: -269.95989147958994 and parameters: {'mu_one_class': 37, 'mu_sc_first_last_class': 0.6, 'mu_sc_column_one': 17, 'mu_sc_change_class': 16, 'mu_mon': 0.1, 'mu_conc': 0.08, 'mu_thr': 0.08}. Best is trial 56 with value: -269.95989147958994.

Computing using 10 core...
[I 2026-08-12 11:52:35,638] Trial 60 finished with value: -266.36590814716095 and parameters: {'mu_one_class': 36, 'mu_sc_first_last_class': 1.0, 'mu_sc_column_one': 17, 'mu_sc_change_class': 16, 'mu_mon': 0.1, 'mu_conc': 0.08, 'mu_thr': 0.08}. Best is trial 56 with value: -269.95989147958994.

Computing using 10 core...
