[I 2026-08-12 11:53:39,748] Trial 61 finished with value: -269.95989147958994 and parameters: {'mu_one_class': 37, 'mu_sc_first_last_class': 0.6, 'mu_sc_column_one': 17, 'mu_sc_change_class': 16, 'mu_mon': 0.1, 'mu_conc': 0.08, 'mu_thr': 0.08}. Best is trial 56 with value: -269.95989147958994.

Computing using 10 core...
[I 2026-08-12 11:54:44,424] Trial 62 finished with value: -269.95989147958994 and parameters: {'mu_one_class': 37, 'mu_sc_first_last_class': 0.6, 'mu_sc_column_one': 17, 'mu_sc_change_class': 16, 'mu_mon': 0.1, 'mu_conc': 0.08, 'mu_thr': 0.08}. Best is trial 56 with value: -269.95989147958994.

Computing using 10 core...
[I 2026-08-12 11:55:49,014] Trial 63 finished with value: -269.95989147958994 and parameters: {'mu_one_class': 37, 'mu_sc_first_last_class': 0.6, 'mu_sc_column_one': 17, 'mu_sc_change_class': 16, 'mu_mon': 0.1, 'mu_conc': 0.08, 'mu_thr': 0.08}. Best is trial 56 with value: -269.95989147958994.

Computing using 10 core...
[I 2026-08-12 11:56:54,273] Trial 64 finished with value: -274.0657581473199 and parameters: {'mu_one_class': 37, 'mu_sc_first_last_class': 0.6, 'mu_sc_column_one': 17, 'mu_sc_change_class': 17, 'mu_mon': 0.1, 'mu_conc': 0.08, 'mu_thr': 0.08}. Best is trial 64 with value: -274.0657581473199.

Computing using 10 core...
[I 2026-08-12 11:58:08,019] Trial 65 finished with value: -206.13787666484885 and parameters: {'mu_one_class': 37, 'mu_sc_first_last_class': 0.6, 'mu_sc_column_one': 16, 'mu_sc_change_class': 17, 'mu_mon': 0.1, 'mu_conc': 0.08, 'mu_thr': 0.08}. Best is trial 64 with value: -274.0657581473199.

Computing using 10 core...
[I 2026-08-12 11:59:34,114] Trial 66 finished with value: 33.11338258856787 and parameters: {'mu_one_class': 37, 'mu_sc_first_last_class': 0.6, 'mu_sc_column_one': 13, 'mu_sc_change_class': 17, 'mu_mon': 0.1, 'mu_conc': 0.08, 'mu_thr': 0.09}. Best is trial 64 with value: -274.0657581473199.

Computing using 10 core...
[I 2026-08-12 12:00:47,970] Trial 67 finished with value: -463.15018444382156 and parameters: {'mu_one_class': 33, 'mu_sc_first_last_class': 0.6, 'mu_sc_column_one': 17, 'mu_sc_change_class': 17, 'mu_mon': 0.1, 'mu_conc': 0.08, 'mu_thr': 0.08}. Best is trial 67 with value: -463.15018444382156.

Computing using 10 core...
[I 2026-08-12 12:02:13,998] Trial 68 finished with value: -342.6133929622718 and parameters: {'mu_one_class': 33, 'mu_sc_first_last_class': 0.6, 'mu_sc_column_one': 16, 'mu_sc_change_class': 17, 'mu_mon': 0.1, 'mu_conc': 0.08, 'mu_thr': 0.08}. Best is trial 67 with value: -463.15018444382156.

Computing using 10 core...
[I 2026-08-12 12:03:18,848] Trial 69 finished with value: -342.6133929622718 and parameters: {'mu_one_class': 33, 'mu_sc_first_last_class': 0.6, 'mu_sc_column_one': 16, 'mu_sc_change_class': 17, 'mu_mon': 0.1, 'mu_conc': 0.08, 'mu_thr': 0.08}. Best is trial 67 with value: -463.15018444382156.

Computing using 10 core...
[I 2026-08-12 12:04:23,136] Trial 70 finished with value: -279.69340296445546 and parameters: {'mu_one_class': 33, 'mu_sc_first_last_class': 0.6, 'mu_sc_column_one': 16, 'mu_sc_change_class': 17, 'mu_mon': 0.1, 'mu_conc': 0.08, 'mu_thr': 0.09}. Best is trial 67 with value: -463.15018444382156.

Computing using 10 core...
[I 2026-08-12 12:05:28,041] Trial 71 finished with value: -223.67186185191738 and parameters: {'mu_one_class': 33, 'mu_sc_first_last_class': 0.6, 'mu_sc_column_one': 16, 'mu_sc_change_class': 17, 'mu_mon': 0.1, 'mu_conc': 0.08, 'mu_thr': 0.1}. Best is trial 67 with value: -463.15018444382156.

Computing using 10 core...
[I 2026-08-12 12:06:34,937] Trial 72 finished with value: -223.67186185191738 and parameters: {'mu_one_class': 33, 'mu_sc_first_last_class': 0.6, 'mu_sc_column_one': 16, 'mu_sc_change_class': 17, 'mu_mon': 0.1, 'mu_conc': 0.08, 'mu_thr': 0.1}. Best is trial 67 with value: -463.15018444382156.

Computing using 10 core...
[I 2026-08-12 12:07:40,727] Trial 73 finished with value: -166.64837592784932 and parameters: {'mu_one_class': 33, 'mu_sc_first_last_class': 0.6, 'mu_sc_column_one': 15, 'mu_sc_change_class': 17, 'mu_mon': 0.1, 'mu_conc': 0.08, 'mu_thr': 0.09}. Best is trial 67 with value: -463.15018444382156.

Computing using 10 core...
[I 2026-08-12 12:08:44,660] Trial 74 finished with value: -279.69340296445546 and parameters: {'mu_one_class': 33, 'mu_sc_first_last_class': 0.6, 'mu_sc_column_one': 16, 'mu_sc_change_class': 17, 'mu_mon': 0.1, 'mu_conc': 0.08, 'mu_thr': 0.09}. Best is trial 67 with value: -463.15018444382156.
{'mu_one_class': 33, 'mu_sc_first_last_class': 0.6, 'mu_sc_column_one': 17, 'mu_sc_change_class': 17, 'mu_mon': 0.1, 'mu_conc': 0.08, 'mu_thr': 0.08} -463.15018444382156

Numero di configurazioni equivalenti: 1

Configurazione #1: value=-463.15018444382156, params={'mu_one_class': 33, 'mu_sc_first_last_class': 0.6, 'mu_sc_column_one': 17, 'mu_sc_change_class': 17, 'mu_mon': 0.1, 'mu_conc': 0.08, 'mu_thr': 0.08}
